This is pdfTeXk, Version 3.1415926-1.40.9 (Web2C 7.5.7) (format=latex 2010.11.22)  29 NOV 2010 16:42
entering extended mode
 %&-line parsing enabled.
**coding-compilation_guide.tex
(./coding-compilation_guide.tex
LaTeX2e <2005/12/01>
Babel <v3.8l> and hyphenation patterns for english, usenglishmax, dumylang, noh
yphenation, german-x-2008-06-18, ngerman-x-2008-06-18, ancientgreek, ibycus, ar
abic, basque, bulgarian, catalan, pinyin, coptic, croatian, czech, danish, dutc
h, esperanto, estonian, farsi, finnish, french, galician, german, ngerman, mono
greek, greek, hungarian, icelandic, indonesian, interlingua, irish, italian, la
tin, mongolian, mongolian2a, bokmal, nynorsk, polish, portuguese, romanian, rus
sian, sanskrit, serbian, slovak, slovenian, spanish, swedish, turkish, ukenglis
h, ukrainian, uppersorbian, welsh, loaded.
(/usr/share/texmf/tex/latex/koma-script/scrartcl.cls
Document Class: scrartcl 2007/12/24 v2.98 KOMA-Script document class (article)
(/usr/share/texmf/tex/latex/koma-script/scrkbase.sty
Package: scrkbase 2007/12/24 v2.98 KOMA-Script package (basics and keyval use)

(/usr/share/texmf/tex/latex/graphics/keyval.sty
Package: keyval 1999/03/16 v1.13 key=value parser (DPC)
\KV@toks@=\toks14
)
(/usr/share/texmf/tex/latex/koma-script/scrlfile.sty
Package: scrlfile 2007/12/18 v2.98 KOMA-Script package (loading files)

Package scrlfile, 2007/12/18 v2.98 KOMA-Script package (loading files)
                  Copyright (C) Markus Kohm

))
Package scrkbase Info: You've used obsolete option `onecolumn'.
(scrkbase)             \KOMAExecuteOptions{twocolumn=false} will be
(scrkbase)             used instead.
(scrkbase)             You may simply replace `onecolumn'
(scrkbase)             by `twocolumn=false'.
Package scrkbase Info: You've used obsolete option `11pt'.
(scrkbase)             \KOMAExecuteOptions{fontsize=11pt} will be
(scrkbase)             used instead.
(scrkbase)             You may simply replace `11pt'
(scrkbase)             by `fontsize=11pt'.
Class scrartcl Info: File `size11.clo' used to setup font sizes on input line 9
10.
 (/usr/share/texmf/tex/latex/base/size11.clo
File: size11.clo 2005/09/16 v1.4f Standard LaTeX file (size option)
)
(/usr/share/texmf/tex/latex/koma-script/typearea.sty
Package: typearea 2007/12/24 v2.98 KOMA-Script package (type area)

Package typearea, 2007/12/24 v2.98 KOMA-Script package (type area)
                  Copyright (C) Frank Neukam, 1992-1994
                  Copyright (C) Markus Kohm, 1994-

\ta@bcor=\skip41
\ta@div=\count79
Package scrkbase Info: You've used obsolete option `a4paper'.
(scrkbase)             \KOMAExecuteOptions{paper=a4} will be
(scrkbase)             used instead.
(scrkbase)             You may simply replace `a4paper'
(scrkbase)             by `paper=a4'.
Package scrkbase Info: You've used obsolete option `onecolumn'.
(scrkbase)             \KOMAExecuteOptions{twocolumn=false} will be
(scrkbase)             used instead.
(scrkbase)             You may simply replace `onecolumn'
(scrkbase)             by `twocolumn=false'.
\ta@hblk=\skip42
\ta@vblk=\skip43
\ta@temp=\skip44
Package typearea Info: These are the values describing the layout:
(typearea)             DIV  = 10
(typearea)             BCOR = 0.0pt
(typearea)             \paperwidth      = 597.50793pt
(typearea)              \textwidth      = 418.25555pt
(typearea)              DIV-departure   = -6/100
(typearea)              \evensidemargin = 47.2316pt
(typearea)              \oddsidemargin  = -12.5192pt
(typearea)             \paperheight     = 845.04694pt
(typearea)              \textheight     = 595.80026pt
(typearea)              \topmargin      = -25.16531pt
(typearea)              \headheight     = 17.0pt
(typearea)              \headsep        = 20.40001pt
(typearea)              \topskip        = 11.0pt
(typearea)              \footskip       = 47.60002pt
(typearea)              \baselineskip   = 13.6pt
(typearea)              on input line 906.
)
\c@part=\count80
\c@section=\count81
\c@subsection=\count82
\c@subsubsection=\count83
\c@paragraph=\count84
\c@subparagraph=\count85
\abovecaptionskip=\skip45
\belowcaptionskip=\skip46
\c@pti@nb@sid@b@x=\box26
\c@figure=\count86
\c@table=\count87
\bibindent=\dimen102
) (./qgis_style.sty (/usr/share/texmf/tex/latex/base/makeidx.sty
Package: makeidx 2000/03/29 v1.0m Standard LaTeX package
)
\@indexfile=\write3
\openout3 = `coding-compilation_guide.idx'.


Writing index file coding-compilation_guide.idx
(/usr/share/texmf/tex/latex/base/inputenc.sty
Package: inputenc 2006/05/05 v1.1b Input encoding file
\inpenc@prehook=\toks15
\inpenc@posthook=\toks16

(/usr/share/texmf/tex/latex/base/latin1.def
File: latin1.def 2006/05/05 v1.1b Input encoding file
))
(/usr/share/texmf/tex/latex/base/fontenc.sty
Package: fontenc 2005/09/27 v1.99g Standard LaTeX package

(/usr/share/texmf/tex/latex/base/t1enc.def
File: t1enc.def 2005/09/27 v1.99g Standard LaTeX file
LaTeX Font Info:    Redeclaring font encoding T1 on input line 43.
))
(/usr/share/texmf/tex/latex/ae/ae.sty
Package: ae 2001/02/12 1.3 Almost European Computer Modern

(/usr/share/texmf/tex/latex/base/fontenc.sty
Package: fontenc 2005/09/27 v1.99g Standard LaTeX package

(/usr/share/texmf/tex/latex/base/t1enc.def
File: t1enc.def 2005/09/27 v1.99g Standard LaTeX file
LaTeX Font Info:    Redeclaring font encoding T1 on input line 43.
)
LaTeX Font Info:    Try loading font information for T1+aer on input line 100.

(/usr/share/texmf/tex/latex/ae/t1aer.fd
File: t1aer.fd 1997/11/16 Font definitions for T1/aer.
)))
(/usr/share/texmf/tex/latex/ae/aecompl.sty
Package: aecompl 1998/07/23 0.9 T1 Complements for AE fonts (D. Roegel)
)
(/usr/share/texmf/tex/latex/caption/caption.sty
Package: caption 2008/04/01 v3.1h Customizing captions (AR)

(/usr/share/texmf/tex/latex/caption/caption3.sty
Package: caption3 2008/03/20 v3.1h caption3 kernel (AR)
\captionmargin=\dimen103
\captionmargin@=\dimen104
\captionwidth=\dimen105
\caption@indent=\dimen106
\caption@parindent=\dimen107
\caption@hangindent=\dimen108
)
Package caption Info: KOMA-Script document class.
\c@ContinuedFloat=\count88
) (./html.sty
Package: html 1999/07/19 v1.38 hypertext commands for latex2html (nd, hws, rrm)

\c@lpart=\count89
\c@lchapter=\count90
\c@chapter=\count91
\c@lsection=\count92
\c@lsubsection=\count93
\c@lsubsubsection=\count94
\c@lparagraph=\count95
\c@lsubparagraph=\count96
\c@lsubsubparagraph=\count97
\ptrfile=\write4
)
(/usr/share/texmf/tex/latex/psnfss/helvet.sty
Package: helvet 2005/04/12 PSNFSS-v9.2a (WaS) 
)
(/usr/share/texmf/tex/latex/graphics/graphicx.sty
Package: graphicx 1999/02/16 v1.0f Enhanced LaTeX Graphics (DPC,SPQR)

(/usr/share/texmf/tex/latex/graphics/graphics.sty
Package: graphics 2006/02/20 v1.0o Standard LaTeX Graphics (DPC,SPQR)

(/usr/share/texmf/tex/latex/graphics/trig.sty
Package: trig 1999/03/16 v1.09 sin cos tan (DPC)
)
(/usr/lib/texmf/tex/latex/config/graphics.cfg
File: graphics.cfg 2007/01/18 v1.5 graphics configuration of teTeX/TeXLive
)
Package graphics Info: Driver file: dvipdf.def on input line 90.

(/usr/share/texmf/tex/latex/graphics/dvipdf.def
File: dvipdf.def 1999/02/16 v3.0i Driver-dependant file (DPC,SPQR)
))
\Gin@req@height=\dimen109
\Gin@req@width=\dimen110
)
(/usr/share/texmf/tex/latex/graphics/color.sty
Package: color 2005/11/14 v1.0j Standard LaTeX Color (DPC)

(/usr/lib/texmf/tex/latex/config/color.cfg
File: color.cfg 2007/01/18 v1.5 color configuration of teTeX/TeXLive
)
Package color Info: Driver file: dvips.def on input line 130.

(/usr/share/texmf/tex/latex/graphics/dvips.def
File: dvips.def 1999/02/16 v3.0i Driver-dependant file (DPC,SPQR)
)
(/usr/share/texmf/tex/latex/graphics/dvipsnam.def
File: dvipsnam.def 1999/02/16 v3.0i Driver-dependant file (DPC,SPQR)
))
(/usr/share/texmf/tex/latex/natbib/natbib.sty
Package: natbib 2007/10/30 8.1 (PWD)
\bibhang=\skip47
\bibsep=\skip48
LaTeX Info: Redefining \cite on input line 602.
\c@NAT@ctr=\count98
) (./floatflt.sty
Package: floatflt 1997/07/16 v. 1.31
\c@OptionTest=\count99
\figbox=\box27
\tabbox=\box28
\pagebox=\box29
\ffigcount=\count100
\ftabcount=\count101
\fftest=\count102
\hangcount=\count103
\nosuccesstryfig=\count104
\nosuccesstrytab=\count105
\figgutter=\dimen111
\tabgutter=\dimen112
\htdone=\dimen113
\pageht=\dimen114
\startpageht=\dimen115
\tabbredd=\dimen116
\floatfltwidth=\dimen117
\fltitemwidth=\dimen118
\outputpretest=\toks17
)
(/usr/share/texmf/tex/latex/hyphenat/hyphenat.sty
Package: hyphenat 2001/01/02 v2.3a hyphenation utilities
\langwohyphens=\language54
LaTeX Info: Redefining \_ on input line 34.
)
(/usr/share/texmf/tex/latex/fancyhdr/fancyhdr.sty
\fancy@headwidth=\skip49
\f@ncyO@elh=\skip50
\f@ncyO@erh=\skip51
\f@ncyO@olh=\skip52
\f@ncyO@orh=\skip53
\f@ncyO@elf=\skip54
\f@ncyO@erf=\skip55
\f@ncyO@olf=\skip56
\f@ncyO@orf=\skip57
)
(/usr/share/texmf/tex/latex/supertabular/supertabular.sty
Package: supertabular 2004/02/20 v4.1e the supertabular environment
\c@tracingst=\count106
\ST@wd=\dimen119
\ST@rightskip=\skip58
\ST@leftskip=\skip59
\ST@parfillskip=\skip60
\ST@pageleft=\dimen120
\ST@headht=\dimen121
\ST@tailht=\dimen122
\ST@pagesofar=\dimen123
\ST@pboxht=\dimen124
\ST@lineht=\dimen125
\ST@stretchht=\dimen126
\ST@prevht=\dimen127
\ST@toadd=\dimen128
\ST@dimen=\dimen129
\ST@pbox=\box30
)
(/usr/share/texmf/tex/latex/tools/tabularx.sty
Package: tabularx 1999/01/07 v2.07 `tabularx' package (DPC)

(/usr/share/texmf/tex/latex/tools/array.sty
Package: array 2005/08/23 v2.4b Tabular extension package (FMi)
\col@sep=\dimen130
\extrarowheight=\dimen131
\NC@list=\toks18
\extratabsurround=\skip61
\backup@length=\skip62
)
\TX@col@width=\dimen132
\TX@old@table=\dimen133
\TX@old@col=\dimen134
\TX@target=\dimen135
\TX@delta=\dimen136
\TX@cols=\count107
\TX@ftn=\toks19
)
(/usr/share/texmf/tex/latex/rotating/rotating.sty
Package: rotating 2008/06/06 v2.15b rotated objects in LaTeX

(/usr/share/texmf/tex/latex/base/ifthen.sty
Package: ifthen 2001/05/26 v1.1c Standard LaTeX ifthen package (DPC)
)
\c@r@tfl@t=\count108
\rotFPtop=\skip63
\rotFPbot=\skip64
\rot@float@box=\box31
\rot@mess@toks=\toks20
)
(/usr/share/texmf/tex/latex/colortbl/colortbl.sty
Package: colortbl 2001/02/13 v0.1j Color table columns (DPC)
\everycr=\toks21
\minrowclearance=\skip65
)
(/usr/share/texmf/tex/latex/tools/hhline.sty
Package: hhline 1994/05/23 v2.03 Table rule package (DPC)
)
(/usr/share/texmf/tex/latex/footmisc/footmisc.sty
Package: footmisc 2007/06/12 v5.4a a miscellany of footnote facilities
\FN@temptoken=\toks22
\footnotemargin=\dimen137


LaTeX Warning: Command \@makecol  has changed.
               Check if current package is valid.

\c@pp@next@reset=\count109
Package footmisc Info: Declaring symbol style bringhurst on input line 910.
Package footmisc Info: Declaring symbol style chicago on input line 918.
Package footmisc Info: Declaring symbol style wiley on input line 927.
Package footmisc Info: Declaring symbol style lamport-robust on input line 938.

Package footmisc Info: Declaring symbol style lamport* on input line 958.
Package footmisc Info: Declaring symbol style lamport*-robust on input line 979
.
) (/usr/share/texmf/tex/latex/subfigure/subfigure.sty
Package: subfigure 2002/03/15 v2.1.5 subfigure package
\subfigtopskip=\skip66
\subfigcapskip=\skip67
\subfigcaptopadj=\dimen138
\subfigbottomskip=\skip68
\subfigcapmargin=\dimen139
\subfiglabelskip=\skip69
\c@subfigure=\count110
\c@lofdepth=\count111
\c@subtable=\count112
\c@lotdepth=\count113

****************************************
* Local config file subfigure.cfg used *
****************************************
(/usr/share/texmf/tex/latex/subfigure/subfigure.cfg)
\subfig@top=\skip70
\subfig@bottom=\skip71
)
(/usr/share/texmf/tex/latex/placeins/placeins.sty
Package: placeins 2005/04/18  v 2.2
)
(/usr/share/texmf/tex/latex/float/float.sty
Package: float 2001/11/08 v1.3d Float enhancements (AL)
\c@float@type=\count114
\float@exts=\toks23
\float@box=\box32
\@float@everytoks=\toks24
\@floatcapt=\box33
)
\@float@every@karte=\toks25
\c@karte=\count115
 (./bibtopic.sty
Package: bibtopic 2000/10/17 v1.0j Sectioned Bibliographies
\c@btauxfile=\count116
\bt@infilea=\read1
\bt@infileb=\read2
\bt@outfile=\write5
\bt@tempboxa=\box34
)
(/usr/share/texmf/tex/latex/tools/xspace.sty
Package: xspace 2006/05/08 v1.12 Space after command names (DPC,MH)
)
(/usr/share/texmf/tex/latex/hyperref/hyperref.sty
Package: hyperref 2008/08/14 v6.78f Hypertext links for LaTeX

(/usr/share/texmf/tex/generic/oberdiek/ifpdf.sty
Package: ifpdf 2007/12/12 v1.6 Provides the ifpdf switch (HO)
Package ifpdf Info: pdfTeX in pdf mode not detected.
)
(/usr/share/texmf/tex/generic/oberdiek/ifvtex.sty
Package: ifvtex 2007/09/09 v1.3 Switches for detecting VTeX and its modes (HO)
Package ifvtex Info: VTeX not detected.
)
(/usr/share/texmf/tex/generic/ifxetex/ifxetex.sty
Package: ifxetex 2006/08/21 v0.3 Provides ifxetex conditional
)
(/usr/share/texmf/tex/latex/oberdiek/hycolor.sty
Package: hycolor 2008/08/01 v1.3 Code for color options of hyperref/bookmark (H
O)

(/usr/share/texmf/tex/latex/oberdiek/xcolor-patch.sty
Package: xcolor-patch 2008/08/01 xcolor patch
))
\@linkdim=\dimen140
\Hy@linkcounter=\count117
\Hy@pagecounter=\count118

(/usr/share/texmf/tex/latex/hyperref/pd1enc.def
File: pd1enc.def 2008/08/14 v6.78f Hyperref: PDFDocEncoding definition (HO)
)
(/usr/share/texmf/tex/generic/oberdiek/etexcmds.sty
Package: etexcmds 2007/12/12 v1.2 Prefix for e-TeX command names (HO)

(/usr/share/texmf/tex/generic/oberdiek/infwarerr.sty
Package: infwarerr 2007/09/09 v1.2 Providing info/warning/message (HO)
)
Package etexcmds Info: Could not find \expanded.
(etexcmds)             That can mean that you are not using pdfTeX 1.50 or
(etexcmds)             that some package has redefined \expanded.
(etexcmds)             In the latter case, load this package earlier.
)
(/usr/lib/texmf/tex/latex/config/hyperref.cfg
File: hyperref.cfg 2002/06/06 v1.2 hyperref configuration of TeXLive
)
(/usr/share/texmf/tex/latex/oberdiek/kvoptions.sty
Package: kvoptions 2007/10/18 v3.0 Keyval support for LaTeX options (HO)
)
Package hyperref Info: Option `bookmarks' set `true' on input line 2765.
Package hyperref Info: Option `breaklinks' set `true' on input line 2765.
Package hyperref Info: Option `colorlinks' set `true' on input line 2765.
Package hyperref Info: Hyper figures OFF on input line 2876.
Package hyperref Info: Link nesting OFF on input line 2881.
Package hyperref Info: Hyper index ON on input line 2884.
Package hyperref Info: Plain pages OFF on input line 2891.
Package hyperref Info: Backreferencing OFF on input line 2896.

Implicit mode ON; LaTeX internals redefined
Package hyperref Info: Bookmarks ON on input line 3086.
(/usr/share/texmf/tex/latex/ltxmisc/url.sty
\Urlmuskip=\muskip10
Package: url 2006/04/12  ver 3.3  Verb mode for urls, etc.
)
LaTeX Info: Redefining \url on input line 3272.
LaTeX Info: Redefining \hyperref on input line 3283.

(/usr/share/texmf/tex/generic/oberdiek/bitset.sty
Package: bitset 2007/09/28 v1.0 Data type bit set (HO)

(/usr/share/texmf/tex/generic/oberdiek/intcalc.sty
Package: intcalc 2007/09/27 v1.1 Expandable integer calculations (HO)
)
(/usr/share/texmf/tex/generic/oberdiek/bigintcalc.sty
Package: bigintcalc 2007/11/11 v1.1 Expandable big integer calculations (HO)

(/usr/share/texmf/tex/generic/oberdiek/pdftexcmds.sty
Package: pdftexcmds 2007/12/12 v0.3 LuaTeX support for pdfTeX utility functions
 (HO)
Package pdftexcmds Info: LuaTeX not detected on input line 139.
)))
(/usr/share/texmf/tex/generic/oberdiek/kvsetkeys.sty
Package: kvsetkeys 2007/09/29 v1.3 Key value parser with default handler suppor
t (HO)
)
\Fld@menulength=\count119
\Field@Width=\dimen141
\Fld@charsize=\dimen142
\Field@toks=\toks26
Package hyperref Info: Hyper figures OFF on input line 4189.
Package hyperref Info: Link nesting OFF on input line 4194.
Package hyperref Info: Hyper index ON on input line 4197.
Package hyperref Info: backreferencing OFF on input line 4204.
Package hyperref Info: Link coloring ON on input line 4207.
Package hyperref Info: Link coloring with OCG OFF on input line 4214.
Package hyperref Info: PDF/A mode OFF on input line 4219.

(/usr/share/texmf/tex/generic/oberdiek/atbegshi.sty
Package: atbegshi 2008/07/31 v1.9 At begin shipout hook (HO)
)
\Hy@abspage=\count120
\c@Item=\count121
)
*hyperref using driver hdvips*
(/usr/share/texmf/tex/latex/hyperref/hdvips.def
File: hdvips.def 2008/08/14 v6.78f Hyperref driver for dvips

(/usr/share/texmf/tex/latex/hyperref/pdfmark.def
File: pdfmark.def 2008/08/14 v6.78f Hyperref definitions for pdfmark specials


Package hyperref Warning: You have enabled option `breaklinks'.
(hyperref)                But driver `hdvips.def' does not suppport this.
(hyperref)                Expect trouble with the link areas of broken links.

\pdf@docset=\toks27
\pdf@box=\box35
\pdf@toks=\toks28
\pdf@defaulttoks=\toks29
\Fld@listcount=\count122
)) (/usr/share/texmf/tex/latex/fancybox/fancybox.sty
Package: fancybox 2000/09/19 1.3

Style option: `fancybox' v1.3 <2000/09/19> (tvz)
\@fancybox=\box36
\shadowsize=\dimen143
\@Sbox=\box37
\do@VerbBox=\toks30
\the@fancyput=\toks31
\this@fancyput=\toks32
\EndVerbatimTokens=\toks33
\Verbatim@Outfile=\write6
\Verbatim@Infile=\read3
) (/usr/share/texmf/tex/latex/xcolor/xcolor.sty
Package: xcolor 2007/01/21 v2.11 LaTeX color extensions (UK)

(/usr/lib/texmf/tex/latex/config/color.cfg
File: color.cfg 2007/01/18 v1.5 color configuration of teTeX/TeXLive
)
Package xcolor Info: Driver file: dvips.def on input line 225.
LaTeX Info: Redefining \color on input line 702.
Package xcolor Info: Model `cmy' substituted by `cmy0' on input line 1337.
Package xcolor Info: Model `RGB' extended on input line 1353.
Package xcolor Info: Model `HTML' substituted by `rgb' on input line 1355.
Package xcolor Info: Model `Hsb' substituted by `hsb' on input line 1356.
Package xcolor Info: Model `tHsb' substituted by `hsb' on input line 1357.
Package xcolor Info: Model `HSB' substituted by `hsb' on input line 1358.
Package xcolor Info: Model `Gray' substituted by `gray' on input line 1359.
Package xcolor Info: Model `wave' substituted by `hsb' on input line 1360.
)
(/usr/share/texmf/tex/latex/amsmath/amsmath.sty
Package: amsmath 2000/07/18 v2.13 AMS math features
\@mathmargin=\skip72

For additional information on amsmath, use the `?' option.
(/usr/share/texmf/tex/latex/amsmath/amstext.sty
Package: amstext 2000/06/29 v2.01

(/usr/share/texmf/tex/latex/amsmath/amsgen.sty
File: amsgen.sty 1999/11/30 v2.0
\@emptytoks=\toks34
\ex@=\dimen144
))
(/usr/share/texmf/tex/latex/amsmath/amsbsy.sty
Package: amsbsy 1999/11/29 v1.2d
\pmbraise@=\dimen145
)
(/usr/share/texmf/tex/latex/amsmath/amsopn.sty
Package: amsopn 1999/12/14 v2.01 operator names
)
\inf@bad=\count123
LaTeX Info: Redefining \frac on input line 211.
\uproot@=\count124
\leftroot@=\count125
LaTeX Info: Redefining \overline on input line 307.
\classnum@=\count126
\DOTSCASE@=\count127
LaTeX Info: Redefining \ldots on input line 379.
LaTeX Info: Redefining \dots on input line 382.
LaTeX Info: Redefining \cdots on input line 467.
\Mathstrutbox@=\box38
\strutbox@=\box39
\big@size=\dimen146
LaTeX Font Info:    Redeclaring font encoding OML on input line 567.
LaTeX Font Info:    Redeclaring font encoding OMS on input line 568.
\macc@depth=\count128
\c@MaxMatrixCols=\count129
\dotsspace@=\muskip11
\c@parentequation=\count130
\dspbrk@lvl=\count131
\tag@help=\toks35
\row@=\count132
\column@=\count133
\maxfields@=\count134
\andhelp@=\toks36
\eqnshift@=\dimen147
\alignsep@=\dimen148
\tagshift@=\dimen149
\tagwidth@=\dimen150
\totwidth@=\dimen151
\lineht@=\dimen152
\@envbody=\toks37
\multlinegap=\skip73
\multlinetaggap=\skip74
\mathdisplay@stack=\toks38
LaTeX Info: Redefining \[ on input line 2666.
LaTeX Info: Redefining \] on input line 2667.
)
(/usr/share/texmf/tex/latex/amsfonts/amssymb.sty
Package: amssymb 2002/01/22 v2.2d

(/usr/share/texmf/tex/latex/amsfonts/amsfonts.sty
Package: amsfonts 2001/10/25 v2.2f
\symAMSa=\mathgroup4
\symAMSb=\mathgroup5
LaTeX Font Info:    Overwriting math alphabet `\mathfrak' in version `bold'
(Font)                  U/euf/m/n --> U/euf/b/n on input line 132.
))
(/usr/share/texmf/tex/latex/stmaryrd/stmaryrd.sty
Package: stmaryrd 1994/03/03 St Mary's Road symbol package
\symstmry=\mathgroup6
LaTeX Font Info:    Overwriting symbol font `stmry' in version `bold'
(Font)                  U/stmry/m/n --> U/stmry/b/n on input line 89.
))
(./coding-compilation_guide.aux (./title.aux) (./preamble.aux) (./toc.aux)
(./plugins_writing_in_cpp.aux) (./creating_cpp_applications.aux)
(./plugins_writing_in_python.aux) (./creating_pyqgis_applications.aux)
(./help_and_support.aux) (./install.aux) (./coding.aux) (./appendices/gpl.aux)
(./appendices/qgis_qt_gpl_exception.aux) (./appendices/fdl_1.3.aux))
\openout1 = `coding-compilation_guide.aux'.

LaTeX Font Info:    Checking defaults for OML/cmm/m/it on input line 7.
LaTeX Font Info:    ... okay on input line 7.
LaTeX Font Info:    Checking defaults for T1/cmr/m/n on input line 7.
LaTeX Font Info:    ... okay on input line 7.
LaTeX Font Info:    Checking defaults for OT1/cmr/m/n on input line 7.
LaTeX Font Info:    ... okay on input line 7.
LaTeX Font Info:    Checking defaults for OMS/cmsy/m/n on input line 7.
LaTeX Font Info:    ... okay on input line 7.
LaTeX Font Info:    Checking defaults for OMX/cmex/m/n on input line 7.
LaTeX Font Info:    ... okay on input line 7.
LaTeX Font Info:    Checking defaults for U/cmr/m/n on input line 7.
LaTeX Font Info:    ... okay on input line 7.
LaTeX Font Info:    Checking defaults for PD1/pdf/m/n on input line 7.
LaTeX Font Info:    ... okay on input line 7.
LaTeX Font Info:    Try loading font information for T1+phv on input line 7.

(/usr/share/texmf/tex/latex/psnfss/t1phv.fd
File: t1phv.fd 2001/06/04 scalable font definitions for T1/phv.
)
Package caption Info: Begin \AtBeginDocument code.
Package caption Info: float package is loaded.
Package caption Info: floatflt package is loaded.
Package caption Info: hyperref package is loaded.
Package caption Info: rotating package is loaded.
Package caption Info: subfigure package is loaded.
Package caption Info: supertabular package is loaded.
Package caption Info: End \AtBeginDocument code.
Package hyperref Info: Link coloring ON on input line 7.

(/usr/share/texmf/tex/latex/hyperref/nameref.sty
Package: nameref 2007/05/29 v2.31 Cross-referencing by name of section

(/usr/share/texmf/tex/latex/oberdiek/refcount.sty
Package: refcount 2008/08/11 v3.1 Data extraction from references (HO)
)
\c@section@level=\count135
)
LaTeX Info: Redefining \ref on input line 7.
LaTeX Info: Redefining \pageref on input line 7.

(./coding-compilation_guide.out) (./coding-compilation_guide.out)
\@outlinefile=\write7
\openout7 = `coding-compilation_guide.out'.

\AtBeginShipoutBox=\box40
\openout2 = `title.aux'.

 (./title.tex

Package hyperref Warning: No destination for bookmark of \addcontentsline,
(hyperref)                destination is added on input line 4.

File: ./finalpix/qgislogo.eps Graphic file (type eps)
<./finalpix/qgislogo.eps> [1


])
\openout2 = `preamble.aux'.

 (./preamble.tex
LaTeX Font Info:    Font shape `T1/phv/bx/n' in size <10.95> not available
(Font)              Font shape `T1/phv/b/n' tried instead on input line 8.
LaTeX Font Info:    Font shape `T1/phv/bx/n' in size <14.4> not available
(Font)              Font shape `T1/phv/b/n' tried instead on input line 8.
LaTeX Font Info:    Try loading font information for T1+aett on input line 21.

(/usr/share/texmf/tex/latex/ae/t1aett.fd
File: t1aett.fd 1997/11/16 Font definitions for T1/aett.
)
LaTeX Font Info:    Try loading font information for U+msa on input line 21.

(/usr/share/texmf/tex/latex/amsfonts/umsa.fd
File: umsa.fd 2002/01/19 v2.2g AMS font definitions
)
LaTeX Font Info:    Try loading font information for U+msb on input line 21.

(/usr/share/texmf/tex/latex/amsfonts/umsb.fd
File: umsb.fd 2002/01/19 v2.2g AMS font definitions
)
LaTeX Font Info:    Try loading font information for U+stmry on input line 21.

(/usr/share/texmf/tex/latex/stmaryrd/Ustmry.fd)
LaTeX Font Info:    Try loading font information for OMS+phv on input line 68.

(/usr/share/texmf/tex/latex/psnfss/omsphv.fd
File: omsphv.fd 
)

LaTeX Font Warning: Font shape `OMS/phv/bx/n' undefined
(Font)              using `OMS/phv/m/n' instead on input line 68.

LaTeX Font Info:    Font shape `OMS/phv/m/n' in size <10.95> not available
(Font)              Font shape `OMS/cmsy/m/n' tried instead on input line 68.
LaTeX Font Info:    Font shape `OMS/phv/bx/n' in size <10.95> not available
(Font)              Font shape `OMS/cmsy/m/n' tried instead on input line 68.
[2


]) [3]
\openout2 = `toc.aux'.

 (./toc.tex (./coding-compilation_guide.toc
Class scrartcl Info: You've told me to use the font selection of the element
(scrartcl)           `sectioning' that is an alias of element `disposition'
(scrartcl)            on input line 1.
Class scrartcl Info: You've told me to use the font selection of the element
(scrartcl)           `sectioning' that is an alias of element `disposition'
(scrartcl)            on input line 2.
Class scrartcl Info: You've told me to use the font selection of the element
(scrartcl)           `sectioning' that is an alias of element `disposition'
(scrartcl)            on input line 3.
Class scrartcl Info: You've told me to use the font selection of the element
(scrartcl)           `sectioning' that is an alias of element `disposition'
(scrartcl)            on input line 4.
Class scrartcl Info: You've told me to use the font selection of the element
(scrartcl)           `sectioning' that is an alias of element `disposition'
(scrartcl)            on input line 8.
Class scrartcl Info: You've told me to use the font selection of the element
(scrartcl)           `sectioning' that is an alias of element `disposition'
(scrartcl)            on input line 11.
Class scrartcl Info: You've told me to use the font selection of the element
(scrartcl)           `sectioning' that is an alias of element `disposition'
(scrartcl)            on input line 17.
Class scrartcl Info: You've told me to use the font selection of the element
(scrartcl)           `sectioning' that is an alias of element `disposition'
(scrartcl)            on input line 22.
 [4


]
Class scrartcl Info: You've told me to use the font selection of the element
(scrartcl)           `sectioning' that is an alias of element `disposition'
(scrartcl)            on input line 61.
Class scrartcl Info: You've told me to use the font selection of the element
(scrartcl)           `sectioning' that is an alias of element `disposition'
(scrartcl)            on input line 89.
 [5]
Class scrartcl Info: You've told me to use the font selection of the element
(scrartcl)           `sectioning' that is an alias of element `disposition'
(scrartcl)            on input line 107.
Class scrartcl Info: You've told me to use the font selection of the element
(scrartcl)           `sectioning' that is an alias of element `disposition'
(scrartcl)            on input line 114.
Class scrartcl Info: You've told me to use the font selection of the element
(scrartcl)           `sectioning' that is an alias of element `disposition'
(scrartcl)            on input line 115.
Class scrartcl Info: You've told me to use the font selection of the element
(scrartcl)           `sectioning' that is an alias of element `disposition'
(scrartcl)            on input line 117.
)
\tf@toc=\write8
\openout8 = `coding-compilation_guide.toc'.

 [6])
\openout2 = `plugins_writing_in_cpp.aux'.


(./plugins_writing_in_cpp.tex
LaTeX Font Info:    Font shape `T1/phv/m/it' in size <10.95> not available
(Font)              Font shape `T1/phv/m/sl' tried instead on input line 22.
LaTeX Font Info:    Font shape `T1/phv/bx/n' in size <12> not available
(Font)              Font shape `T1/phv/b/n' tried instead on input line 30.
 [1


] [2]
Overfull \hbox (4.01427pt too wide) in paragraph at lines 171--171
[]\T1/aett/m/n/10.95 QgsPointConverterPlugin::QgsPointConverterPlugin(QgisInter
face* iface): mIface(iface)[] 
 []


Underfull \vbox (badness 10000) has occurred while \output is active []

 [3]
[4] [5]
Underfull \vbox (badness 10000) has occurred while \output is active []

 [6]
[7]
Underfull \vbox (badness 10000) has occurred while \output is active []

 [8]
Underfull \vbox (badness 10000) has occurred while \output is active []

 [9]
Underfull \vbox (badness 10000) has occurred while \output is active []

 [10]
Overfull \hbox (21.2276pt too wide) in paragraph at lines 521--521
[]\T1/aett/m/n/10.95 void QgsPointConverterPlugin::convertMultiLineString(QgsGe
ometry* geom, const QString& \[] 
 []


Overfull \hbox (4.01427pt too wide) in paragraph at lines 521--521
[]\T1/aett/m/n/10.95 void QgsPointConverterPlugin::convertMultiPolygon(QgsGeome
try* geom, const QString& \[] 
 []


Underfull \vbox (badness 10000) has occurred while \output is active []

 [11]
Underfull \hbox (badness 10000) in paragraph at lines 525--530
\T1/phv/m/n/10.95 At the end we ex-tract the at-tributes from the ac-tive layer
 us-ing QgsVec-tor-Dat-
 []


Underfull \hbox (badness 2460) in paragraph at lines 525--530
\T1/phv/m/n/10.95 aProvider::fieldNameMap(). For each fea-ture we ex-tract the 
field val-ues us-ing Qgs-Fea-
 []


Underfull \hbox (badness 2384) in paragraph at lines 525--530
\T1/phv/m/n/10.95 for each new point fea-ture. For this step there is no need f
or any furter change in
 []

[12]
Underfull \vbox (badness 10000) has occurred while \output is active []

 [13]
Underfull \vbox (badness 10000) has occurred while \output is active []

 [14]
Overfull \hbox (4.01427pt too wide) in paragraph at lines 829--829
[]      \T1/aett/m/n/10.95 QMap<int, QString>::const_iterator sortedFieldIt = s
ortedFieldMap.constBegin();[] 
 []


Underfull \vbox (badness 10000) has occurred while \output is active []

 [15]
Underfull \vbox (badness 10000) has occurred while \output is active []

 [16]
Overfull \hbox (21.2276pt too wide) in paragraph at lines 829--829
[]\T1/aett/m/n/10.95 void QgsPointConverterPlugin::convertMultiLineString(QgsGe
ometry* geom, const QString& \[] 
 []


Underfull \vbox (badness 10000) has occurred while \output is active []

 [17]
Overfull \hbox (4.01427pt too wide) in paragraph at lines 829--829
[]\T1/aett/m/n/10.95 void QgsPointConverterPlugin::convertMultiPolygon(QgsGeome
try* geom, const QString& \[] 
 []


Underfull \vbox (badness 10000) has occurred while \output is active []

 [18])
[19]
\openout2 = `creating_cpp_applications.aux'.

 (./creating_cpp_applications.tex [20


] [21] [22]
LaTeX Font Info:    Font shape `T1/phv/bx/n' in size <10> not available
(Font)              Font shape `T1/phv/b/n' tried instead on input line 178.
File: ./finalpix/osx.eps Graphic file (type eps)
 <./finalpix/osx.eps>
File: ./finalpix/osx.eps Graphic file (type eps)

<./finalpix/osx.eps>
File: ./finalpix/cpp1_application.eps Graphic file (type eps)
 <./finalpix/cpp1_application.eps> [23] [24]
File: ./finalpix/osx.eps Graphic file (type eps)

<./finalpix/osx.eps>
File: ./finalpix/osx.eps Graphic file (type eps)
 <./finalpix/osx.eps>
File: ./finalpix/cpp2_application.eps Graphic file (type eps)
 <./finalpix/cpp2_application.eps>
[25]) [26]
\openout2 = `plugins_writing_in_python.aux'.

 (./plugins_writing_in_python.tex
Underfull \vbox (badness 1314) has occurred while \output is active []

 [27


]
File: ./finalpix/nix.eps Graphic file (type eps)

<./finalpix/nix.eps>
File: ./finalpix/osx.eps Graphic file (type eps)
 <./finalpix/osx.eps>
File: ./finalpix/win.eps Graphic file (type eps)
 <./finalpix/win.eps>
File: ./finalpix/mActionShowPluginManager.eps Graphic file (type eps)

<./finalpix/mActionShowPluginManager.eps> [28]
File: ./finalpix/mActionShowPluginManager.eps Graphic file (type eps)

<./finalpix/mActionShowPluginManager.eps>
Underfull \hbox (badness 1496) in paragraph at lines 144--147
[]\T1/phv/m/n/10.95 At this point the plu-gin al-ready has the nec-ces-sary in-
fras-truc-ture to ap-pear in the QGIS
 []

[29]
Overfull \hbox (15.48982pt too wide) in paragraph at lines 188--188
[]    \T1/aett/m/n/10.95 self.action = QAction(QIcon(":/plugins/foss4g_plugin/f
oss4g.png"), "FOSS4G plugin",[] 
 []

[30]
Overfull \hbox (21.2276pt too wide) in paragraph at lines 210--210
[]    \T1/aett/m/n/10.95 fileName = QFileDialog.getOpenFileName(None,QString.fr
omLocal8Bit("Select a file:"),[] 
 []


Underfull \vbox (badness 10000) has occurred while \output is active []

 [31])
[32]
\openout2 = `creating_pyqgis_applications.aux'.

 (./creating_pyqgis_applications.tex [33


] [34] [35] [36] [37] [38]
Underfull \vbox (badness 10000) has occurred while \output is active []

 [39]
File: ./finalpix/nix.eps Graphic file (type eps)

<./finalpix/nix.eps>
File: ./finalpix/osx.eps Graphic file (type eps)
 <./finalpix/osx.eps>
File: ./finalpix/win.eps Graphic file (type eps)
 <./finalpix/win.eps>
File: ./finalpix/nix.eps Graphic file (type eps)

<./finalpix/nix.eps>
File: ./finalpix/osx.eps Graphic file (type eps)
 <./finalpix/osx.eps>
File: ./finalpix/win.eps Graphic file (type eps)
 <./finalpix/win.eps>
File: ./finalpix/nix.eps Graphic file (type eps)

<./finalpix/nix.eps>
File: ./finalpix/nix.eps Graphic file (type eps)
 <./finalpix/nix.eps>
File: ./finalpix/python1_application.eps Graphic file (type eps)
 <./finalpix/python1_application.eps>
File: ./finalpix/nix.eps Graphic file (type eps)

<./finalpix/nix.eps>
File: ./finalpix/nix.eps Graphic file (type eps)
 <./finalpix/nix.eps>
File: ./finalpix/python2_application.eps Graphic file (type eps)
 <./finalpix/python2_application.eps>) [40] [41] [42]
\openout2 = `help_and_support.aux'.


No file help_and_support.tex.
\openout2 = `install.aux'.

(./install.tex [43




] [44]
Underfull \vbox (badness 10000) has occurred while \output is active []

 [45]
Underfull \vbox (badness 10000) has occurred while \output is active []

 [46]
[47] [48] [49]
Underfull \hbox (badness 1320) in paragraph at lines 306--309
[]\T1/phv/m/n/10.95 /!$\OMS/cmsy/m/n/10.95 n$ \T1/phv/b/n/10.95 Note: \T1/phv/m
/n/10.95 If you have \T1/aett/m/n/10.95 libqgis1-dev \T1/phv/m/n/10.95 in-stall
ed, you need to re-move it first us-ing \T1/aett/m/n/10.95 dpkg -r
 []

[50] [51] [52]
Overfull \hbox (26.96538pt too wide) in paragraph at lines 475--475
[]\T1/aett/m/n/10.95 sudo apt-get install flex bison libreadline5-dev libncurse
s5-dev lesstif2-dev debhelper \[] 
 []


Overfull \hbox (32.70316pt too wide) in paragraph at lines 475--475
[]\T1/aett/m/n/10.95 python-qt4 swig python-wxversion python-wxgtk2.8 libwxgtk2
.8-0 libwxbase2.8-0 tcl8.4-dev \[] 
 []

[53]
Underfull \hbox (badness 3713) in paragraph at lines 517--520
\T1/phv/m/n/10.95 As for GRASS you can ob-tain the QGIS source code from dif-fe
r-ent sources, for in-
 []


Underfull \hbox (badness 2932) in paragraph at lines 517--520
\T1/phv/m/n/10.95 stance from svn or just by down-load-ing one of the source co
de ar-quives avail-able at
 []

[54] [55]
Overfull \hbox (72.42537pt too wide) in paragraph at lines 585--586
[][][][]\T1/phv/m/n/10.95 http://download.microsoft.com/download/d/c/3/dc3439e7
-5533-4f4c-9ba0-8577685b6e7e/vcsetup.exe[][][][] 
 []


Overfull \hbox (80.99892pt too wide) in paragraph at lines 594--595
[][][][]\T1/phv/m/n/10.95 http://download.microsoft.com/download/f/a/d/fad9efde
-8627-4e7a-8812-c351ba099151/PSDK-x86.exe[][][][] 
 []


Overfull \hbox (36.97292pt too wide) in paragraph at lines 602--609
 [] 
 []

[56] [57]
Underfull \hbox (badness 1990) in paragraph at lines 703--706
[]\T1/phv/m/n/10.95 Install QGIS by build-ing the IN-STALL project. By de-fault
 this will in-stall to c:$\OMS/cmsy/m/n/10.95 n$\T1/phv/m/n/10.95 Program
 []

[58] [59]
Underfull \hbox (badness 7631) in paragraph at lines 786--788
[]\T1/phv/m/n/10.95 If you plan to do some de-bug-ging, you'll need to com-pile
 de-bug ver-sion of Qt:
 []


Underfull \hbox (badness 10000) in paragraph at lines 808--809

 []


Underfull \hbox (badness 10000) in paragraph at lines 814--815

 []

[60]
Overfull \hbox (155.51788pt too wide) in paragraph at lines 816--818
[][][][]$\T1/aett/m/n/10.95 http : / / www . riverbankcomputing . com / softwar
e / sip / download$[][][][] [][][]$http : / / www . riverbankcomputing . com / 
software / pyqt / download$[][][][] 
 []


Underfull \hbox (badness 10000) in paragraph at lines 822--823

 []


Underfull \hbox (badness 10000) in paragraph at lines 831--832

 []


Underfull \hbox (badness 10000) in paragraph at lines 840--841

 []

[61] [62]
Underfull \hbox (badness 10000) in paragraph at lines 945--946

 []

[63]
Underfull \hbox (badness 10000) in paragraph at lines 960--961

 []


Underfull \hbox (badness 10000) in paragraph at lines 972--973

 []

[64]
Underfull \hbox (badness 10000) in paragraph at lines 993--994

 []


Underfull \hbox (badness 10000) in paragraph at lines 1023--1024

 []

[65]
Overfull \hbox (21.2276pt too wide) in paragraph at lines 1047--1047
[]\T1/aett/m/n/10.95 ./configure --prefix=/usr/local --bindir=/usr/local --with
-includes=/usr/local/include \[] 
 []


Underfull \hbox (badness 10000) in paragraph at lines 1058--1059

 []

[66]
Underfull \hbox (badness 10000) in paragraph at lines 1088--1089

 []


Underfull \hbox (badness 10000) in paragraph at lines 1108--1109

 []


Underfull \hbox (badness 10000) in paragraph at lines 1126--1127

 []

[67]
Underfull \hbox (badness 10000) in paragraph at lines 1144--1145

 []


Underfull \hbox (badness 3189) in paragraph at lines 1155--1157
\T1/phv/m/n/10.95 We're done with prepa-ra-tion of MSYS en-vi-ron-ment. Now you
 can delete all stuff in
 []

[68] [69] [70] [71] [72] [73] [74] [75] [76] [77] [78]) [79]
\openout2 = `coding.aux'.

 (./coding.tex
[80


] [81] [82] [83] [84] [85] [86] [87] [88] [89] [90] [91] [92] [93] [94]
[95] [96] [97] [98] [99] [100] [101] [102]
Overfull \hbox (21.2276pt too wide) in paragraph at lines 1065--1065
[]    \T1/aett/m/n/10.95 # For Mac OS X, the executable must be at the root of 
the bundle's executable folder[] 
 []


Overfull \hbox (4.01427pt too wide) in paragraph at lines 1065--1065
[]    \T1/aett/m/n/10.95 INSTALL(TARGETS qgis_${testname} RUNTIME DESTINATION $
{CMAKE_INSTALL_PREFIX}/bin)[] 
 []

[103]
Overfull \hbox (9.75204pt too wide) in paragraph at lines 1131--1131
[]  \T1/aett/m/n/10.95 # For Mac OS X, the executable must be at the root of th
e bundle's executable folder[] 
 []

[104] [105] [106] [107]) [108]
\openout2 = `appendices/gpl.aux'.

 (./appendices/gpl.tex
Underfull \vbox (badness 3068) has occurred while \output is active []

 [109


]
Underfull \vbox (badness 10000) has occurred while \output is active []

 [110]
Underfull \vbox (badness 10000) has occurred while \output is active []

 [111])
Underfull \vbox (badness 10000) has occurred while \output is active []

 [112]
[113]
\openout2 = `appendices/qgis_qt_gpl_exception.aux'.

 (./appendices/qgis_qt_gpl_exception.tex) [114


]
\openout2 = `appendices/fdl_1.3.aux'.

 (./appendices/fdl_1.3.tex

Package hyperref Warning: Token not allowed in a PDF string (PDFDocEncoding),
(hyperref)                removing `\hbox' on input line 1.


Package hyperref Warning: Token not allowed in a PDF string (PDFDocEncoding),
(hyperref)                removing `\z@' on input line 1.


Package hyperref Warning: Token not allowed in a PDF string (PDFDocEncoding),
(hyperref)                removing `\hss' on input line 1.

[115


]
Underfull \vbox (badness 10000) has occurred while \output is active []

 [116]
[117] [118]
Underfull \vbox (badness 10000) has occurred while \output is active []

 [119]
[120] [121] [122]) [123] (./coding-compilation_guide.aux (./title.aux)
(./preamble.aux) (./toc.aux) (./plugins_writing_in_cpp.aux)
(./creating_cpp_applications.aux) (./plugins_writing_in_python.aux)
(./creating_pyqgis_applications.aux) (./help_and_support.aux) (./install.aux)
(./coding.aux) (./appendices/gpl.aux) (./appendices/qgis_qt_gpl_exception.aux)
(./appendices/fdl_1.3.aux))

LaTeX Font Warning: Some font shapes were not available, defaults substituted.

 ) 
Here is how much of TeX's memory you used:
 9561 strings out of 493887
 136430 string characters out of 1157383
 240443 words of memory out of 3500000
 12513 multiletter control sequences out of 10000+50000
 37878 words of font info for 63 fonts, out of 3000000 for 5000
 714 hyphenation exceptions out of 8191
 48i,12n,45p,372b,524s stack positions out of 5000i,500n,10000p,200000b,50000s

Output written on coding-compilation_guide.dvi (129 pages, 504592 bytes).
