\BOOKMARK [1][-]{section*.1}{Title}{}
\BOOKMARK [1][-]{figure.caption.2}{Preamble}{}
\BOOKMARK [1][-]{section*.3}{Table of Contents}{}
\BOOKMARK [1][-]{section.1}{Writing a QGIS Plugin in C++}{}
\BOOKMARK [2][-]{subsection.1.1}{Why C++ and what about licensing}{section.1}
\BOOKMARK [2][-]{subsection.1.2}{Programming a QGIS C++ Plugin in four steps}{section.1}
\BOOKMARK [2][-]{subsection.1.3}{Further information}{section.1}
\BOOKMARK [1][-]{section.2}{Creating C++ Applications}{}
\BOOKMARK [2][-]{subsection.2.1}{Creating a simple mapping widget}{section.2}
\BOOKMARK [2][-]{subsection.2.2}{Working with QgsMapCanvas}{section.2}
\BOOKMARK [1][-]{section.3}{Writing a QGIS Plugin in Python}{}
\BOOKMARK [2][-]{subsection.3.1}{Why Python and what about licensing}{section.3}
\BOOKMARK [2][-]{subsection.3.2}{What needs to be installed to get started}{section.3}
\BOOKMARK [2][-]{subsection.3.3}{Programming a simple PyQGIS Plugin in four steps}{section.3}
\BOOKMARK [2][-]{subsection.3.4}{Uploading the plugin to the repository}{section.3}
\BOOKMARK [2][-]{subsection.3.5}{Further information}{section.3}
\BOOKMARK [1][-]{section.4}{Creating PyQGIS Applications}{}
\BOOKMARK [2][-]{subsection.4.1}{Designing the GUI}{section.4}
\BOOKMARK [2][-]{subsection.4.2}{Creating the MainWindow}{section.4}
\BOOKMARK [2][-]{subsection.4.3}{Finishing Up}{section.4}
\BOOKMARK [2][-]{subsection.4.4}{Running the Application}{section.4}
\BOOKMARK [1][-]{section.5}{Installation Guide}{}
\BOOKMARK [2][-]{subsection.5.1}{Overview}{section.5}
\BOOKMARK [2][-]{subsection.5.2}{Building on GNU/Linux}{section.5}
\BOOKMARK [3][-]{subsubsection.5.2.1}{Building QGIS with Qt 4.x}{subsection.5.2}
\BOOKMARK [3][-]{subsubsection.5.2.2}{Prepare apt}{subsection.5.2}
\BOOKMARK [3][-]{subsubsection.5.2.3}{Install build dependencies}{subsection.5.2}
\BOOKMARK [3][-]{subsubsection.5.2.4}{Setup ccache \(Optional\)}{subsection.5.2}
\BOOKMARK [3][-]{subsubsection.5.2.5}{Prepare your development environment}{subsection.5.2}
\BOOKMARK [3][-]{subsubsection.5.2.6}{Check out the QGIS Source Code}{subsection.5.2}
\BOOKMARK [3][-]{subsubsection.5.2.7}{Starting the compile}{subsection.5.2}
\BOOKMARK [3][-]{subsubsection.5.2.8}{Building Debian packages}{subsection.5.2}
\BOOKMARK [3][-]{subsubsection.5.2.9}{Running QGIS}{subsection.5.2}
\BOOKMARK [3][-]{subsubsection.5.2.10}{A practical case: Building QGIS and GRASS from source on Ubuntu with ECW and MrSID formats support}{subsection.5.2}
\BOOKMARK [2][-]{subsection.5.3}{Building on Windows}{section.5}
\BOOKMARK [3][-]{subsubsection.5.3.1}{Building using MinGW}{subsection.5.3}
\BOOKMARK [3][-]{subsubsection.5.3.2}{Creation of MSYS environment for compilation of Quantum GIS}{subsection.5.3}
\BOOKMARK [2][-]{subsection.5.4}{MacOS X: building using frameworks and Cmake}{section.5}
\BOOKMARK [3][-]{subsubsection.5.4.1}{Install Qt4 from .dmg}{subsection.5.4}
\BOOKMARK [3][-]{subsubsection.5.4.2}{Install development frameworks for QGIS dependencies}{subsection.5.4}
\BOOKMARK [3][-]{subsubsection.5.4.3}{Install CMake for OSX}{subsection.5.4}
\BOOKMARK [3][-]{subsubsection.5.4.4}{Install subversion for OSX}{subsection.5.4}
\BOOKMARK [3][-]{subsubsection.5.4.5}{Check out QGIS from SVN}{subsection.5.4}
\BOOKMARK [3][-]{subsubsection.5.4.6}{Configure the build}{subsection.5.4}
\BOOKMARK [3][-]{subsubsection.5.4.7}{Building}{subsection.5.4}
\BOOKMARK [1][-]{section.6}{QGIS Coding Standards}{}
\BOOKMARK [2][-]{subsection.6.1}{Classes}{section.6}
\BOOKMARK [3][-]{subsubsection.6.1.1}{Names}{subsection.6.1}
\BOOKMARK [3][-]{subsubsection.6.1.2}{Members}{subsection.6.1}
\BOOKMARK [3][-]{subsubsection.6.1.3}{Accessor Functions}{subsection.6.1}
\BOOKMARK [3][-]{subsubsection.6.1.4}{Functions}{subsection.6.1}
\BOOKMARK [2][-]{subsection.6.2}{Qt Designer}{section.6}
\BOOKMARK [3][-]{subsubsection.6.2.1}{Generated Classes}{subsection.6.2}
\BOOKMARK [3][-]{subsubsection.6.2.2}{Dialogs}{subsection.6.2}
\BOOKMARK [2][-]{subsection.6.3}{C++ Files}{section.6}
\BOOKMARK [3][-]{subsubsection.6.3.1}{Names}{subsection.6.3}
\BOOKMARK [3][-]{subsubsection.6.3.2}{Standard Header and License}{subsection.6.3}
\BOOKMARK [3][-]{subsubsection.6.3.3}{SVN Keyword}{subsection.6.3}
\BOOKMARK [2][-]{subsection.6.4}{Variable Names}{section.6}
\BOOKMARK [2][-]{subsection.6.5}{Enumerated Types}{section.6}
\BOOKMARK [2][-]{subsection.6.6}{Global Constants}{section.6}
\BOOKMARK [2][-]{subsection.6.7}{Editing}{section.6}
\BOOKMARK [3][-]{subsubsection.6.7.1}{Tabs}{subsection.6.7}
\BOOKMARK [3][-]{subsubsection.6.7.2}{Indentation}{subsection.6.7}
\BOOKMARK [3][-]{subsubsection.6.7.3}{Braces}{subsection.6.7}
\BOOKMARK [2][-]{subsection.6.8}{API Compatibility}{section.6}
\BOOKMARK [2][-]{subsection.6.9}{Coding Style}{section.6}
\BOOKMARK [3][-]{subsubsection.6.9.1}{Where-ever Possible Generalize Code}{subsection.6.9}
\BOOKMARK [3][-]{subsubsection.6.9.2}{Prefer Having Constants First in Predicates}{subsection.6.9}
\BOOKMARK [3][-]{subsubsection.6.9.3}{Whitespace Can Be Your Friend}{subsection.6.9}
\BOOKMARK [3][-]{subsubsection.6.9.4}{Add Trailing Identifying Comments}{subsection.6.9}
\BOOKMARK [3][-]{subsubsection.6.9.5}{Use Braces Even for Single Line Statements}{subsection.6.9}
\BOOKMARK [3][-]{subsubsection.6.9.6}{Book recommendations}{subsection.6.9}
\BOOKMARK [1][-]{section.7}{SVN Access}{}
\BOOKMARK [2][-]{subsection.7.1}{Accessing the Repository}{section.7}
\BOOKMARK [2][-]{subsection.7.2}{Anonymous Access}{section.7}
\BOOKMARK [2][-]{subsection.7.3}{QGIS documentation sources}{section.7}
\BOOKMARK [2][-]{subsection.7.4}{SVN Documentation}{section.7}
\BOOKMARK [2][-]{subsection.7.5}{Development in branches}{section.7}
\BOOKMARK [3][-]{subsubsection.7.5.1}{Purpose}{subsection.7.5}
\BOOKMARK [3][-]{subsubsection.7.5.2}{Procedure}{subsection.7.5}
\BOOKMARK [3][-]{subsubsection.7.5.3}{Creating a branch}{subsection.7.5}
\BOOKMARK [3][-]{subsubsection.7.5.4}{Merge regularly from trunk to branch}{subsection.7.5}
\BOOKMARK [2][-]{subsection.7.6}{Submitting Patches}{section.7}
\BOOKMARK [3][-]{subsubsection.7.6.1}{Patch file naming}{subsection.7.6}
\BOOKMARK [3][-]{subsubsection.7.6.2}{Create your patch in the top level QGIS source dir}{subsection.7.6}
\BOOKMARK [3][-]{subsubsection.7.6.3}{Including non version controlled files in your patch}{subsection.7.6}
\BOOKMARK [3][-]{subsubsection.7.6.4}{Getting your patch noticed}{subsection.7.6}
\BOOKMARK [3][-]{subsubsection.7.6.5}{Due Diligence}{subsection.7.6}
\BOOKMARK [2][-]{subsection.7.7}{Obtaining SVN Write Access}{section.7}
\BOOKMARK [3][-]{subsubsection.7.7.1}{Procedure once you have access}{subsection.7.7}
\BOOKMARK [1][-]{section.8}{Unit Testing}{}
\BOOKMARK [2][-]{subsection.8.1}{The QGIS testing framework - an overview}{section.8}
\BOOKMARK [2][-]{subsection.8.2}{Creating a unit test}{section.8}
\BOOKMARK [2][-]{subsection.8.3}{Adding your unit test to CMakeLists.txt}{section.8}
\BOOKMARK [2][-]{subsection.8.4}{The ADD\137QGIS\137TEST macro explained}{section.8}
\BOOKMARK [2][-]{subsection.8.5}{Building your unit test}{section.8}
\BOOKMARK [2][-]{subsection.8.6}{Run your tests}{section.8}
\BOOKMARK [1][-]{section.9}{HIG \(Human Interface Guidelines\)}{}
\BOOKMARK [1][-]{section.10}{GNU General Public License}{}
\BOOKMARK [2][-]{subsection.10.1}{Quantum GIS Qt exception for GPL}{section.10}
\BOOKMARK [1][-]{section.11}{toGNU Free Documentation License}{}
