This is pdfTeXk, Version 3.141592-1.40.3 (Web2C 7.5.6) (format=latex 2008.11.4)  24 JAN 2009 07:57
entering extended mode
 %&-line parsing enabled.
**user_guide.tex
(./user_guide.tex
LaTeX2e <2005/12/01>
Babel <v3.8h> and hyphenation patterns for english, usenglishmax, dumylang, noh
yphenation, arabic, farsi, croatian, ukrainian, russian, bulgarian, czech, slov
ak, danish, dutch, finnish, basque, french, german, ngerman, ibycus, greek, mon
ogreek, ancientgreek, hungarian, italian, latin, mongolian, norsk, icelandic, i
nterlingua, turkish, coptic, romanian, welsh, serbian, slovenian, estonian, esp
eranto, uppersorbian, indonesian, polish, portuguese, spanish, catalan, galicia
n, swedish, ukenglish, pinyin, loaded.
(/usr/share/texmf-texlive/tex/latex/koma-script/scrartcl.cls
Document Class: scrartcl 2006/07/30 v2.95b KOMA-Script document class (article)

(/usr/share/texmf-texlive/tex/latex/koma-script/scrkbase.sty
Package: scrkbase 2006/07/30 v2.95b KOMA-Script package (basics and keyval use)


(/usr/share/texmf-texlive/tex/latex/koma-script/scrlfile.sty
Package: scrlfile 2006/03/28 v2.95 KOMA-Script package (loading files)

Package scrlfile, 2006/03/28 v2.95 KOMA-Script package (loading files)
                  Copyright (C) Markus Kohm

) (/usr/share/texmf-texlive/tex/latex/graphics/keyval.sty
Package: keyval 1999/03/16 v1.13 key=value parser (DPC)
\KV@toks@=\toks14
))
Package scrkbase Info: You've used the obsolete option `11pt'.
(scrkbase)             \KOMAoptions{fontsize=11pt} will be used instead.
(scrkbase)             You should do this change too on input line 594.

(/usr/share/texmf-texlive/tex/latex/base/size11.clo
File: size11.clo 2005/09/16 v1.4f Standard LaTeX file (size option)
)
(/usr/share/texmf-texlive/tex/latex/koma-script/typearea.sty
Package: typearea 2006/07/30 v2.95b KOMA-Script package (type area)

Package typearea, 2006/07/30 v2.95b KOMA-Script package (type area)
                  Copyright (C) Frank Neukam, 1992-1994
                  Copyright (C) Markus Kohm, 1994-2002

\ta@bcor=\skip41
\ta@div=\count79
Package scrkbase Info: You've used the obsolete option `onecolumn'.
(scrkbase)             \KOMAoptions{twocolumn=false} will be used instead.
(scrkbase)             You should do this change too on input line 419.
Package scrkbase Info: You've used the obsolete option `a4paper'.
(scrkbase)             \KOMAoptions{paper=a4} will be used instead.
(scrkbase)             You should do this change too on input line 419.
\ta@hblk=\skip42
\ta@vblk=\skip43
\ta@temp=\skip44
Package typearea Info: These are the values describing the layout:
(typearea)             DIV  = 10
(typearea)             BCOR = 0.0pt
(typearea)             \paperwidth      = 597.50793pt
(typearea)              \textwidth      = 418.25555pt
(typearea)              DIV-departure   = -6/100
(typearea)              \evensidemargin = 47.2316pt
(typearea)              \oddsidemargin  = -12.5192pt
(typearea)             \paperheight     = 845.04694pt
(typearea)              \textheight     = 595.80026pt
(typearea)              \topmargin      = -25.16531pt
(typearea)              \headheight     = 17.0pt
(typearea)              \headsep        = 20.40001pt
(typearea)              \topskip        = 11.0pt
(typearea)              \footskip       = 47.60002pt
(typearea)              \baselineskip   = 13.6pt
(typearea)              on input line 832.
)
\c@part=\count80
\c@section=\count81
\c@subsection=\count82
\c@subsubsection=\count83
\c@paragraph=\count84
\c@subparagraph=\count85
\abovecaptionskip=\skip45
\belowcaptionskip=\skip46
\c@pti@nb@sid@b@x=\box26
\c@figure=\count86
\c@table=\count87
\bibindent=\dimen102
) (./qgis_style.sty (/usr/share/texmf-texlive/tex/latex/base/makeidx.sty
Package: makeidx 2000/03/29 v1.0m Standard LaTeX package
)
\@indexfile=\write3
\openout3 = `user_guide.idx'.


Writing index file user_guide.idx
(/usr/share/texmf-texlive/tex/latex/base/inputenc.sty
Package: inputenc 2006/05/05 v1.1b Input encoding file
\inpenc@prehook=\toks15
\inpenc@posthook=\toks16

(/usr/share/texmf-texlive/tex/latex/base/latin1.def
File: latin1.def 2006/05/05 v1.1b Input encoding file
))
(/usr/share/texmf-texlive/tex/latex/base/fontenc.sty
Package: fontenc 2005/09/27 v1.99g Standard LaTeX package

(/usr/share/texmf-texlive/tex/latex/base/t1enc.def
File: t1enc.def 2005/09/27 v1.99g Standard LaTeX file
LaTeX Font Info:    Redeclaring font encoding T1 on input line 43.
))
(/usr/share/texmf-texlive/tex/latex/ae/ae.sty
Package: ae 2001/02/12 1.3 Almost European Computer Modern

(/usr/share/texmf-texlive/tex/latex/base/fontenc.sty
Package: fontenc 2005/09/27 v1.99g Standard LaTeX package

(/usr/share/texmf-texlive/tex/latex/base/t1enc.def
File: t1enc.def 2005/09/27 v1.99g Standard LaTeX file
LaTeX Font Info:    Redeclaring font encoding T1 on input line 43.
)
LaTeX Font Info:    Try loading font information for T1+aer on input line 100.

(/usr/share/texmf-texlive/tex/latex/ae/t1aer.fd
File: t1aer.fd 1997/11/16 Font definitions for T1/aer.
)))
(/usr/share/texmf-texlive/tex/latex/ae/aecompl.sty
Package: aecompl 1998/07/23 0.9 T1 Complements for AE fonts (D. Roegel)
)
(/usr/share/texmf-texlive/tex/latex/caption/caption.sty
Package: caption 2007/01/07 v3.0k Customising captions (AR)

(/usr/share/texmf-texlive/tex/latex/caption/caption3.sty
Package: caption3 2007/01/07 v3.0k caption3 kernel (AR)
\captionmargin=\dimen103
\captionmarginx=\dimen104
\captionwidth=\dimen105
\captionindent=\dimen106
\captionparindent=\dimen107
\captionhangindent=\dimen108
)) (./html.sty
Package: html 1999/07/19 v1.38 hypertext commands for latex2html (nd, hws, rrm)

\c@lpart=\count88
\c@lchapter=\count89
\c@chapter=\count90
\c@lsection=\count91
\c@lsubsection=\count92
\c@lsubsubsection=\count93
\c@lparagraph=\count94
\c@lsubparagraph=\count95
\c@lsubsubparagraph=\count96
\ptrfile=\write4
)
(/usr/share/texmf-texlive/tex/latex/psnfss/helvet.sty
Package: helvet 2005/04/12 PSNFSS-v9.2a (WaS) 
)
(/usr/share/texmf-texlive/tex/latex/graphics/graphicx.sty
Package: graphicx 1999/02/16 v1.0f Enhanced LaTeX Graphics (DPC,SPQR)

(/usr/share/texmf-texlive/tex/latex/graphics/graphics.sty
Package: graphics 2006/02/20 v1.0o Standard LaTeX Graphics (DPC,SPQR)

(/usr/share/texmf-texlive/tex/latex/graphics/trig.sty
Package: trig 1999/03/16 v1.09 sin cos tan (DPC)
)
(/etc/texmf/tex/latex/config/graphics.cfg
File: graphics.cfg 2007/01/18 v1.5 graphics configuration of teTeX/TeXLive
)
Package graphics Info: Driver file: dvipdf.def on input line 90.

(/usr/share/texmf-texlive/tex/latex/graphics/dvipdf.def
File: dvipdf.def 1999/02/16 v3.0i Driver-dependant file (DPC,SPQR)
))
\Gin@req@height=\dimen109
\Gin@req@width=\dimen110
)
(/usr/share/texmf-texlive/tex/latex/graphics/color.sty
Package: color 2005/11/14 v1.0j Standard LaTeX Color (DPC)

(/etc/texmf/tex/latex/config/color.cfg
File: color.cfg 2007/01/18 v1.5 color configuration of teTeX/TeXLive
)
Package color Info: Driver file: dvips.def on input line 130.

(/usr/share/texmf-texlive/tex/latex/graphics/dvips.def
File: dvips.def 1999/02/16 v3.0i Driver-dependant file (DPC,SPQR)
)
(/usr/share/texmf-texlive/tex/latex/graphics/dvipsnam.def
File: dvipsnam.def 1999/02/16 v3.0i Driver-dependant file (DPC,SPQR)
))
(/usr/share/texmf-texlive/tex/latex/natbib/natbib.sty
Package: natbib 2007/02/05 8.0 (PWD)
\bibhang=\skip47
\bibsep=\skip48
LaTeX Info: Redefining \cite on input line 602.
\c@NAT@ctr=\count97
)
(/usr/share/texmf-texlive/tex/latex/floatflt/floatflt.sty
Package: floatflt 1997/07/16 v. 1.31
\c@OptionTest=\count98
\figbox=\box27
\tabbox=\box28
\pagebox=\box29
\ffigcount=\count99
\ftabcount=\count100
\fftest=\count101
\hangcount=\count102
\nosuccesstryfig=\count103
\nosuccesstrytab=\count104
\figgutter=\dimen111
\tabgutter=\dimen112
\htdone=\dimen113
\pageht=\dimen114
\startpageht=\dimen115
\tabbredd=\dimen116
\floatfltwidth=\dimen117
\fltitemwidth=\dimen118
\outputpretest=\toks17
)
(/usr/share/texmf-texlive/tex/latex/hyphenat/hyphenat.sty
Package: hyphenat 2001/01/02 v2.3a hyphenation utilities
\langwohyphens=\language48
LaTeX Info: Redefining \_ on input line 34.
)
(/usr/share/texmf-texlive/tex/latex/fancyhdr/fancyhdr.sty
\fancy@headwidth=\skip49
\f@ncyO@elh=\skip50
\f@ncyO@erh=\skip51
\f@ncyO@olh=\skip52
\f@ncyO@orh=\skip53
\f@ncyO@elf=\skip54
\f@ncyO@erf=\skip55
\f@ncyO@olf=\skip56
\f@ncyO@orf=\skip57
)
(/usr/share/texmf-texlive/tex/latex/supertabular/supertabular.sty
Package: supertabular 2004/02/20 v4.1e the supertabular environment
\c@tracingst=\count105
\ST@wd=\dimen119
\ST@rightskip=\skip58
\ST@leftskip=\skip59
\ST@parfillskip=\skip60
\ST@pageleft=\dimen120
\ST@headht=\dimen121
\ST@tailht=\dimen122
\ST@pagesofar=\dimen123
\ST@pboxht=\dimen124
\ST@lineht=\dimen125
\ST@stretchht=\dimen126
\ST@prevht=\dimen127
\ST@toadd=\dimen128
\ST@dimen=\dimen129
\ST@pbox=\box30
)
(/usr/share/texmf-texlive/tex/latex/tools/tabularx.sty
Package: tabularx 1999/01/07 v2.07 `tabularx' package (DPC)

(/usr/share/texmf-texlive/tex/latex/tools/array.sty
Package: array 2005/08/23 v2.4b Tabular extension package (FMi)
\col@sep=\dimen130
\extrarowheight=\dimen131
\NC@list=\toks18
\extratabsurround=\skip61
\backup@length=\skip62
)
\TX@col@width=\dimen132
\TX@old@table=\dimen133
\TX@old@col=\dimen134
\TX@target=\dimen135
\TX@delta=\dimen136
\TX@cols=\count106
\TX@ftn=\toks19
)
(/usr/share/texmf-texlive/tex/latex/rotating/rotating.sty
Package: rotating 1997/09/26, v2.13 Rotation package

(/usr/share/texmf-texlive/tex/latex/base/ifthen.sty
Package: ifthen 2001/05/26 v1.1c Standard LaTeX ifthen package (DPC)
)
\c@r@tfl@t=\count107
\rot@float@box=\box31
)
(/usr/share/texmf-texlive/tex/latex/colortbl/colortbl.sty
Package: colortbl 2001/02/13 v0.1j Color table columns (DPC)
\everycr=\toks20
\minrowclearance=\skip63
)
(/usr/share/texmf-texlive/tex/latex/tools/hhline.sty
Package: hhline 1994/05/23 v2.03 Table rule package (DPC)
)
(/usr/share/texmf-texlive/tex/latex/footmisc/footmisc.sty
Package: footmisc 2005/03/17 v5.3d a miscellany of footnote facilities
\FN@temptoken=\toks21
\footnotemargin=\dimen137


LaTeX Warning: Command \@makecol  has changed.
               Check if current package is valid.

\c@pp@next@reset=\count108
Package footmisc Info: Declaring symbol style bringhurst on input line 817.
Package footmisc Info: Declaring symbol style chicago on input line 818.
Package footmisc Info: Declaring symbol style wiley on input line 819.
Package footmisc Info: Declaring symbol style lamport-robust on input line 823.

Package footmisc Info: Declaring symbol style lamport* on input line 831.
Package footmisc Info: Declaring symbol style lamport*-robust on input line 840
.
) (/usr/share/texmf-texlive/tex/latex/subfigure/subfigure.sty
Package: subfigure 2002/03/15 v2.1.5 subfigure package
\subfigtopskip=\skip64
\subfigcapskip=\skip65
\subfigcaptopadj=\dimen138
\subfigbottomskip=\skip66
\subfigcapmargin=\dimen139
\subfiglabelskip=\skip67
\c@subfigure=\count109
\c@lofdepth=\count110
\c@subtable=\count111
\c@lotdepth=\count112

****************************************
* Local config file subfigure.cfg used *
****************************************
(/usr/share/texmf-texlive/tex/latex/subfigure/subfigure.cfg)
\subfig@top=\skip68
\subfig@bottom=\skip69
)
(/usr/share/texmf-texlive/tex/latex/placeins/placeins.sty
Package: placeins 2005/04/18  v 2.2
)
(/usr/share/texmf-texlive/tex/latex/float/float.sty
Package: float 2001/11/08 v1.3d Float enhancements (AL)
\c@float@type=\count113
\float@exts=\toks22
\float@box=\box32
\@float@everytoks=\toks23
\@floatcapt=\box33
)
\@float@every@karte=\toks24
\c@karte=\count114
 (./bibtopic.sty
Package: bibtopic 2000/10/17 v1.0j Sectioned Bibliographies
\c@btauxfile=\count115
\bt@infilea=\read1
\bt@infileb=\read2
\bt@outfile=\write5
\bt@tempboxa=\box34
)
(/usr/share/texmf-texlive/tex/latex/tools/xspace.sty
Package: xspace 2006/05/08 v1.12 Space after command names (DPC,MH)
)
(/usr/share/texmf-texlive/tex/latex/hyperref/hyperref.sty
Package: hyperref 2007/02/07 v6.75r Hypertext links for LaTeX
\@linkdim=\dimen140
\Hy@linkcounter=\count116
\Hy@pagecounter=\count117

(/usr/share/texmf-texlive/tex/latex/hyperref/pd1enc.def
File: pd1enc.def 2007/02/07 v6.75r Hyperref: PDFDocEncoding definition (HO)
)
(/etc/texmf/tex/latex/config/hyperref.cfg
File: hyperref.cfg 2002/06/06 v1.2 hyperref configuration of TeXLive
)
(/usr/share/texmf-texlive/tex/latex/oberdiek/kvoptions.sty
Package: kvoptions 2006/08/22 v2.4 Connects package keyval with LaTeX options (
HO)
)
Package hyperref Info: Option `bookmarks' set `true' on input line 2238.
Package hyperref Info: Option `breaklinks' set `true' on input line 2238.
Package hyperref Info: Option `colorlinks' set `true' on input line 2238.
Package hyperref Info: Hyper figures OFF on input line 2288.
Package hyperref Info: Link nesting OFF on input line 2293.
Package hyperref Info: Hyper index ON on input line 2296.
Package hyperref Info: Plain pages OFF on input line 2303.
Package hyperref Info: Backreferencing OFF on input line 2308.

Implicit mode ON; LaTeX internals redefined
Package hyperref Info: Bookmarks ON on input line 2444.
(/etc/texmf/tex/latex/html/url.sty
Package: url 1999/03/02  ver 1.4  Verb mode for urls, email addresses, and file
 names
)
LaTeX Info: Redefining \url on input line 2599.
LaTeX Info: Redefining \hyperref on input line 2610.
\Fld@menulength=\count118
\Field@Width=\dimen141
\Fld@charsize=\dimen142
\Choice@toks=\toks25
\Field@toks=\toks26
Package hyperref Info: Hyper figures OFF on input line 3102.
Package hyperref Info: Link nesting OFF on input line 3107.
Package hyperref Info: Hyper index ON on input line 3110.
Package hyperref Info: backreferencing OFF on input line 3117.
Package hyperref Info: Link coloring ON on input line 3120.
\Hy@abspage=\count119
\c@Item=\count120
)
*hyperref using driver hdvips*
(/usr/share/texmf-texlive/tex/latex/hyperref/hdvips.def
File: hdvips.def 2007/02/07 v6.75r Hyperref driver for dvips

(/usr/share/texmf-texlive/tex/latex/hyperref/pdfmark.def
File: pdfmark.def 2007/02/07 v6.75r Hyperref definitions for pdfmark specials
\pdf@docset=\toks27
\pdf@box=\box35
\pdf@toks=\toks28
\pdf@defaulttoks=\toks29
\Fld@listcount=\count121
))
(/usr/share/texmf-texlive/tex/latex/fancybox/fancybox.sty
Package: fancybox 2000/09/19 1.3

Style option: `fancybox' v1.3 <2000/09/19> (tvz)
\@fancybox=\box36
\shadowsize=\dimen143
\@Sbox=\box37
\do@VerbBox=\toks30
\the@fancyput=\toks31
\this@fancyput=\toks32
\EndVerbatimTokens=\toks33
\Verbatim@Outfile=\write6
\Verbatim@Infile=\read3
) (/usr/share/texmf/tex/latex/xcolor/xcolor.sty
Package: xcolor 2007/01/21 v2.11 LaTeX color extensions (UK)

(/etc/texmf/tex/latex/config/color.cfg
File: color.cfg 2007/01/18 v1.5 color configuration of teTeX/TeXLive
)
Package xcolor Info: Driver file: dvips.def on input line 225.
LaTeX Info: Redefining \color on input line 702.
Package xcolor Info: Model `cmy' substituted by `cmy0' on input line 1337.
Package xcolor Info: Model `RGB' extended on input line 1353.
Package xcolor Info: Model `HTML' substituted by `rgb' on input line 1355.
Package xcolor Info: Model `Hsb' substituted by `hsb' on input line 1356.
Package xcolor Info: Model `tHsb' substituted by `hsb' on input line 1357.
Package xcolor Info: Model `HSB' substituted by `hsb' on input line 1358.
Package xcolor Info: Model `Gray' substituted by `gray' on input line 1359.
Package xcolor Info: Model `wave' substituted by `hsb' on input line 1360.
)
(/usr/share/texmf-texlive/tex/latex/amsmath/amsmath.sty
Package: amsmath 2000/07/18 v2.13 AMS math features
\@mathmargin=\skip70

For additional information on amsmath, use the `?' option.
(/usr/share/texmf-texlive/tex/latex/amsmath/amstext.sty
Package: amstext 2000/06/29 v2.01

(/usr/share/texmf-texlive/tex/latex/amsmath/amsgen.sty
File: amsgen.sty 1999/11/30 v2.0
\@emptytoks=\toks34
\ex@=\dimen144
))
(/usr/share/texmf-texlive/tex/latex/amsmath/amsbsy.sty
Package: amsbsy 1999/11/29 v1.2d
\pmbraise@=\dimen145
)
(/usr/share/texmf-texlive/tex/latex/amsmath/amsopn.sty
Package: amsopn 1999/12/14 v2.01 operator names
)
\inf@bad=\count122
LaTeX Info: Redefining \frac on input line 211.
\uproot@=\count123
\leftroot@=\count124
LaTeX Info: Redefining \overline on input line 307.
\classnum@=\count125
\DOTSCASE@=\count126
LaTeX Info: Redefining \ldots on input line 379.
LaTeX Info: Redefining \dots on input line 382.
LaTeX Info: Redefining \cdots on input line 467.
\Mathstrutbox@=\box38
\strutbox@=\box39
\big@size=\dimen146
LaTeX Font Info:    Redeclaring font encoding OML on input line 567.
LaTeX Font Info:    Redeclaring font encoding OMS on input line 568.
\macc@depth=\count127
\c@MaxMatrixCols=\count128
\dotsspace@=\muskip10
\c@parentequation=\count129
\dspbrk@lvl=\count130
\tag@help=\toks35
\row@=\count131
\column@=\count132
\maxfields@=\count133
\andhelp@=\toks36
\eqnshift@=\dimen147
\alignsep@=\dimen148
\tagshift@=\dimen149
\tagwidth@=\dimen150
\totwidth@=\dimen151
\lineht@=\dimen152
\@envbody=\toks37
\multlinegap=\skip71
\multlinetaggap=\skip72
\mathdisplay@stack=\toks38
LaTeX Info: Redefining \[ on input line 2666.
LaTeX Info: Redefining \] on input line 2667.
)
(/usr/share/texmf-texlive/tex/latex/amsfonts/amssymb.sty
Package: amssymb 2002/01/22 v2.2d

(/usr/share/texmf-texlive/tex/latex/amsfonts/amsfonts.sty
Package: amsfonts 2001/10/25 v2.2f
\symAMSa=\mathgroup4
\symAMSb=\mathgroup5
LaTeX Font Info:    Overwriting math alphabet `\mathfrak' in version `bold'
(Font)                  U/euf/m/n --> U/euf/b/n on input line 132.
))
(/usr/share/texmf-texlive/tex/latex/stmaryrd/stmaryrd.sty
Package: stmaryrd 1994/03/03 St Mary's Road symbol package
\symstmry=\mathgroup6
LaTeX Font Info:    Overwriting symbol font `stmry' in version `bold'
(Font)                  U/stmry/m/n --> U/stmry/b/n on input line 89.
)) (./user_guide.aux
(./title.aux) (./preamble.aux) (./toc.aux) (./forward.aux) (./conventions.aux)
(./introduction.aux) (./getting_started.aux) (./features_at_a_glance.aux)
(./working_with_vector.aux) (./working_with_raster.aux) (./working_with_ogc.aux
) (./working_with_projections.aux) (./grass_integration.aux)
(./print_composer.aux) (./plugins.aux) (./core_plugins.aux)
(./plugins_coordinate_capture.aux) (./plugins_decorations.aux)
(./plugins_delimited_text.aux) (./plugins_dxf2shape_converter.aux)
(./plugins_georeferencer.aux) (./plugins_quick_print.aux) (./plugins_gps.aux)
(./plugins_graticule_creator.aux) (./plugins_interpolation.aux)
(./plugins_mapserver_export.aux) (./plugins_ogr_converter.aux)
(./external_plugins.aux) (./plugins_writing_in_cpp.aux)
(./plugins_writing_in_python.aux) (./creating_cpp_applications.aux)
(./creating_pyqgis_applications.aux) (./help_and_support.aux)
(./appendices/supported_data_formats.aux)
(./appendices/grass_toolbox_modules.aux) (./install.aux) (./coding.aux)
(./appendices/gpl.aux) (./appendices/qgis_qt_gpl_exception.aux)
(./literature.aux) (./index.aux))
\openout1 = `user_guide.aux'.

LaTeX Font Info:    Checking defaults for OML/cmm/m/it on input line 8.
LaTeX Font Info:    ... okay on input line 8.
LaTeX Font Info:    Checking defaults for T1/cmr/m/n on input line 8.
LaTeX Font Info:    ... okay on input line 8.
LaTeX Font Info:    Checking defaults for OT1/cmr/m/n on input line 8.
LaTeX Font Info:    ... okay on input line 8.
LaTeX Font Info:    Checking defaults for OMS/cmsy/m/n on input line 8.
LaTeX Font Info:    ... okay on input line 8.
LaTeX Font Info:    Checking defaults for OMX/cmex/m/n on input line 8.
LaTeX Font Info:    ... okay on input line 8.
LaTeX Font Info:    Checking defaults for U/cmr/m/n on input line 8.
LaTeX Font Info:    ... okay on input line 8.
LaTeX Font Info:    Checking defaults for PD1/pdf/m/n on input line 8.
LaTeX Font Info:    ... okay on input line 8.
LaTeX Font Info:    Try loading font information for T1+phv on input line 8.

(/usr/share/texmf-texlive/tex/latex/psnfss/t1phv.fd
File: t1phv.fd 2001/06/04 scalable font definitions for T1/phv.
)
(/usr/share/texmf-texlive/tex/latex/ragged2e/ragged2e.sty
Package: ragged2e 2003/03/25 v2.04 ragged2e Package (MS)

(/usr/share/texmf-texlive/tex/latex/everysel/everysel.sty
Package: everysel 1999/06/08 v1.03 EverySelectfont Package (MS)
LaTeX Info: Redefining \selectfont on input line 125.
)
\CenteringLeftskip=\skip73
\RaggedLeftLeftskip=\skip74
\RaggedRightLeftskip=\skip75
\CenteringRightskip=\skip76
\RaggedLeftRightskip=\skip77
\RaggedRightRightskip=\skip78
\CenteringParfillskip=\skip79
\RaggedLeftParfillskip=\skip80
\RaggedRightParfillskip=\skip81
\JustifyingParfillskip=\skip82
\CenteringParindent=\skip83
\RaggedLeftParindent=\skip84
\RaggedRightParindent=\skip85
\JustifyingParindent=\skip86
)
Package caption Info: KOMA-Script class detected on input line 8.
Package caption Info: float package v1.3 (or newer) detected on input line 8.
Package caption Info: hyperref package v6.74m (or newer) detected on input line
 8.
Package caption Info: rotating package v2.0 (or newer) detected on input line 8
.
Package caption Info: supertabular package detected on input line 8.
Package hyperref Info: Link coloring ON on input line 8.

(/usr/share/texmf-texlive/tex/latex/hyperref/nameref.sty
Package: nameref 2006/12/27 v2.28 Cross-referencing by name of section

(/usr/share/texmf-texlive/tex/latex/oberdiek/refcount.sty
Package: refcount 2006/02/20 v3.0 Data extraction from references (HO)
)
\c@section@level=\count134
)
LaTeX Info: Redefining \ref on input line 8.
LaTeX Info: Redefining \pageref on input line 8.
 (./user_guide.out)
(./user_guide.out)
\@outlinefile=\write7
\openout7 = `user_guide.out'.

\openout2 = `title.aux'.

 (./title.tex

Package hyperref Warning: No destination for bookmark of \addcontentsline,
(hyperref)                destination is added on input line 4.

File: ./finalpix/qgis_icon_new_verylarge.eps Graphic file (type eps)
<./finalpix/qgis_icon_new_verylarge.eps> [1


])
\openout2 = `preamble.aux'.

 (./preamble.tex
\@float@every@Tip=\toks39
\c@Tip=\count135
LaTeX Font Info:    Font shape `T1/phv/bx/n' in size <10.95> not available
(Font)              Font shape `T1/phv/b/n' tried instead on input line 21.
LaTeX Font Info:    Font shape `T1/phv/bx/n' in size <14.4> not available
(Font)              Font shape `T1/phv/b/n' tried instead on input line 21.
LaTeX Font Info:    Try loading font information for T1+aett on input line 36.

(/usr/share/texmf-texlive/tex/latex/ae/t1aett.fd
File: t1aett.fd 1997/11/16 Font definitions for T1/aett.
)
LaTeX Font Info:    Try loading font information for U+msa on input line 36.

(/usr/share/texmf-texlive/tex/latex/amsfonts/umsa.fd
File: umsa.fd 2002/01/19 v2.2g AMS font definitions
)
LaTeX Font Info:    Try loading font information for U+msb on input line 36.

(/usr/share/texmf-texlive/tex/latex/amsfonts/umsb.fd
File: umsb.fd 2002/01/19 v2.2g AMS font definitions
)
LaTeX Font Info:    Try loading font information for U+stmry on input line 36.

(/usr/share/texmf-texlive/tex/latex/stmaryrd/Ustmry.fd)
LaTeX Font Info:    Try loading font information for OMS+phv on input line 82.

(/usr/share/texmf-texlive/tex/latex/psnfss/omsphv.fd
File: omsphv.fd 
)

LaTeX Font Warning: Font shape `OMS/phv/bx/n' undefined
(Font)              using `OMS/phv/m/n' instead on input line 82.

LaTeX Font Info:    Font shape `OMS/phv/m/n' in size <10.95> not available
(Font)              Font shape `OMS/cmsy/m/n' tried instead on input line 82.
LaTeX Font Info:    Font shape `OMS/phv/bx/n' in size <10.95> not available
(Font)              Font shape `OMS/cmsy/m/n' tried instead on input line 82.
) [2


]
\openout2 = `toc.aux'.

 (./toc.tex (./user_guide.toc [3


] [4] [5]
Overfull \hbox (2.21146pt too wide) detected at line 141
\T1/phv/m/n/10.95 12.10 
 []


Overfull \hbox (1.48863pt too wide) detected at line 142
\T1/phv/m/n/10.95 12.10.1 
 []


Overfull \hbox (1.48863pt too wide) detected at line 143
\T1/phv/m/n/10.95 12.10.2 
 []


Overfull \hbox (1.48863pt too wide) detected at line 144
\T1/phv/m/n/10.95 12.10.3 
 []


Overfull \hbox (2.21146pt too wide) detected at line 145
\T1/phv/m/n/10.95 12.11 
 []


Underfull \vbox (badness 1028) has occurred while \output is active []

 [6]
[7] [8] [9] [10])
\tf@toc=\write8
\openout8 = `user_guide.toc'.

 [11] (./user_guide.lof
File: ./finalpix/nix.eps Graphic file (type eps)
 <./finalpix/nix.eps>
File: ./finalpix/win.eps Graphic file (type eps)

<./finalpix/win.eps>
File: ./finalpix/nix.eps Graphic file (type eps)
 <./finalpix/nix.eps>
File: ./finalpix/nix.eps Graphic file (type eps)
 <./finalpix/nix.eps>
File: ./finalpix/nix.eps Graphic file (type eps)

<./finalpix/nix.eps>
File: ./finalpix/nix.eps Graphic file (type eps)
 <./finalpix/nix.eps>
File: ./finalpix/nix.eps Graphic file (type eps)
 <./finalpix/nix.eps>
File: ./finalpix/nix.eps Graphic file (type eps)

<./finalpix/nix.eps>
File: ./finalpix/nix.eps Graphic file (type eps)
 <./finalpix/nix.eps>
File: ./finalpix/nix.eps Graphic file (type eps)
 <./finalpix/nix.eps>
File: ./finalpix/nix.eps Graphic file (type eps)

<./finalpix/nix.eps>
File: ./finalpix/nix.eps Graphic file (type eps)
 <./finalpix/nix.eps>
File: ./finalpix/nix.eps Graphic file (type eps)
 <./finalpix/nix.eps>
File: ./finalpix/nix.eps Graphic file (type eps)

<./finalpix/nix.eps>
File: ./finalpix/nix.eps Graphic file (type eps)
 <./finalpix/nix.eps>
File: ./finalpix/nix.eps Graphic file (type eps)
 <./finalpix/nix.eps>
File: ./finalpix/nix.eps Graphic file (type eps)

<./finalpix/nix.eps>
File: ./finalpix/nix.eps Graphic file (type eps)
 <./finalpix/nix.eps>
File: ./finalpix/nix.eps Graphic file (type eps)
 <./finalpix/nix.eps>
File: ./finalpix/nix.eps Graphic file (type eps)

<./finalpix/nix.eps>
File: ./finalpix/nix.eps Graphic file (type eps)
 <./finalpix/nix.eps>
File: ./finalpix/nix.eps Graphic file (type eps)
 <./finalpix/nix.eps>
File: ./finalpix/nix.eps Graphic file (type eps)

<./finalpix/nix.eps>
File: ./finalpix/nix.eps Graphic file (type eps)
 <./finalpix/nix.eps>
File: ./finalpix/nix.eps Graphic file (type eps)
 <./finalpix/nix.eps>
File: ./finalpix/nix.eps Graphic file (type eps)

<./finalpix/nix.eps>
File: ./finalpix/nix.eps Graphic file (type eps)
 <./finalpix/nix.eps>
File: ./finalpix/nix.eps Graphic file (type eps)
 <./finalpix/nix.eps>
File: ./finalpix/nix.eps Graphic file (type eps)

<./finalpix/nix.eps>
File: ./finalpix/nix.eps Graphic file (type eps)
 <./finalpix/nix.eps>
File: ./finalpix/nix.eps Graphic file (type eps)
 <./finalpix/nix.eps>
File: ./finalpix/nix.eps Graphic file (type eps)

<./finalpix/nix.eps>
File: ./finalpix/nix.eps Graphic file (type eps)
 <./finalpix/nix.eps>
File: ./finalpix/nix.eps Graphic file (type eps)
 <./finalpix/nix.eps>
File: ./finalpix/nix.eps Graphic file (type eps)

<./finalpix/nix.eps>
File: ./finalpix/nix.eps Graphic file (type eps)
 <./finalpix/nix.eps>
File: ./finalpix/nix.eps Graphic file (type eps)
 <./finalpix/nix.eps>
File: ./finalpix/nix.eps Graphic file (type eps)

<./finalpix/nix.eps>
File: ./finalpix/nix.eps Graphic file (type eps)
 <./finalpix/nix.eps>
File: ./finalpix/nix.eps Graphic file (type eps)
 <./finalpix/nix.eps> [12]
File: ./finalpix/nix.eps Graphic file (type eps)

<./finalpix/nix.eps>
File: ./finalpix/nix.eps Graphic file (type eps)
 <./finalpix/nix.eps>
File: ./finalpix/nix.eps Graphic file (type eps)
 <./finalpix/nix.eps>
File: ./finalpix/nix.eps Graphic file (type eps)

<./finalpix/nix.eps>
File: ./finalpix/nix.eps Graphic file (type eps)
 <./finalpix/nix.eps>
File: ./finalpix/nix.eps Graphic file (type eps)
 <./finalpix/nix.eps>
LaTeX Font Info:    Font shape `T1/phv/m/it' in size <10.95> not available
(Font)              Font shape `T1/phv/m/sl' tried instead on input line 65.
File: ./finalpix/nix.eps Graphic file (type eps)

<./finalpix/nix.eps>
File: ./finalpix/nix.eps Graphic file (type eps)
 <./finalpix/nix.eps>
File: ./finalpix/nix.eps Graphic file (type eps)
 <./finalpix/nix.eps>
File: ./finalpix/nix.eps Graphic file (type eps)

<./finalpix/nix.eps>
File: ./finalpix/nix.eps Graphic file (type eps)
 <./finalpix/nix.eps>
File: ./finalpix/nix.eps Graphic file (type eps)
 <./finalpix/nix.eps>
File: ./finalpix/nix.eps Graphic file (type eps)

<./finalpix/nix.eps>
File: ./finalpix/nix.eps Graphic file (type eps)
 <./finalpix/nix.eps>
File: ./finalpix/nix.eps Graphic file (type eps)
 <./finalpix/nix.eps>
File: ./finalpix/nix.eps Graphic file (type eps)

<./finalpix/nix.eps>
File: ./finalpix/osx.eps Graphic file (type eps)
 <./finalpix/osx.eps>
File: ./finalpix/osx.eps Graphic file (type eps)
 <./finalpix/osx.eps>)
\tf@lof=\write9
\openout9 = `user_guide.lof'.

 [13]
(./user_guide.lot)
\tf@lot=\write10
\openout10 = `user_guide.lot'.

 [14] (./user_guide.lox [15])
\tf@lox=\write11
\openout11 = `user_guide.lox'.

 [16])
\openout2 = `forward.aux'.

 (./forward.tex
Package hyperref Info: bookmark level for unknown Tip defaults to 0 on input li
ne 35.
LaTeX Font Info:    Font shape `T1/phv/bx/n' in size <12> not available
(Font)              Font shape `T1/phv/b/n' tried instead on input line 42.
 [1


]
[2]
Underfull \hbox (badness 10000) in paragraph at lines 124--141

 []


Underfull \hbox (badness 10000) in paragraph at lines 124--141

 []


Underfull \hbox (badness 10000) in paragraph at lines 141--147

 []

) [3]
\openout2 = `conventions.aux'.

 (./conventions.tex
File: ./finalpix/mActionAddRasterLayer.eps Graphic file (type eps)
 <./finalpix/mActionAddRasterLayer.eps>
File: ./finalpix/mActionAddRasterLayer.eps Graphic file (type eps)

<./finalpix/mActionAddRasterLayer.eps>
File: ./finalpix/nviz.1.eps Graphic file (type eps)
 <./finalpix/nviz.1.eps>

Package amsmath Warning: Foreign command \atop;
(amsmath)                \frac or \genfrac should be used instead
(amsmath)                 on input line 413.

[4


]
File: ./finalpix/nix.eps Graphic file (type eps)
 <./finalpix/nix.eps>
File: ./finalpix/win.eps Graphic file (type eps)
 <./finalpix/win.eps>
File: ./finalpix/osx.eps Graphic file (type eps)
 <./finalpix/osx.eps>
File: ./finalpix/nix.eps Graphic file (type eps)

<./finalpix/nix.eps>
File: ./finalpix/win.eps Graphic file (type eps)
 <./finalpix/win.eps>
File: ./finalpix/osx.eps Graphic file (type eps)
 <./finalpix/osx.eps>
File: ./finalpix/nix.eps Graphic file (type eps)

<./finalpix/nix.eps>
File: ./finalpix/osx.eps Graphic file (type eps)
 <./finalpix/osx.eps>
File: ./finalpix/win.eps Graphic file (type eps)
 <./finalpix/win.eps>) [5]
\openout2 = `introduction.aux'.


(./introduction.tex
LaTeX Font Info:    Font shape `T1/phv/m/it' in size <9> not available
(Font)              Font shape `T1/phv/m/sl' tried instead on input line 12.
 [6


] [7]) [8]
\openout2 = `getting_started.aux'.

 (./getting_started.tex
File: ./finalpix/win.eps Graphic file (type eps)
 <./finalpix/win.eps>
File: ./finalpix/osx.eps Graphic file (type eps)

<./finalpix/osx.eps>
File: ./finalpix/nix.eps Graphic file (type eps)
 <./finalpix/nix.eps>
File: ./finalpix/win.eps Graphic file (type eps)
 <./finalpix/win.eps>
File: ./finalpix/nix.eps Graphic file (type eps)

<./finalpix/nix.eps>
File: ./finalpix/osx.eps Graphic file (type eps)
 <./finalpix/osx.eps> [9


]
Underfull \hbox (badness 2418) in paragraph at lines 79--82
[]\T1/phv/m/n/10.95 If you in-tend to use QGIS as graph-i-cal fron-tend for GRA
SS, you can find a se-lec-tion
 []


Underfull \hbox (badness 1383) in paragraph at lines 79--82
\T1/phv/m/n/10.95 of sam-ple lo-ca-tions (e.g. Spearfish or South Dakota) at th
e of-fi-cial GRASS GIS-website
 []

File: ./finalpix/nix.eps Graphic file (type eps)
<./finalpix/nix.eps>
File: ./finalpix/win.eps Graphic file (type eps)
 <./finalpix/win.eps>
File: ./finalpix/osx.eps Graphic file (type eps)
 <./finalpix/osx.eps>
File: ./finalpix/mActionAddRasterLayer.eps Graphic file (type eps)

<./finalpix/mActionAddRasterLayer.eps> [10]
File: ./finalpix/mActionAddOgrLayer.eps Graphic file (type eps)

<./finalpix/mActionAddOgrLayer.eps>
LaTeX Font Info:    Font shape `T1/phv/bx/n' in size <10> not available
(Font)              Font shape `T1/phv/b/n' tried instead on input line 120.
File: ./finalpix/nix.eps Graphic file (type eps)
 <./finalpix/nix.eps>
File: ./finalpix/nix.eps Graphic file (type eps)
 <./finalpix/nix.eps>
File: ./finalpix/simple_session.eps Graphic file (type eps)

<./finalpix/simple_session.eps>) [11]
\openout2 = `features_at_a_glance.aux'.

 (./features_at_a_glance.tex
File: ./finalpix/nix.eps Graphic file (type eps)

<./finalpix/nix.eps>
File: ./finalpix/win.eps Graphic file (type eps)
 <./finalpix/win.eps>
File: ./finalpix/osx.eps Graphic file (type eps)
 <./finalpix/osx.eps>
File: ./finalpix/nix.eps Graphic file (type eps)

<./finalpix/nix.eps>
File: ./finalpix/win.eps Graphic file (type eps)
 <./finalpix/win.eps>
File: ./finalpix/osx.eps Graphic file (type eps)
 <./finalpix/osx.eps>
File: ./finalpix/nix.eps Graphic file (type eps)

<./finalpix/nix.eps> [12


]

LaTeX Font Warning: Font shape `T1/aett/bx/n' undefined
(Font)              using `T1/aett/m/n' instead on input line 72.

File: ./finalpix/win.eps Graphic file (type eps)
<./finalpix/win.eps>
File: ./finalpix/win.eps Graphic file (type eps)
 <./finalpix/win.eps>
File: ./finalpix/startup1_0_0.eps Graphic file (type eps)
 <./finalpix/startup1_0_0.eps>
[13] [14]
File: ./finalpix/mActionFileNew.eps Graphic file (type eps)
 <./finalpix/mActionFileNew.eps>
File: ./finalpix/mActionFileOpen.eps Graphic file (type eps)
 <./finalpix/mActionFileOpen.eps>
File: ./finalpix/mActionFileSave.eps Graphic file (type eps)

<./finalpix/mActionFileSave.eps>
File: ./finalpix/mActionFileSaveAs.eps Graphic file (type eps)
 <./finalpix/mActionFileSaveAs.eps>
File: ./finalpix/mActionSaveMapAsImage.eps Graphic file (type eps)

<./finalpix/mActionSaveMapAsImage.eps>
File: ./finalpix/mActionFilePrint.eps Graphic file (type eps)
 <./finalpix/mActionFilePrint.eps>
File: ./finalpix/mActionFileExit.eps Graphic file (type eps)

<./finalpix/mActionFileExit.eps>
File: ./finalpix/mActionEditCut.eps Graphic file (type eps)
 <./finalpix/mActionEditCut.eps>
File: ./finalpix/mActionEditCopy.eps Graphic file (type eps)

<./finalpix/mActionEditCopy.eps>
File: ./finalpix/mActionEditPaste.eps Graphic file (type eps)
 <./finalpix/mActionEditPaste.eps>
File: ./finalpix/mActionCapturePoint.eps Graphic file (type eps)

<./finalpix/mActionCapturePoint.eps>
File: ./finalpix/mActionCaptureLine.eps Graphic file (type eps)
 <./finalpix/mActionCaptureLine.eps>
File: ./finalpix/mActionCapturePolygon.eps Graphic file (type eps)

<./finalpix/mActionCapturePolygon.eps>
File: ./finalpix/mActionPan.eps Graphic file (type eps)
 <./finalpix/mActionPan.eps>
File: ./finalpix/mActionZoomIn.eps Graphic file (type eps)

<./finalpix/mActionZoomIn.eps>
File: ./finalpix/mActionZoomOut.eps Graphic file (type eps)
 <./finalpix/mActionZoomOut.eps>
File: ./finalpix/mActionSelect.eps Graphic file (type eps)

<./finalpix/mActionSelect.eps>
File: ./finalpix/mActionIdentify.eps Graphic file (type eps)
 <./finalpix/mActionIdentify.eps>
File: ./finalpix/mActionMeasure.eps Graphic file (type eps)

<./finalpix/mActionMeasure.eps>
File: ./finalpix/mActionMeasureArea.eps Graphic file (type eps)
 <./finalpix/mActionMeasureArea.eps>
File: ./finalpix/mActionOpenTable.eps Graphic file (type eps)

<./finalpix/mActionOpenTable.eps>
File: ./finalpix/mActionZoomToLayer.eps Graphic file (type eps)
 <./finalpix/mActionZoomToLayer.eps>
File: ./finalpix/mActionZoomToSelected.eps Graphic file (type eps)

<./finalpix/mActionZoomToSelected.eps>
File: ./finalpix/mActionZoomLast.eps Graphic file (type eps)
 <./finalpix/mActionZoomLast.eps>
File: ./finalpix/mActionMapTips.eps Graphic file (type eps)

<./finalpix/mActionMapTips.eps>
File: ./finalpix/mActionNewBookmark.eps Graphic file (type eps)
 <./finalpix/mActionNewBookmark.eps> [15]
File: ./finalpix/mActionShowBookmarks.eps Graphic file (type eps)

<./finalpix/mActionShowBookmarks.eps>
File: ./finalpix/mActionDraw.eps Graphic file (type eps)
 <./finalpix/mActionDraw.eps>
File: ./finalpix/mActionNewVectorLayer.eps Graphic file (type eps)

<./finalpix/mActionNewVectorLayer.eps>
File: ./finalpix/mActionAddNonDbLayer.eps Graphic file (type eps)
 <./finalpix/mActionAddNonDbLayer.eps>
File: ./finalpix/mActionAddRasterLayer.eps Graphic file (type eps)

<./finalpix/mActionAddRasterLayer.eps>
File: ./finalpix/mActionAddLayer.eps Graphic file (type eps)
 <./finalpix/mActionAddLayer.eps>
File: ./finalpix/mActionAddWmsLayer.eps Graphic file (type eps)

<./finalpix/mActionAddWmsLayer.eps>
File: ./finalpix/mActionOpenTable.eps Graphic file (type eps)
 <./finalpix/mActionOpenTable.eps>
File: ./finalpix/mActionToggleEditing.eps Graphic file (type eps)

<./finalpix/mActionToggleEditing.eps>
File: ./finalpix/mActionRemoveLayer.eps Graphic file (type eps)
 <./finalpix/mActionRemoveLayer.eps>
File: ./finalpix/mActionInOverview.eps Graphic file (type eps)

<./finalpix/mActionInOverview.eps>
File: ./finalpix/mActionAddAllToOverview.eps Graphic file (type eps)
 <./finalpix/mActionAddAllToOverview.eps>
File: ./finalpix/mActionRemoveAllFromOverview.eps Graphic file (type eps)

<./finalpix/mActionRemoveAllFromOverview.eps>
File: ./finalpix/mActionHideAllLayers.eps Graphic file (type eps)

<./finalpix/mActionHideAllLayers.eps>
File: ./finalpix/mActionShowAllLayers.eps Graphic file (type eps)
 <./finalpix/mActionShowAllLayers.eps>
File: ./finalpix/mActionProjectProperties.eps Graphic file (type eps)

<./finalpix/mActionProjectProperties.eps>
File: ./finalpix/mActionCustomProjection.eps Graphic file (type eps)

<./finalpix/mActionCustomProjection.eps>
File: ./finalpix/mActionOptions.eps Graphic file (type eps)
 <./finalpix/mActionOptions.eps>
File: ./finalpix/mActionShowPluginManager.eps Graphic file (type eps)

<./finalpix/mActionShowPluginManager.eps> [16]
File: ./finalpix/mActionHelpContents.eps Graphic file (type eps)

<./finalpix/mActionHelpContents.eps>
File: ./finalpix/mActionQgisHomePage.eps Graphic file (type eps)
 <./finalpix/mActionQgisHomePage.eps>
File: ./finalpix/mActionCheckQgisVersion.eps Graphic file (type eps)

<./finalpix/mActionCheckQgisVersion.eps>
File: ./finalpix/mActionHelpAbout.eps Graphic file (type eps)
 <./finalpix/mActionHelpAbout.eps>
[17] [18] [19]
File: ./finalpix/mIconProjectionEnabled.eps Graphic file (type eps)
 <./finalpix/mIconProjectionEnabled.eps> [20] [21]
File: ./finalpix/mActionMeasure.eps Graphic file (type eps)

<./finalpix/mActionMeasure.eps>
File: ./finalpix/mActionMeasureArea.eps Graphic file (type eps)
 <./finalpix/mActionMeasureArea.eps>
File: ./finalpix/nix.eps Graphic file (type eps)

<./finalpix/nix.eps>
File: ./finalpix/nix.eps Graphic file (type eps)
 <./finalpix/nix.eps>
File: ./finalpix/measure_line.eps Graphic file (type eps)
 <./finalpix/measure_line.eps>
File: ./finalpix/measure_area.eps Graphic file (type eps)

<./finalpix/measure_area.eps>

LaTeX Warning: `h' float specifier changed to `ht'.

File: ./finalpix/mActionFileSave.eps Graphic file (type eps)
<./finalpix/mActionFileSave.eps>
File: ./finalpix/mActionFileSaveAs.eps Graphic file (type eps)
 <./finalpix/mActionFileSaveAs.eps>
File: ./finalpix/mActionFileOpen.eps Graphic file (type eps)

<./finalpix/mActionFileOpen.eps>
File: ./finalpix/mActionFileNew.eps Graphic file (type eps)
 <./finalpix/mActionFileNew.eps>
Underfull \hbox (badness 4205) in paragraph at lines 728--735
[]\T1/phv/m/n/10.95 Load saved projects into a QGIS ses-sion us-ing [] > [] or 
[] >
 []

[22]
Underfull \hbox (badness 1038) in paragraph at lines 745--752
[]\T1/phv/m/n/10.95 The project file is saved in XML for-mat, so it is pos-si-b
le to edit the file out-side QGIS if
 []

File: ./finalpix/mActionSaveMapAsImage.eps Graphic file (type eps)
<./finalpix/mActionSaveMapAsImage.eps>
File: ./finalpix/mActionFilePrint.eps Graphic file (type eps)
 <./finalpix/mActionFilePrint.eps>
File: ./finalpix/mActionOptions.eps Graphic file (type eps)

<./finalpix/mActionOptions.eps>
File: ./finalpix/mActionOptions.eps Graphic file (type eps)
 <./finalpix/mActionOptions.eps> [23] [24]
File: ./finalpix/nix.eps Graphic file (type eps)

<./finalpix/nix.eps>
File: ./finalpix/osx.eps Graphic file (type eps)
 <./finalpix/osx.eps>
File: ./finalpix/win.eps Graphic file (type eps)
 <./finalpix/win.eps> [25]) [26]
\openout2 = `working_with_vector.aux'.


(./working_with_vector.tex
File: ./finalpix/mActionAddNonDbLayer.eps Graphic file (type eps)
 <./finalpix/mActionAddNonDbLayer.eps>
File: ./finalpix/mActionAddNonDbLayer.eps Graphic file (type eps)

<./finalpix/mActionAddNonDbLayer.eps>
File: ./finalpix/nix.eps Graphic file (type eps)
 <./finalpix/nix.eps>
File: ./finalpix/nix.eps Graphic file (type eps)

<./finalpix/nix.eps>
File: ./finalpix/shapefileopendialog.eps Graphic file (type eps)
 <./finalpix/shapefileopendialog.eps> [27


]
File: ./finalpix/nix.eps Graphic file (type eps)

<./finalpix/nix.eps>
File: ./finalpix/nix.eps Graphic file (type eps)
 <./finalpix/nix.eps>
File: ./finalpix/shapefileloaded.eps Graphic file (type eps)
 <./finalpix/shapefileloaded.eps>
[28]
File: ./finalpix/mActionAddNonDbLayer.eps Graphic file (type eps)
 <./finalpix/mActionAddNonDbLayer.eps>
File: ./finalpix/mActionAddNonDbLayer.eps Graphic file (type eps)

<./finalpix/mActionAddNonDbLayer.eps>
Underfull \hbox (badness 2027) in paragraph at lines 126--134
\T1/phv/m/n/10.95 Loading an ArcInfo cov-er-age is done us-ing the same method 
as with a shape-files and
 []


Underfull \hbox (badness 3657) in paragraph at lines 126--134
\T1/phv/m/n/10.95 Map-Info lay-ers. Click on the [] [] tool-bar but-ton or type
 [] to
 []

[29]
File: ./finalpix/mActionAddLayer.eps Graphic file (type eps)
 <./finalpix/mActionAddLayer.eps>
File: ./finalpix/mActionAddLayer.eps Graphic file (type eps)
 <./finalpix/mActionAddLayer.eps>
File: ./finalpix/mActionAddLayer.eps Graphic file (type eps)

<./finalpix/mActionAddLayer.eps> [30]
Underfull \hbox (badness 1189) in paragraph at lines 210--212
[]\T1/phv/m/n/10.95 Once all pa-ram-e-ters and op-tions are set, you can test t
he con-nec-tion by click-ing on the
 []

File: ./finalpix/nix.eps Graphic file (type eps)
<./finalpix/nix.eps>
File: ./finalpix/win.eps Graphic file (type eps)
 <./finalpix/win.eps>
File: ./finalpix/mActionAddLayer.eps Graphic file (type eps)
 <./finalpix/mActionAddLayer.eps>
File: ./finalpix/mActionAddLayer.eps Graphic file (type eps)

<./finalpix/mActionAddLayer.eps>
Underfull \hbox (badness 6252) in paragraph at lines 234--236
[]\T1/phv/m/n/10.95 If the  [][][] di-a-log is not al-ready open, click on the 
[]
 []

[31] [32]
File: ./finalpix/spiticon.eps Graphic file (type eps)
 <./finalpix/spiticon.eps>
File: ./finalpix/spiticon.eps Graphic file (type eps)
 <./finalpix/spiticon.eps>
Underfull \hbox (badness 6412) in paragraph at lines 316--323
[]\T1/phv/m/n/10.95 To im-port a shape-file, click on the [] [] tool in the too
l-bar to open the
 []

[33]
File: ./finalpix/nix.eps Graphic file (type eps)
 <./finalpix/nix.eps>
File: ./finalpix/osx.eps Graphic file (type eps)
 <./finalpix/osx.eps> [34]
File: ./finalpix/nix.eps Graphic file (type eps)
 <./finalpix/nix.eps>
File: ./finalpix/nix.eps Graphic file (type eps)

<./finalpix/nix.eps>
File: ./finalpix/vectorLayerSymbology.eps Graphic file (type eps)
 <./finalpix/vectorLayerSymbology.eps>
Underfull \vbox (badness 10000) has occurred while \output is active []

 [35]
[36]
File: ./finalpix/nix.eps Graphic file (type eps)
 <./finalpix/nix.eps>
File: ./finalpix/nix.eps Graphic file (type eps)
 <./finalpix/nix.eps>
File: ./finalpix/vectorClassifySingle.eps Graphic file (type eps)

<./finalpix/vectorClassifySingle.eps>
File: ./finalpix/vectorClassifyGraduated.eps Graphic file (type eps)
 <./finalpix/vectorClassifyGraduated.eps>
File: ./finalpix/vectorClassifyContinous.eps Graphic file (type eps)

<./finalpix/vectorClassifyContinous.eps>
File: ./finalpix/vectorClassifyUnique.eps Graphic file (type eps)
 <./finalpix/vectorClassifyUnique.eps>
[37] [38] [39] [40]
File: ./finalpix/mActionOpenTable.eps Graphic file (type eps)
 <./finalpix/mActionOpenTable.eps>
File: ./finalpix/mActionOpenTable.eps Graphic file (type eps)

<./finalpix/mActionOpenTable.eps>
File: ./finalpix/nix.eps Graphic file (type eps)
 <./finalpix/nix.eps>
File: ./finalpix/osx.eps Graphic file (type eps)
 <./finalpix/osx.eps>
[41]
File: ./finalpix/nix.eps Graphic file (type eps)
 <./finalpix/nix.eps>
File: ./finalpix/nix.eps Graphic file (type eps)
 <./finalpix/nix.eps>
File: ./finalpix/action_identifyaction.eps Graphic file (type eps)

<./finalpix/action_identifyaction.eps>
Underfull \vbox (badness 3713) has occurred while \output is active []

 [42]
Underfull \hbox (badness 10000) in paragraph at lines 748--753
[]\T1/phv/m/n/10.95 When we click on the ac-tion, it brings up Fire-fox and nav
-i-gates to the URL
 []

[43] [44]
File: ./finalpix/mActionOptions.eps Graphic file (type eps)
 <./finalpix/mActionOptions.eps>
File: ./finalpix/mActionOptions.eps Graphic file (type eps)
 <./finalpix/mActionOptions.eps>
Underfull \hbox (badness 10000) in paragraph at lines 844--849
[]\T1/phv/m/n/10.95 A layer based snap-ping tol-er-ance can be de-fined by choo
s-ing [] >
 []


Underfull \hbox (badness 2591) in paragraph at lines 844--849
[]\T1/phv/m/n/10.95 . In the [] tab, sec-tion \T1/phv/b/n/10.95 Dig-i-tize \T1/
phv/m/n/10.95 you can click on
 []


Underfull \hbox (badness 1221) in paragraph at lines 844--849
[] \T1/phv/m/n/10.95 to en-able and ad-just snap-ping mode and tol-er-ance on a
 layer
 []

File: ./finalpix/nix.eps Graphic file (type eps)
<./finalpix/nix.eps>
File: ./finalpix/nix.eps Graphic file (type eps)
 <./finalpix/nix.eps>
File: ./finalpix/editProjectSnapping.eps Graphic file (type eps)
 <./finalpix/editProjectSnapping.eps>
Underfull \vbox (badness 10000) has occurred while \output is active []

 [45]
File: ./finalpix/mActionOptions.eps Graphic file (type eps)

<./finalpix/mActionOptions.eps>
File: ./finalpix/mActionOptions.eps Graphic file (type eps)
 <./finalpix/mActionOptions.eps>
Underfull \hbox (badness 10000) in paragraph at lines 877--882
\T1/phv/m/n/10.95 Besides layer based snap-ping op-tions the [] tab in menu [] 
->
 []

File: ./finalpix/mActionToggleEditing.eps Graphic file (type eps)
<./finalpix/mActionToggleEditing.eps>
File: ./finalpix/mActionOptions.eps Graphic file (type eps)
 <./finalpix/mActionOptions.eps>
File: ./finalpix/mActionToggleEditing.eps Graphic file (type eps)

<./finalpix/mActionToggleEditing.eps>
File: ./finalpix/mActionToggleEditing.eps Graphic file (type eps)
 <./finalpix/mActionToggleEditing.eps>
[46]
File: ./finalpix/mActionCapturePoint.eps Graphic file (type eps)
 <./finalpix/mActionCapturePoint.eps>
File: ./finalpix/mActionCaptureLine.eps Graphic file (type eps)
 <./finalpix/mActionCaptureLine.eps>
File: ./finalpix/mActionCapturePolygon.eps Graphic file (type eps)

<./finalpix/mActionCapturePolygon.eps>
File: ./finalpix/mActionAddRing.eps Graphic file (type eps)
 <./finalpix/mActionAddRing.eps>
File: ./finalpix/mActionAddIsland.eps Graphic file (type eps)

<./finalpix/mActionAddIsland.eps>
File: ./finalpix/mActionSplitFeatures.eps Graphic file (type eps)
 <./finalpix/mActionSplitFeatures.eps>
[47]
File: ./finalpix/mActionMoveFeature.eps Graphic file (type eps)
 <./finalpix/mActionMoveFeature.eps>
File: ./finalpix/mActionMoveVertex.eps Graphic file (type eps)
 <./finalpix/mActionMoveVertex.eps>
File: ./finalpix/mActionAddVertex.eps Graphic file (type eps)

<./finalpix/mActionAddVertex.eps>
File: ./finalpix/mActionDeleteVertex.eps Graphic file (type eps)
 <./finalpix/mActionDeleteVertex.eps>
File: ./finalpix/mActionDeleteSelected.eps Graphic file (type eps)

<./finalpix/mActionDeleteSelected.eps>
File: ./finalpix/mActionEditCut.eps Graphic file (type eps)
 <./finalpix/mActionEditCut.eps>
File: ./finalpix/mActionEditCopy.eps Graphic file (type eps)

<./finalpix/mActionEditCopy.eps>
File: ./finalpix/mActionEditPaste.eps Graphic file (type eps)
 <./finalpix/mActionEditPaste.eps>
File: ./finalpix/mActionPan.eps Graphic file (type eps)

<./finalpix/mActionPan.eps>
File: ./finalpix/mActionZoomIn.eps Graphic file (type eps)
 <./finalpix/mActionZoomIn.eps>
File: ./finalpix/mActionZoomOut.eps Graphic file (type eps)

<./finalpix/mActionZoomOut.eps>
File: ./finalpix/mActionCapturePoint.eps Graphic file (type eps)
 <./finalpix/mActionCapturePoint.eps>
File: ./finalpix/mActionCaptureLine.eps Graphic file (type eps)

<./finalpix/mActionCaptureLine.eps>
File: ./finalpix/mActionCapturePolygon.eps Graphic file (type eps)
 <./finalpix/mActionCapturePolygon.eps>
[48]
File: ./finalpix/nix.eps Graphic file (type eps)
 <./finalpix/nix.eps>
File: ./finalpix/nix.eps Graphic file (type eps)
 <./finalpix/nix.eps>
File: ./finalpix/editDigitizing.eps Graphic file (type eps)
 <./finalpix/editDigitizing.eps>
File: ./finalpix/mActionMoveFeature.eps Graphic file (type eps)

<./finalpix/mActionMoveFeature.eps>
File: ./finalpix/mActionSplitFeatures.eps Graphic file (type eps)
 <./finalpix/mActionSplitFeatures.eps>
Underfull \vbox (badness 2005) has occurred while \output is active []

 [49]
File: ./finalpix/mActionOptions.eps Graphic file (type eps)

<./finalpix/mActionOptions.eps>
File: ./finalpix/mActionAddVertex.eps Graphic file (type eps)
 <./finalpix/mActionAddVertex.eps>
File: ./finalpix/mActionMoveVertex.eps Graphic file (type eps)

<./finalpix/mActionMoveVertex.eps>
File: ./finalpix/mActionDeleteVertex.eps Graphic file (type eps)
 <./finalpix/mActionDeleteVertex.eps>
[50]
File: ./finalpix/mActionAddRing.eps Graphic file (type eps)
 <./finalpix/mActionAddRing.eps>
File: ./finalpix/mActionAddIsland.eps Graphic file (type eps)
 <./finalpix/mActionAddIsland.eps>
File: ./finalpix/mActionToggleEditing.eps Graphic file (type eps)

<./finalpix/mActionToggleEditing.eps>
File: ./finalpix/mActionSelect.eps Graphic file (type eps)
 <./finalpix/mActionSelect.eps>
File: ./finalpix/mActionEditCopy.eps Graphic file (type eps)

<./finalpix/mActionEditCopy.eps>
Underfull \vbox (badness 2189) has occurred while \output is active []

 [51]
File: ./finalpix/mActionEditPaste.eps Graphic file (type eps)

<./finalpix/mActionEditPaste.eps>
File: ./finalpix/mActionSelect.eps Graphic file (type eps)
 <./finalpix/mActionSelect.eps>
File: ./finalpix/mActionDeleteSelected.eps Graphic file (type eps)

<./finalpix/mActionDeleteSelected.eps>
File: ./finalpix/mActionEditCut.eps Graphic file (type eps)
 <./finalpix/mActionEditCut.eps>
File: ./finalpix/mActionEditPaste.eps Graphic file (type eps)

<./finalpix/mActionEditPaste.eps>
File: ./finalpix/mActionOptions.eps Graphic file (type eps)
 <./finalpix/mActionOptions.eps>
Underfull \vbox (badness 3612) has occurred while \output is active []

 [52]
File: ./finalpix/mActionNewVectorLayer.eps Graphic file (type eps)

<./finalpix/mActionNewVectorLayer.eps>
File: ./finalpix/nix.eps Graphic file (type eps)
 <./finalpix/nix.eps>
File: ./finalpix/nix.eps Graphic file (type eps)

<./finalpix/nix.eps>
File: ./finalpix/editNewVector.eps Graphic file (type eps)
 <./finalpix/editNewVector.eps> [53]
File: ./finalpix/nix.eps Graphic file (type eps)
 <./finalpix/nix.eps>
File: ./finalpix/nix.eps Graphic file (type eps)

<./finalpix/nix.eps>
File: ./finalpix/queryBuilder.eps Graphic file (type eps)
 <./finalpix/queryBuilder.eps>
Underfull \vbox (badness 10000) has occurred while \output is active []

 [54]
File: ./finalpix/mActionOpenTable.eps Graphic file (type eps)

<./finalpix/mActionOpenTable.eps>) [55]
\openout2 = `working_with_raster.aux'.

 (./working_with_raster.tex
File: ./finalpix/mActionAddRasterLayer.eps Graphic file (type eps)

<./finalpix/mActionAddRasterLayer.eps>
File: ./finalpix/mActionAddRasterLayer.eps Graphic file (type eps)
 <./finalpix/mActionAddRasterLayer.eps>
[56


]
File: ./finalpix/nix.eps Graphic file (type eps)
 <./finalpix/nix.eps>
File: ./finalpix/nix.eps Graphic file (type eps)
 <./finalpix/nix.eps>
File: ./finalpix/rasterPropertiesDialog.eps Graphic file (type eps)

<./finalpix/rasterPropertiesDialog.eps>

LaTeX Warning: `h' float specifier changed to `ht'.

[57] [58] [59]
File: ./finalpix/mActionNewAttribute.eps Graphic file (type eps)
 <./finalpix/mActionNewAttribute.eps>
File: ./finalpix/mActionFileSave.eps Graphic file (type eps)

<./finalpix/mActionFileSave.eps>
File: ./finalpix/mActionAddRasterLayer.eps Graphic file (type eps)
 <./finalpix/mActionAddRasterLayer.eps>
File: ./finalpix/mActionNewAttribute.eps Graphic file (type eps)

<./finalpix/mActionNewAttribute.eps> [60] [61]
Underfull \hbox (badness 3148) in paragraph at lines 301--305
[]\T1/phv/m/n/10.95 You can de-fine the num-ber of chart columns to use and de-
cide wether you want to
 []

) [62]
\openout2 = `working_with_ogc.aux'.

 (./working_with_ogc.tex [63


]
File: ./finalpix/mActionAddWmsLayer.eps Graphic file (type eps)
 <./finalpix/mActionAddWmsLayer.eps>
File: ./finalpix/mActionAddWmsLayer.eps Graphic file (type eps)

<./finalpix/mActionAddWmsLayer.eps>
File: ./finalpix/mActionOptions.eps Graphic file (type eps)
 <./finalpix/mActionOptions.eps> [64]
File: ./finalpix/nix.eps Graphic file (type eps)

<./finalpix/nix.eps>
File: ./finalpix/nix.eps Graphic file (type eps)
 <./finalpix/nix.eps>
File: ./finalpix/connection_wms.eps Graphic file (type eps)
 <./finalpix/connection_wms.eps>
[65]
File: ./finalpix/mActionAddWmsLayer.eps Graphic file (type eps)
 <./finalpix/mActionAddWmsLayer.eps> [66]
File: ./finalpix/mActionIdentify.eps Graphic file (type eps)
 <./finalpix/mActionIdentify.eps>
[67]
File: ./finalpix/mActionAddWmsLayer.eps Graphic file (type eps)
 <./finalpix/mActionAddWmsLayer.eps> [68]
File: ./finalpix/mActionShowPluginManager.eps Graphic file (type eps)

<./finalpix/mActionShowPluginManager.eps>
File: ./finalpix/mIconAddWfsLayer.eps Graphic file (type eps)
 <./finalpix/mIconAddWfsLayer.eps>
File: ./finalpix/mIconAddWfsLayer.eps Graphic file (type eps)

<./finalpix/mIconAddWfsLayer.eps> [69]
File: ./finalpix/nix.eps Graphic file (type eps)
 <./finalpix/nix.eps>
File: ./finalpix/nix.eps Graphic file (type eps)

<./finalpix/nix.eps>
File: ./finalpix/connection_wfs.eps Graphic file (type eps)
 <./finalpix/connection_wfs.eps>) [70]
\openout2 = `working_with_projections.aux'.


(./working_with_projections.tex
File: ./finalpix/mActionOptions.eps Graphic file (type eps)
 <./finalpix/mActionOptions.eps> [71


]
File: ./finalpix/nix.eps Graphic file (type eps)

<./finalpix/nix.eps>
File: ./finalpix/nix.eps Graphic file (type eps)
 <./finalpix/nix.eps>
File: ./finalpix/crsdialog.eps Graphic file (type eps)
 <./finalpix/crsdialog.eps>
File: ./finalpix/mActionOptions.eps Graphic file (type eps)

<./finalpix/mActionOptions.eps>
File: ./finalpix/mActionOptions.eps Graphic file (type eps)
 <./finalpix/mActionOptions.eps>
File: ./finalpix/mIconProjectionEnabled.eps Graphic file (type eps)

<./finalpix/mIconProjectionEnabled.eps> [72]
File: ./finalpix/nix.eps Graphic file (type eps)
 <./finalpix/nix.eps>
File: ./finalpix/nix.eps Graphic file (type eps)

<./finalpix/nix.eps>
File: ./finalpix/projectionDialog.eps Graphic file (type eps)
 <./finalpix/projectionDialog.eps> [73]
File: ./finalpix/mIconProjectionEnabled.eps Graphic file (type eps)

<./finalpix/mIconProjectionEnabled.eps>
File: ./finalpix/mIconNew.eps Graphic file (type eps)
 <./finalpix/mIconNew.eps>
File: ./finalpix/nix.eps Graphic file (type eps)

<./finalpix/nix.eps>
File: ./finalpix/nix.eps Graphic file (type eps)
 <./finalpix/nix.eps>
File: ./finalpix/customProjectionDialog.eps Graphic file (type eps)

<./finalpix/customProjectionDialog.eps>
File: ./finalpix/mIconNew.eps Graphic file (type eps)
 <./finalpix/mIconNew.eps>
File: ./finalpix/mActionFileSave.eps Graphic file (type eps)

<./finalpix/mActionFileSave.eps> [74]) [75]
\openout2 = `grass_integration.aux'.

 (./grass_integration.tex
File: ./finalpix/grass_open_mapset.eps Graphic file (type eps)

<./finalpix/grass_open_mapset.eps>
File: ./finalpix/grass_new_mapset.eps Graphic file (type eps)
 <./finalpix/grass_new_mapset.eps>
File: ./finalpix/grass_close_mapset.eps Graphic file (type eps)

<./finalpix/grass_close_mapset.eps>
File: ./finalpix/grass_add_vector.eps Graphic file (type eps)
 <./finalpix/grass_add_vector.eps>
File: ./finalpix/grass_add_raster.eps Graphic file (type eps)

<./finalpix/grass_add_raster.eps>
File: ./finalpix/grass_new_vector_layer.eps Graphic file (type eps)
 <./finalpix/grass_new_vector_layer.eps>
File: ./finalpix/grass_edit.eps Graphic file (type eps)

<./finalpix/grass_edit.eps>
File: ./finalpix/grass_tools.eps Graphic file (type eps)
 <./finalpix/grass_tools.eps>
File: ./finalpix/grass_region.eps Graphic file (type eps)

<./finalpix/grass_region.eps>
File: ./finalpix/grass_region_edit.eps Graphic file (type eps)
 <./finalpix/grass_region_edit.eps> [76


]
File: ./finalpix/grass_open_mapset.eps Graphic file (type eps)

<./finalpix/grass_open_mapset.eps>
File: ./finalpix/grass_add_raster.eps Graphic file (type eps)
 <./finalpix/grass_add_raster.eps>
File: ./finalpix/grass_add_vector.eps Graphic file (type eps)

<./finalpix/grass_add_vector.eps> [77]
File: ./finalpix/grass_location.eps Graphic file (type eps)
 <./finalpix/grass_location.eps>
File: ./finalpix/nix.eps Graphic file (type eps)

<./finalpix/nix.eps>
File: ./finalpix/nix.eps Graphic file (type eps)
 <./finalpix/nix.eps>
File: ./finalpix/create_grass_location.eps Graphic file (type eps)

<./finalpix/create_grass_location.eps> [78]
File: ./finalpix/grass_open_mapset.eps Graphic file (type eps)
 <./finalpix/grass_open_mapset.eps>
File: ./finalpix/mIconProjectionEnabled.eps Graphic file (type eps)

<./finalpix/mIconProjectionEnabled.eps> [79]
File: ./finalpix/grass_open_mapset.eps Graphic file (type eps)

<./finalpix/grass_open_mapset.eps> [80]
File: ./finalpix/grass_open_mapset.eps Graphic file (type eps)
 <./finalpix/grass_open_mapset.eps>
File: ./finalpix/grass_tools.eps Graphic file (type eps)

<./finalpix/grass_tools.eps> [81]
File: ./finalpix/grass_new_vector_layer.eps Graphic file (type eps)
 <./finalpix/grass_new_vector_layer.eps>
Underfull \hbox (badness 10000) in paragraph at lines 323--328
\T1/phv/m/n/10.95 To cre-ate a new GRASS vec-tor layer with the GRASS plu-gin c
lick the []
 []

[82]
File: ./finalpix/grass_edit.eps Graphic file (type eps)
 <./finalpix/grass_edit.eps>
File: ./finalpix/nix.eps Graphic file (type eps)
 <./finalpix/nix.eps>
File: ./finalpix/nix.eps Graphic file (type eps)
 <./finalpix/nix.eps>
File: ./finalpix/grass_digitizing_toolbar.eps Graphic file (type eps)

<./finalpix/grass_digitizing_toolbar.eps>
File: ./finalpix/grass_new_point.eps Graphic file (type eps)
 <./finalpix/grass_new_point.eps>
File: ./finalpix/grass_new_line.eps Graphic file (type eps)

<./finalpix/grass_new_line.eps>
File: ./finalpix/grass_new_boundary.eps Graphic file (type eps)
 <./finalpix/grass_new_boundary.eps>
File: ./finalpix/grass_new_centroid.eps Graphic file (type eps)

<./finalpix/grass_new_centroid.eps>
File: ./finalpix/grass_move_vertex.eps Graphic file (type eps)
 <./finalpix/grass_move_vertex.eps>
File: ./finalpix/grass_add_vertex.eps Graphic file (type eps)

<./finalpix/grass_add_vertex.eps>
File: ./finalpix/grass_delete_vertex.eps Graphic file (type eps)
 <./finalpix/grass_delete_vertex.eps>
File: ./finalpix/grass_move_line.eps Graphic file (type eps)

<./finalpix/grass_move_line.eps>
File: ./finalpix/grass_split_line.eps Graphic file (type eps)
 <./finalpix/grass_split_line.eps>
File: ./finalpix/grass_delete_line.eps Graphic file (type eps)

<./finalpix/grass_delete_line.eps>
File: ./finalpix/grass_edit_attributes.eps Graphic file (type eps)
 <./finalpix/grass_edit_attributes.eps>
File: ./finalpix/grass_close_edit.eps Graphic file (type eps)

<./finalpix/grass_close_edit.eps>
Overfull \hbox (11.4038pt too wide) in paragraph at lines 377--407
 [][] 
 []


LaTeX Warning: `h' float specifier changed to `ht'.

File: ./finalpix/nix.eps Graphic file (type eps)
<./finalpix/nix.eps>
File: ./finalpix/nix.eps Graphic file (type eps)
 <./finalpix/nix.eps>
File: ./finalpix/grass_digitizing_category.eps Graphic file (type eps)

<./finalpix/grass_digitizing_category.eps>

LaTeX Warning: `h' float specifier changed to `ht'.

[83]
Underfull \vbox (badness 7415) has occurred while \output is active []

 [84]
File: ./finalpix/nix.eps Graphic file (type eps)

<./finalpix/nix.eps>
File: ./finalpix/nix.eps Graphic file (type eps)
 <./finalpix/nix.eps>
File: ./finalpix/grass_digitizing_settings.eps Graphic file (type eps)

<./finalpix/grass_digitizing_settings.eps>
File: ./finalpix/nix.eps Graphic file (type eps)
 <./finalpix/nix.eps>
File: ./finalpix/nix.eps Graphic file (type eps)

<./finalpix/nix.eps>
File: ./finalpix/grass_digitizing_symbology.eps Graphic file (type eps)
 <./finalpix/grass_digitizing_symbology.eps>

LaTeX Warning: `h' float specifier changed to `ht'.

[85]
File: ./finalpix/nix.eps Graphic file (type eps)
 <./finalpix/nix.eps>
File: ./finalpix/nix.eps Graphic file (type eps)
 <./finalpix/nix.eps>
File: ./finalpix/grass_digitizing_table.eps Graphic file (type eps)

<./finalpix/grass_digitizing_table.eps> [86]
File: ./finalpix/grass_region.eps Graphic file (type eps)
 <./finalpix/grass_region.eps>
File: ./finalpix/grass_region_edit.eps Graphic file (type eps)

<./finalpix/grass_region_edit.eps>
File: ./finalpix/grass_tools.eps Graphic file (type eps)
 <./finalpix/grass_tools.eps>
File: ./finalpix/nix.eps Graphic file (type eps)

<./finalpix/nix.eps>
File: ./finalpix/nix.eps Graphic file (type eps)
 <./finalpix/nix.eps>
File: ./finalpix/grass_toolbox_moduletree.eps Graphic file (type eps)

<./finalpix/grass_toolbox_moduletree.eps>
File: ./finalpix/grass_toolbox_modulelist.eps Graphic file (type eps)

<./finalpix/grass_toolbox_modulelist.eps>

LaTeX Warning: `h' float specifier changed to `ht'.

[87]
File: ./finalpix/nix.eps Graphic file (type eps)
 <./finalpix/nix.eps>
File: ./finalpix/nix.eps Graphic file (type eps)
 <./finalpix/nix.eps>
File: ./finalpix/grass_module_option.eps Graphic file (type eps)

<./finalpix/grass_module_option.eps>
File: ./finalpix/grass_module_output.eps Graphic file (type eps)
 <./finalpix/grass_module_output.eps>
File: ./finalpix/grass_module_manual.eps Graphic file (type eps)

<./finalpix/grass_module_manual.eps> [88]
File: ./finalpix/nix.eps Graphic file (type eps)
 <./finalpix/nix.eps>
File: ./finalpix/nix.eps Graphic file (type eps)

<./finalpix/nix.eps>
File: ./finalpix/grass_mapset_browser.eps Graphic file (type eps)
 <./finalpix/grass_mapset_browser.eps>

LaTeX Warning: `h' float specifier changed to `ht'.

File: ./finalpix/grass_add_map.eps Graphic file (type eps)
<./finalpix/grass_add_map.eps>
File: ./finalpix/grass_copy_map.eps Graphic file (type eps)
 <./finalpix/grass_copy_map.eps>
File: ./finalpix/grass_rename_map.eps Graphic file (type eps)

<./finalpix/grass_rename_map.eps>
File: ./finalpix/grass_delete_map.eps Graphic file (type eps)
 <./finalpix/grass_delete_map.eps> [89]
File: ./finalpix/grass_set_region.eps Graphic file (type eps)

<./finalpix/grass_set_region.eps>
File: ./finalpix/grass_refresh.eps Graphic file (type eps)
 <./finalpix/grass_refresh.eps>
File: ./finalpix/grass_rename_map.eps Graphic file (type eps)

<./finalpix/grass_rename_map.eps>
File: ./finalpix/grass_delete_map.eps Graphic file (type eps)
 <./finalpix/grass_delete_map.eps> [90])
[91]
\openout2 = `print_composer.aux'.

 (./print_composer.tex
File: ./finalpix/mActionExportMapServer.eps Graphic file (type eps)
 <./finalpix/mActionExportMapServer.eps>
File: ./finalpix/mActionSaveAsSVG.eps Graphic file (type eps)

<./finalpix/mActionSaveAsSVG.eps>
File: ./finalpix/mActionFilePrint.eps Graphic file (type eps)
 <./finalpix/mActionFilePrint.eps>
File: ./finalpix/mActionZoomFullExtent.eps Graphic file (type eps)

<./finalpix/mActionZoomFullExtent.eps>
File: ./finalpix/mActionZoomIn.eps Graphic file (type eps)
 <./finalpix/mActionZoomIn.eps>
File: ./finalpix/mActionZoomOut.eps Graphic file (type eps)

<./finalpix/mActionZoomOut.eps>
File: ./finalpix/mActionDraw.eps Graphic file (type eps)
 <./finalpix/mActionDraw.eps>
File: ./finalpix/mActionAddRasterLayer.eps Graphic file (type eps)

<./finalpix/mActionAddRasterLayer.eps>
File: ./finalpix/mActionSaveMapAsImage.eps Graphic file (type eps)
 <./finalpix/mActionSaveMapAsImage.eps>
File: ./finalpix/mActionLabel.eps Graphic file (type eps)

<./finalpix/mActionLabel.eps>
File: ./finalpix/mActionAddLegend.eps Graphic file (type eps)
 <./finalpix/mActionAddLegend.eps>
File: ./finalpix/mActionScaleBar.eps Graphic file (type eps)

<./finalpix/mActionScaleBar.eps>
File: ./finalpix/mActionSelectPan.eps Graphic file (type eps)
 <./finalpix/mActionSelectPan.eps>
File: ./finalpix/mActionMoveItemContent.eps Graphic file (type eps)

<./finalpix/mActionMoveItemContent.eps>
File: ./finalpix/mActionGroupItems.eps Graphic file (type eps)
 <./finalpix/mActionGroupItems.eps>
File: ./finalpix/mActionUngroupItems.eps Graphic file (type eps)

<./finalpix/mActionUngroupItems.eps>
File: ./finalpix/mActionRaiseItems.eps Graphic file (type eps)
 <./finalpix/mActionRaiseItems.eps>
File: ./finalpix/mActionLowerItems.eps Graphic file (type eps)

<./finalpix/mActionLowerItems.eps>
File: ./finalpix/mActionMoveItemsToTop.eps Graphic file (type eps)
 <./finalpix/mActionMoveItemsToTop.eps>
File: ./finalpix/mActionMoveItemsToBottom.eps Graphic file (type eps)

<./finalpix/mActionMoveItemsToBottom.eps>
Overfull \hbox (3.97675pt too wide) in paragraph at lines 21--64
 [][] 
 []

File: ./finalpix/mActionFilePrint.eps Graphic file (type eps)
<./finalpix/mActionFilePrint.eps>
File: ./finalpix/mActionFilePrint.eps Graphic file (type eps)
 <./finalpix/mActionFilePrint.eps>
File: ./finalpix/mActionFilePrint.eps Graphic file (type eps)

<./finalpix/mActionFilePrint.eps>
File: ./finalpix/nix.eps Graphic file (type eps)
 <./finalpix/nix.eps>
File: ./finalpix/nix.eps Graphic file (type eps)
 <./finalpix/nix.eps>
File: ./finalpix/print_composer_blank.eps Graphic file (type eps)

<./finalpix/print_composer_blank.eps> [92


]
File: ./finalpix/mActionSelectPan.eps Graphic file (type eps)
 <./finalpix/mActionSelectPan.eps>
File: ./finalpix/mActionAddRasterLayer.eps Graphic file (type eps)

<./finalpix/mActionAddRasterLayer.eps>
Underfull \vbox (badness 10000) has occurred while \output is active []

 [93]
File: ./finalpix/nix.eps Graphic file (type eps)

<./finalpix/nix.eps>
File: ./finalpix/nix.eps Graphic file (type eps)
 <./finalpix/nix.eps>
File: ./finalpix/print_composer_map_item1.eps Graphic file (type eps)

<./finalpix/print_composer_map_item1.eps>
File: ./finalpix/print_composer_map_item2.eps Graphic file (type eps)

<./finalpix/print_composer_map_item2.eps>
File: ./finalpix/mActionSelectPan.eps Graphic file (type eps)
 <./finalpix/mActionSelectPan.eps>
File: ./finalpix/mActionMoveItemContent.eps Graphic file (type eps)

<./finalpix/mActionMoveItemContent.eps>
File: ./finalpix/mActionFileSaveAs.eps Graphic file (type eps)
 <./finalpix/mActionFileSaveAs.eps>
[94]
File: ./finalpix/mActionLabel.eps Graphic file (type eps)
 <./finalpix/mActionLabel.eps>
File: ./finalpix/mActionSaveMapAsImage.eps Graphic file (type eps)
 <./finalpix/mActionSaveMapAsImage.eps>
File: ./finalpix/nix.eps Graphic file (type eps)

<./finalpix/nix.eps>
File: ./finalpix/nix.eps Graphic file (type eps)
 <./finalpix/nix.eps>
File: ./finalpix/print_composer_label_item.eps Graphic file (type eps)

<./finalpix/print_composer_label_item.eps>
File: ./finalpix/print_composer_image_item.eps Graphic file (type eps)

<./finalpix/print_composer_image_item.eps>
File: ./finalpix/mActionAddLegend.eps Graphic file (type eps)
 <./finalpix/mActionAddLegend.eps>
File: ./finalpix/mActionScaleBar.eps Graphic file (type eps)

<./finalpix/mActionScaleBar.eps>
File: ./finalpix/nix.eps Graphic file (type eps)
 <./finalpix/nix.eps>
File: ./finalpix/nix.eps Graphic file (type eps)
 <./finalpix/nix.eps>
File: ./finalpix/print_composer_legend_item.eps Graphic file (type eps)

<./finalpix/print_composer_legend_item.eps>
File: ./finalpix/print_composer_scalebar_item.eps Graphic file (type eps)

<./finalpix/print_composer_scalebar_item.eps>
Underfull \vbox (badness 10000) has occurred while \output is active []

 [95]
File: ./finalpix/mActionZoomOut.eps Graphic file (type eps)

<./finalpix/mActionZoomOut.eps>
File: ./finalpix/mActionZoomOut.eps Graphic file (type eps)
 <./finalpix/mActionZoomOut.eps>
File: ./finalpix/mActionZoomFullExtent.eps Graphic file (type eps)

<./finalpix/mActionZoomFullExtent.eps>
File: ./finalpix/mActionDraw.eps Graphic file (type eps)
 <./finalpix/mActionDraw.eps>
File: ./finalpix/nix.eps Graphic file (type eps)

<./finalpix/nix.eps>
File: ./finalpix/nix.eps Graphic file (type eps)
 <./finalpix/nix.eps>
File: ./finalpix/print_composer_complete.eps Graphic file (type eps)

<./finalpix/print_composer_complete.eps> [96]
File: ./finalpix/mActionFilePrint.eps Graphic file (type eps)

<./finalpix/mActionFilePrint.eps>
File: ./finalpix/mActionExportMapServer.eps Graphic file (type eps)
 <./finalpix/mActionExportMapServer.eps>
File: ./finalpix/mActionSaveAsSVG.eps Graphic file (type eps)

<./finalpix/mActionSaveAsSVG.eps>) [97]
\openout2 = `plugins.aux'.

 (./plugins.tex
File: ./finalpix/mActionShowPluginManager.eps Graphic file (type eps)

<./finalpix/mActionShowPluginManager.eps>
File: ./finalpix/nix.eps Graphic file (type eps)
 <./finalpix/nix.eps>
File: ./finalpix/nix.eps Graphic file (type eps)

<./finalpix/nix.eps>
File: ./finalpix/pluginmanager.eps Graphic file (type eps)
 <./finalpix/pluginmanager.eps>
File: ./finalpix/nix.eps Graphic file (type eps)
 <./finalpix/nix.eps>
[98


]
File: ./finalpix/nix.eps Graphic file (type eps)
 <./finalpix/nix.eps>
File: ./finalpix/nix.eps Graphic file (type eps)
 <./finalpix/nix.eps>
File: ./finalpix/plugininstaller.eps Graphic file (type eps)

<./finalpix/plugininstaller.eps>
File: ./finalpix/plugin_installer.eps Graphic file (type eps)
 <./finalpix/plugin_installer.eps>
Underfull \hbox (badness 2269) in paragraph at lines 77--79
\T1/phv/m/n/10.95 In or-der to down-load and in-stall an ex-ter-nal Python plu-
gin, click the menu [] >
 []


Underfull \hbox (badness 1515) in paragraph at lines 82--83
\T1/phv/m/n/10.95 but-ton is en-abled. But if the avail-able ver-sion is older 
than the in-stalled one, the
 []

[99]
File: ./finalpix/nix.eps Graphic file (type eps)
 <./finalpix/nix.eps>
File: ./finalpix/mActionShowPluginManager.eps Graphic file (type eps)
 <./finalpix/mActionShowPluginManager.eps>
File: ./finalpix/nix.eps Graphic file (type eps)

<./finalpix/nix.eps>
File: ./finalpix/win.eps Graphic file (type eps)
 <./finalpix/win.eps>
File: ./finalpix/mActionOptions.eps Graphic file (type eps)
 <./finalpix/mActionOptions.eps>
Underfull \vbox (badness 1629) has occurred while \output is active []

 [100])
[101]
\openout2 = `core_plugins.aux'.

 (./core_plugins.tex
File: ./finalpix/delimited_text.eps Graphic file (type eps)
 <./finalpix/delimited_text.eps>
File: ./finalpix/coordinate_capture.eps Graphic file (type eps)

<./finalpix/coordinate_capture.eps>
File: ./finalpix/copyright_label.eps Graphic file (type eps)
 <./finalpix/copyright_label.eps>
File: ./finalpix/dxf2shp_converter.eps Graphic file (type eps)

<./finalpix/dxf2shp_converter.eps>
File: ./finalpix/gps_importer.eps Graphic file (type eps)
 <./finalpix/gps_importer.eps>
File: ./finalpix/grass.eps Graphic file (type eps)

<./finalpix/grass.eps>
File: ./finalpix/georeferencer.eps Graphic file (type eps)
 <./finalpix/georeferencer.eps>
File: ./finalpix/grid_maker.eps Graphic file (type eps)

<./finalpix/grid_maker.eps>
File: ./finalpix/interpolation.eps Graphic file (type eps)
 <./finalpix/interpolation.eps>
File: ./finalpix/mapserver_export.eps Graphic file (type eps)

<./finalpix/mapserver_export.eps>
File: ./finalpix/north_arrow.eps Graphic file (type eps)
 <./finalpix/north_arrow.eps>
File: ./finalpix/ogr_converter.eps Graphic file (type eps)

<./finalpix/ogr_converter.eps>
File: ./finalpix/plugin_installer.eps Graphic file (type eps)
 <./finalpix/plugin_installer.eps>
File: ./finalpix/spiticon.eps Graphic file (type eps)

<./finalpix/spiticon.eps>
File: ./finalpix/quick_print.eps Graphic file (type eps)
 <./finalpix/quick_print.eps>
File: ./finalpix/scale_bar.eps Graphic file (type eps)

<./finalpix/scale_bar.eps>
File: ./finalpix/mIconAddWfsLayer.eps Graphic file (type eps)
 <./finalpix/mIconAddWfsLayer.eps>) [102


]
\openout2 = `plugins_coordinate_capture.aux'.


(./plugins_coordinate_capture.tex
File: ./finalpix/nix.eps Graphic file (type eps)
 <./finalpix/nix.eps>
File: ./finalpix/nix.eps Graphic file (type eps)
 <./finalpix/nix.eps>
File: ./finalpix/coordinate_capture_dialog.eps Graphic file (type eps)

<./finalpix/coordinate_capture_dialog.eps>
File: ./finalpix/mActionOptions.eps Graphic file (type eps)
 <./finalpix/mActionOptions.eps>
File: ./finalpix/mIconProjectionEnabled.eps Graphic file (type eps)

<./finalpix/mIconProjectionEnabled.eps>
File: ./finalpix/coordinate_capture.eps Graphic file (type eps)
 <./finalpix/coordinate_capture.eps>
File: ./finalpix/geographic.eps Graphic file (type eps)

<./finalpix/geographic.eps>
File: ./finalpix/tracking.eps Graphic file (type eps)
 <./finalpix/tracking.eps> [103


])
\openout2 = `plugins_decorations.aux'.


(./plugins_decorations.tex
File: ./finalpix/nix.eps Graphic file (type eps)
 <./finalpix/nix.eps>
File: ./finalpix/nix.eps Graphic file (type eps)
 <./finalpix/nix.eps>
File: ./finalpix/copyright.eps Graphic file (type eps)

<./finalpix/copyright.eps>
File: ./finalpix/copyright_label.eps Graphic file (type eps)
 <./finalpix/copyright_label.eps>
File: ./finalpix/copyright_label.eps Graphic file (type eps)

<./finalpix/copyright_label.eps> [104


]
File: ./finalpix/nix.eps Graphic file (type eps)
 <./finalpix/nix.eps>
File: ./finalpix/nix.eps Graphic file (type eps)

<./finalpix/nix.eps>
File: ./finalpix/north_arrow_dialog.eps Graphic file (type eps)
 <./finalpix/north_arrow_dialog.eps>
File: ./finalpix/scale_bar.eps Graphic file (type eps)

<./finalpix/scale_bar.eps>
File: ./finalpix/scale_bar.eps Graphic file (type eps)
 <./finalpix/scale_bar.eps> [105]
File: ./finalpix/nix.eps Graphic file (type eps)

<./finalpix/nix.eps>
File: ./finalpix/nix.eps Graphic file (type eps)
 <./finalpix/nix.eps>
File: ./finalpix/scale_bar_dialog.eps Graphic file (type eps)
 <./finalpix/scale_bar_dialog.eps>)
[106]
\openout2 = `plugins_delimited_text.aux'.

 (./plugins_delimited_text.tex
File: ./finalpix/mActionShowPluginManager.eps Graphic file (type eps)
 <./finalpix/mActionShowPluginManager.eps>
File: ./finalpix/delimited_text.eps Graphic file (type eps)

<./finalpix/delimited_text.eps>
File: ./finalpix/nix.eps Graphic file (type eps)
 <./finalpix/nix.eps>
File: ./finalpix/nix.eps Graphic file (type eps)
 <./finalpix/nix.eps>
File: ./finalpix/delimited_text_dialog.eps Graphic file (type eps)

<./finalpix/delimited_text_dialog.eps> [107


]) [108]
\openout2 = `plugins_dxf2shape_converter.aux'.


(./plugins_dxf2shape_converter.tex
File: ./finalpix/nix.eps Graphic file (type eps)
 <./finalpix/nix.eps>
File: ./finalpix/nix.eps Graphic file (type eps)
 <./finalpix/nix.eps>
File: ./finalpix/dxf2shape_dialog.eps Graphic file (type eps)

<./finalpix/dxf2shape_dialog.eps>
File: ./finalpix/dxf2shp_converter.eps Graphic file (type eps)
 <./finalpix/dxf2shp_converter.eps> [109


])
\openout2 = `plugins_georeferencer.aux'.


(./plugins_georeferencer.tex
File: ./finalpix/georeferencer.eps Graphic file (type eps)
 <./finalpix/georeferencer.eps>
File: ./finalpix/nix.eps Graphic file (type eps)

<./finalpix/nix.eps>
File: ./finalpix/nix.eps Graphic file (type eps)
 <./finalpix/nix.eps>
File: ./finalpix/select_image.eps Graphic file (type eps)
 <./finalpix/select_image.eps>
File: ./finalpix/nix.eps Graphic file (type eps)

<./finalpix/nix.eps>
File: ./finalpix/nix.eps Graphic file (type eps)
 <./finalpix/nix.eps>
File: ./finalpix/georefplugin.eps Graphic file (type eps)
 <./finalpix/georefplugin.eps>
File: ./finalpix/nix.eps Graphic file (type eps)

<./finalpix/nix.eps>
File: ./finalpix/nix.eps Graphic file (type eps)
 <./finalpix/nix.eps>
File: ./finalpix/choose_points.eps Graphic file (type eps)
 <./finalpix/choose_points.eps>
Underfull \hbox (badness 2213) in paragraph at lines 61--62
[]\T1/phv/m/n/10.95 For this ex-am-ple we use the sec-ond op-tion and en-ter th
e co-or-di-nates for the se-lected
 []


Underfull \hbox (badness 4303) in paragraph at lines 61--62
\T1/phv/m/n/10.95 points with the help of the \T1/aett/bx/n/10.95 roads \T1/phv
/m/n/10.95 map pro-vided with the \T1/aett/bx/n/10.95 spearfish60 \T1/phv/m/n/1
0.95 lo-ca-tion from:
 []

[110


] [111] [112]
File: ./finalpix/nix.eps Graphic file (type eps)
 <./finalpix/nix.eps>
File: ./finalpix/nix.eps Graphic file (type eps)
 <./finalpix/nix.eps>
File: ./finalpix/result_map.eps Graphic file (type eps)

<./finalpix/result_map.eps>) [113]
\openout2 = `plugins_quick_print.aux'.

 (./plugins_quick_print.tex
File: ./finalpix/quick_print.eps Graphic file (type eps)

<./finalpix/quick_print.eps>
File: ./finalpix/nix.eps Graphic file (type eps)
 <./finalpix/nix.eps>
File: ./finalpix/nix.eps Graphic file (type eps)
 <./finalpix/nix.eps>
File: ./finalpix/quick_print_dialog.eps Graphic file (type eps)

<./finalpix/quick_print_dialog.eps>
File: ./finalpix/nix.eps Graphic file (type eps)
 <./finalpix/nix.eps>
File: ./finalpix/nix.eps Graphic file (type eps)
 <./finalpix/nix.eps>
File: ./finalpix/quick_print_result.eps Graphic file (type eps)

<./finalpix/quick_print_result.eps>) [114


]
\openout2 = `plugins_gps.aux'.

 (./plugins_gps.tex
File: ./finalpix/mActionShowPluginManager.eps Graphic file (type eps)

<./finalpix/mActionShowPluginManager.eps>
File: ./finalpix/gps_importer.eps Graphic file (type eps)
 <./finalpix/gps_importer.eps>
LaTeX Font Info:    Font shape `T1/phv/m/it' in size <10> not available
(Font)              Font shape `T1/phv/m/sl' tried instead on input line 40.
File: ./finalpix/nix.eps Graphic file (type eps)

<./finalpix/nix.eps>
File: ./finalpix/nix.eps Graphic file (type eps)
 <./finalpix/nix.eps>
File: ./finalpix/loadgpx.eps Graphic file (type eps)
 <./finalpix/loadgpx.eps>
Underfull \hbox (badness 1325) in paragraph at lines 52--59
\T1/phv/m/n/10.95 Since QGIS uses GPX files you need a way to con-vert other GP
S file for-mats to GPX.
 []

[115


]
File: ./finalpix/nix.eps Graphic file (type eps)
 <./finalpix/nix.eps>
File: ./finalpix/nix.eps Graphic file (type eps)
 <./finalpix/nix.eps>
File: ./finalpix/importdialog.eps Graphic file (type eps)
 <./finalpix/importdialog.eps>
File: ./finalpix/nix.eps Graphic file (type eps)

<./finalpix/nix.eps>
File: ./finalpix/nix.eps Graphic file (type eps)
 <./finalpix/nix.eps>
File: ./finalpix/download.eps Graphic file (type eps)
 <./finalpix/download.eps> [116]
File: ./finalpix/nix.eps Graphic file (type eps)

<./finalpix/nix.eps>
File: ./finalpix/win.eps Graphic file (type eps)
 <./finalpix/win.eps> [117] [118]
Underfull \hbox (badness 10000) in paragraph at lines 130--131
[]\T1/phv/m/n/10.95 You can learn more about GPS-Ba-bel and it's avail-able com
-mand line op-tions at
 []

) [119]
\openout2 = `plugins_graticule_creator.aux'.

 (./plugins_graticule_creator.tex
File: ./finalpix/nix.eps Graphic file (type eps)
 <./finalpix/nix.eps>
File: ./finalpix/nix.eps Graphic file (type eps)

<./finalpix/nix.eps>
File: ./finalpix/grid_maker_dialog.eps Graphic file (type eps)
 <./finalpix/grid_maker_dialog.eps>
File: ./finalpix/grid_maker.eps Graphic file (type eps)

<./finalpix/grid_maker.eps>) [120


]
\openout2 = `plugins_interpolation.aux'.

 (./plugins_interpolation.tex
Underfull \hbox (badness 6078) in paragraph at lines 15--17
[]\T1/phv/b/n/10.95 Interpolation at-tribute\T1/phv/m/n/10.95 : Se-lect at-trib
ute col-umn used for in-ter-po-la-tion or en-able
 []


Overfull \hbox (14.02412pt too wide) in paragraph at lines 17--19
[]\T1/phv/b/n/10.95 Interpolation Method\T1/phv/m/n/10.95 : Se-lect in-ter-po-l
a-tion method []
 []

File: ./finalpix/nix.eps Graphic file (type eps)
<./finalpix/nix.eps>
File: ./finalpix/nix.eps Graphic file (type eps)
 <./finalpix/nix.eps>
File: ./finalpix/interpolate_dialog.eps Graphic file (type eps)
 <./finalpix/interpolate_dialog.eps>
File: ./finalpix/interpolation.eps Graphic file (type eps)

<./finalpix/interpolation.eps> [121


]
File: ./finalpix/nix.eps Graphic file (type eps)
 <./finalpix/nix.eps>
File: ./finalpix/nix.eps Graphic file (type eps)
 <./finalpix/nix.eps>
File: ./finalpix/interpolate_idw.eps Graphic file (type eps)

<./finalpix/interpolate_idw.eps> [122])
\openout2 = `plugins_mapserver_export.aux'.

 (./plugins_mapserver_export.tex
File: ./finalpix/nix.eps Graphic file (type eps)

<./finalpix/nix.eps>
File: ./finalpix/nix.eps Graphic file (type eps)
 <./finalpix/nix.eps>
File: ./finalpix/mapserver_export_qgs.eps Graphic file (type eps)

<./finalpix/mapserver_export_qgs.eps> [123


]
File: ./finalpix/mActionAddRasterLayer.eps Graphic file (type eps)

<./finalpix/mActionAddRasterLayer.eps>
File: ./finalpix/mActionAddNonDbLayer.eps Graphic file (type eps)
 <./finalpix/mActionAddNonDbLayer.eps>
File: ./finalpix/mActionFileSave.eps Graphic file (type eps)

<./finalpix/mActionFileSave.eps>
File: ./finalpix/mapserver_export.eps Graphic file (type eps)
 <./finalpix/mapserver_export.eps>
File: ./finalpix/nix.eps Graphic file (type eps)

<./finalpix/nix.eps>
File: ./finalpix/nix.eps Graphic file (type eps)
 <./finalpix/nix.eps>
File: ./finalpix/mapserver_export_dialog.eps Graphic file (type eps)

<./finalpix/mapserver_export_dialog.eps> [124]
File: ./finalpix/mapserver_export.eps Graphic file (type eps)

<./finalpix/mapserver_export.eps> [125]
File: ./finalpix/nix.eps Graphic file (type eps)
 <./finalpix/nix.eps>
File: ./finalpix/nix.eps Graphic file (type eps)

<./finalpix/nix.eps>
File: ./finalpix/mapserver_export_test.eps Graphic file (type eps)
 <./finalpix/mapserver_export_test.eps>) [126]
\openout2 = `plugins_ogr_converter.aux'.


(./plugins_ogr_converter.tex
File: ./finalpix/nix.eps Graphic file (type eps)
 <./finalpix/nix.eps>
File: ./finalpix/nix.eps Graphic file (type eps)
 <./finalpix/nix.eps>
File: ./finalpix/ogrconverter_dialog.eps Graphic file (type eps)

<./finalpix/ogrconverter_dialog.eps>
File: ./finalpix/ogr_converter.eps Graphic file (type eps)
 <./finalpix/ogr_converter.eps> [127


])
\openout2 = `external_plugins.aux'.


(./external_plugins.tex
File: ./finalpix/plugin_installer.eps Graphic file (type eps)
 <./finalpix/plugin_installer.eps>
File: ./finalpix/zoom2point_icon.eps Graphic file (type eps)

<./finalpix/zoom2point_icon.eps>
File: ./finalpix/plugin_installer.eps Graphic file (type eps)
 <./finalpix/plugin_installer.eps>) [128


]
\openout2 = `plugins_writing_in_cpp.aux'.


(./plugins_writing_in_cpp.tex [129


] [130]
Overfull \hbox (4.01427pt too wide) in paragraph at lines 159--159
[]\T1/aett/bx/n/10.95 QgsPointConverterPlugin::QgsPointConverterPlugin(QgisInte
rface* iface): mIface(iface)[] 
 []


Underfull \vbox (badness 10000) has occurred while \output is active []

 [131]
[132] [133]
Underfull \vbox (badness 10000) has occurred while \output is active []

 [134]
[135]
Underfull \vbox (badness 10000) has occurred while \output is active []

 [136]
Underfull \vbox (badness 10000) has occurred while \output is active []

 [137]
Underfull \vbox (badness 10000) has occurred while \output is active []

 [138]
Overfull \hbox (21.2276pt too wide) in paragraph at lines 509--509
[]\T1/aett/bx/n/10.95 void QgsPointConverterPlugin::convertMultiLineString(QgsG
eometry* geom, const QString& \[] 
 []


Overfull \hbox (4.01427pt too wide) in paragraph at lines 509--509
[]\T1/aett/bx/n/10.95 void QgsPointConverterPlugin::convertMultiPolygon(QgsGeom
etry* geom, const QString& \[] 
 []


Underfull \vbox (badness 10000) has occurred while \output is active []

 [139]
Underfull \hbox (badness 10000) in paragraph at lines 513--518
\T1/phv/m/n/10.95 At the end we ex-tract the at-tributes from the ac-tive layer
 us-ing QgsVec-tor-Dat-
 []


Underfull \hbox (badness 2460) in paragraph at lines 513--518
\T1/phv/m/n/10.95 aProvider::fieldNameMap(). For each fea-ture we ex-tract the 
field val-ues us-ing Qgs-Fea-
 []

[140]
Underfull \vbox (badness 10000) has occurred while \output is active []

 [141]
Overfull \hbox (4.01427pt too wide) in paragraph at lines 817--817
[]      \T1/aett/bx/n/10.95 QMap<int, QString>::const_iterator sortedFieldIt = 
sortedFieldMap.constBegin();[] 
 []


Underfull \vbox (badness 10000) has occurred while \output is active []

 [142]
Underfull \vbox (badness 10000) has occurred while \output is active []

 [143]
Underfull \vbox (badness 10000) has occurred while \output is active []

 [144]
Overfull \hbox (21.2276pt too wide) in paragraph at lines 817--817
[]\T1/aett/bx/n/10.95 void QgsPointConverterPlugin::convertMultiLineString(QgsG
eometry* geom, const QString& \[] 
 []


Underfull \vbox (badness 10000) has occurred while \output is active []

 [145]
Overfull \hbox (4.01427pt too wide) in paragraph at lines 817--817
[]\T1/aett/bx/n/10.95 void QgsPointConverterPlugin::convertMultiPolygon(QgsGeom
etry* geom, const QString& \[] 
 []


Underfull \vbox (badness 10000) has occurred while \output is active []

 [146])
[147]
\openout2 = `plugins_writing_in_python.aux'.

 (./plugins_writing_in_python.tex
Underfull \vbox (badness 1147) has occurred while \output is active []

 [148


]
File: ./finalpix/nix.eps Graphic file (type eps)

<./finalpix/nix.eps>
File: ./finalpix/osx.eps Graphic file (type eps)
 <./finalpix/osx.eps>
File: ./finalpix/win.eps Graphic file (type eps)
 <./finalpix/win.eps>
File: ./finalpix/mActionShowPluginManager.eps Graphic file (type eps)

<./finalpix/mActionShowPluginManager.eps> [149] [150]
File: ./finalpix/mActionShowPluginManager.eps Graphic file (type eps)

<./finalpix/mActionShowPluginManager.eps>
Underfull \hbox (badness 4391) in paragraph at lines 153--156
[]\T1/phv/m/n/10.95 At this point the plu-gin al-ready the nec-ces-sary in-fras
-truc-ture to ap-pear in the QGIS
 []


Overfull \hbox (15.48982pt too wide) in paragraph at lines 197--197
[]    \T1/aett/bx/n/10.95 self.action = QAction(QIcon(":/plugins/foss4g_plugin/
foss4g.png"), "FOSS4G plugin",[] 
 []


Underfull \vbox (badness 7576) has occurred while \output is active []

 [151]
Overfull \hbox (21.2276pt too wide) in paragraph at lines 219--219
[]    \T1/aett/bx/n/10.95 fileName = QFileDialog.getOpenFileName(None,QString.f
romLocal8Bit("Select a file:"),[] 
 []

[152]) [153]
\openout2 = `creating_cpp_applications.aux'.

 (./creating_cpp_applications.tex [154


] [155] [156]
File: ./finalpix/osx.eps Graphic file (type eps)

<./finalpix/osx.eps>
File: ./finalpix/osx.eps Graphic file (type eps)
 <./finalpix/osx.eps>
File: ./finalpix/cpp1_application.eps Graphic file (type eps)
 <./finalpix/cpp1_application.eps>
[157] [158]
File: ./finalpix/osx.eps Graphic file (type eps)
 <./finalpix/osx.eps>
File: ./finalpix/osx.eps Graphic file (type eps)
 <./finalpix/osx.eps>
File: ./finalpix/cpp2_application.eps Graphic file (type eps)

<./finalpix/cpp2_application.eps> [159]) [160]
\openout2 = `creating_pyqgis_applications.aux'.


(./creating_pyqgis_applications.tex [161


] [162]
Overfull \hbox (141.72093pt too wide) in paragraph at lines 167--167
[]\T1/aett/bx/n/10.95 47     self.actionAddLayer = QAction(QIcon("(qgis_prefix 
+ "/share/qgis/themes/classic/mActionAddLayer.png"),[] 
 []


Overfull \hbox (130.24538pt too wide) in paragraph at lines 167--167
[]\T1/aett/bx/n/10.95 51     self.actionZoomIn = QAction(QIcon("(qgis_prefix + 
"/share/qgis/themes/classic/mActionZoomIn.png"), \[] 
 []


Overfull \hbox (141.72093pt too wide) in paragraph at lines 167--167
[]\T1/aett/bx/n/10.95 54     self.actionZoomOut = QAction(QIcon("(qgis_prefix +
 "/share/qgis/themes/classic/mActionZoomOut.png"), \[] 
 []


Overfull \hbox (95.81871pt too wide) in paragraph at lines 167--167
[]\T1/aett/bx/n/10.95 57     self.actionPan = QAction(QIcon("(qgis_prefix + "/s
hare/qgis/themes/classic/mActionPan.png"), \[] 
 []

[163]
Overfull \hbox (187.62315pt too wide) in paragraph at lines 167--167
[]\T1/aett/bx/n/10.95 60     self.actionZoomFull = QAction(QIcon("(qgis_prefix 
+ "/share/qgis/themes/classic/mActionZoomFullExtent.png"), \[] 
 []

[164] [165] [166]
File: ./finalpix/nix.eps Graphic file (type eps)
 <./finalpix/nix.eps>
File: ./finalpix/osx.eps Graphic file (type eps)
 <./finalpix/osx.eps>
File: ./finalpix/win.eps Graphic file (type eps)

<./finalpix/win.eps> [167]
File: ./finalpix/nix.eps Graphic file (type eps)
 <./finalpix/nix.eps>
File: ./finalpix/osx.eps Graphic file (type eps)
 <./finalpix/osx.eps>
File: ./finalpix/win.eps Graphic file (type eps)

<./finalpix/win.eps>) [168]
\openout2 = `help_and_support.aux'.

 (./help_and_support.tex [169


]
Underfull \vbox (badness 6364) has occurred while \output is active []

 [170])
[171]
\openout2 = `appendices/supported_data_formats.aux'.

 (./appendices/supported_data_formats.tex [172


] [173] [174])
\openout2 = `appendices/grass_toolbox_modules.aux'.


(./appendices/grass_toolbox_modules.tex [175



]
Underfull \vbox (badness 4120) has occurred while \output is active []

 [176]
[177] [178

] [179] [180] [181] [182

] [183] [184] [185

] [186

]) [187

]
\openout2 = `install.aux'.


(./install.tex [188


] [189]
Underfull \hbox (badness 7631) in paragraph at lines 104--106
[]\T1/phv/m/n/10.95 If you plan to do some de-bug-ging, you'll need to com-pile
 de-bug ver-sion of Qt:
 []


Underfull \hbox (badness 1354) in paragraph at lines 121--122
[][][][]$\T1/aett/bx/n/10.95 http : / / sourceforge . net / project / showfiles
 . php ? group _ id = 23617&package _ id = 16424$[][][][] \T1/phv/m/n/10.95 (th
e zip
 []

[190] [191] [192]
Underfull \hbox (badness 5533) in paragraph at lines 250--253
[]\T1/phv/m/n/10.95 Another pos-si-bil-ity is to run qgis.exe when your path co
n-tains c:$\OMS/cmsy/m/n/10.95 n$\T1/phv/m/n/10.95 msys$\OMS/cmsy/m/n/10.95 n$\
T1/phv/m/n/10.95 local$\OMS/cmsy/m/n/10.95 n$\T1/phv/m/n/10.95 bin and
 []


Package hyperref Warning: Token not allowed in a PDFDocEncoded string,
(hyperref)                removing `math shift' on input line 262.


Package hyperref Warning: Token not allowed in a PDFDocEncoded string,
(hyperref)                removing `math shift' on input line 262.

[193] [194] [195] [196] [197]
Underfull \hbox (badness 10000) in paragraph at lines 491--493
[]\T1/phv/m/n/10.95 You also need to in-stall BerkleyDB avail-able from the sam
e
 []

[198] [199]
Underfull \hbox (badness 3068) in paragraph at lines 573--576
[]$[]$ \T1/phv/m/n/10.95 To find the cus-tom in-stall of SIP on Leop-ard, add "
"- D SIP_-BI-NARY_-
 []

[200] [201] [202] [203] [204] [205] [206] [207]
Overfull \hbox (9.75204pt too wide) in paragraph at lines 996--996
[]\T1/aett/bx/n/10.95 g++ -s -shared -o ./libgdal.dll -L/usr/local/lib -lz -lpn
g ./frmts/o/*.o ./gcore/*.o \[] 
 []


Overfull \hbox (15.48982pt too wide) in paragraph at lines 996--996
[]\T1/aett/bx/n/10.95 ./ogr/ogrpolygon.o ./ogr/ogrutils.o ./ogr/ogrgeometry.o .
/ogr/ogrgeometrycollection.o \[] 
 []


Overfull \hbox (9.75204pt too wide) in paragraph at lines 996--996
[]\T1/aett/bx/n/10.95 ./ogr/ogrmultilinestring.o ./ogr/ogr_api.o ./ogr/ogrfeatu
re.o ./ogr/ogrfeaturedefn.o \[] 
 []


Overfull \hbox (21.2276pt too wide) in paragraph at lines 996--996
[]\T1/aett/bx/n/10.95 ./ogr/ogr_srs_pci.o ./ogr/ogr_srs_usgs.o ./ogr/ogr_srs_di
ct.o ./ogr/ogr_srs_panorama.o \[] 
 []


Overfull \hbox (4.01427pt too wide) in paragraph at lines 996--996
[]\T1/aett/bx/n/10.95 ./ogr/swq.o ./ogr/ogr_srs_validate.o ./ogr/ogr_srs_xml.o 
./ogr/ograssemblepolygon.o \[] 
 []

[208] [209]
Overfull \hbox (21.2276pt too wide) in paragraph at lines 1038--1038
[]\T1/aett/bx/n/10.95 ./configure --prefix=/usr/local --bindir=/usr/local --wit
h-includes=/usr/local/include \[] 
 []


Overfull \hbox (26.96538pt too wide) in paragraph at lines 1038--1038
[]\T1/aett/bx/n/10.95 --with-libs=/usr/local/lib --with-cxx --without-jpeg --wi
thout-tiff --with-postgres=yes \[] 
 []


Overfull \hbox (21.2276pt too wide) in paragraph at lines 1069--1069
[]\T1/aett/bx/n/10.95 -L/usr/local/grass-6.3.cvs/lib -lgrass\_vect -lgrass\_dig
2 -lgrass\_dgl -lgrass\_rtree \[] 
 []

[210] [211]
Overfull \hbox (26.96538pt too wide) in paragraph at lines 1161--1161
[]\T1/aett/bx/n/10.95 http://wwwmaster.postgresql.org/download/mirrors-ftp?file
=\%2Fbinary\%2Fv8.2.4\%2Fwin32 \[] 
 []


Underfull \hbox (badness 3189) in paragraph at lines 1166--1168
\T1/phv/m/n/10.95 We're done with prepa-ra-tion of MSYS en-vi-ron-ment. Now you
 can delete all stuff in
 []

[212]
Underfull \hbox (badness 1132) in paragraph at lines 1189--1190
[]\T1/phv/m/n/10.95 Add \T1/aett/bx/n/10.95 %PlatformSDKDir%$\OMS/cmsy/m/n/10.9
5 n$\T1/aett/bx/n/10.95 Include$\OMS/cmsy/m/n/10.95 n$\T1/aett/bx/n/10.95 atl \
T1/phv/m/n/10.95 and \T1/aett/bx/n/10.95 %PlatformSDKDir%$\OMS/cmsy/m/n/10.95 n
$\T1/aett/bx/n/10.95 Include$\OMS/cmsy/m/n/10.95 n$\T1/aett/bx/n/10.95 mfc \T1/
phv/m/n/10.95 to the
 []


Underfull \vbox (badness 3579) has occurred while \output is active []

 [213]
[214] [215]
Underfull \hbox (badness 10000) in paragraph at lines 1297--1299
\T1/phv/m/n/10.95 Get geos from svn (svn check-out [][][]http://svn.refractions
.net/geos/trunk[][][][] geos). Edit
 []

[216] [217]
Underfull \hbox (badness 1990) in paragraph at lines 1393--1394
[]\T1/phv/m/n/10.95 Install QGIS by build-ing the IN-STALL project. By de-fault
 this will in-stall to c:$\OMS/cmsy/m/n/10.95 n$\T1/phv/m/n/10.95 Program
 []

[218] [219] [220] [221]
Overfull \hbox (4.01427pt too wide) in paragraph at lines 1583--1583
[]\T1/aett/bx/n/10.95 Library files: C:\Program Files\Microsoft Platform SDK fo
r Windows Server 2003 R2\Lib[] 
 []


Overfull \hbox (15.48982pt too wide) in paragraph at lines 1591--1591
[]\T1/aett/bx/n/10.95 C:\Program Files\Microsoft Visual Studio 8\VC\VCProjectDe
faults\corewin_express.vsprops[] 
 []

[222]
Overfull \hbox (15.48982pt too wide) in paragraph at lines 1668--1668
[]\T1/aett/bx/n/10.95 @set PATH=C:\Program Files\Microsoft Platform SDK for Win
dows Server 2003 R2\Bin;%PATH%[] 
 []

[223]
Overfull \hbox (4.01427pt too wide) in paragraph at lines 1668--1668
[]\T1/aett/bx/n/10.95 @set LIB=C:\Program Files\Microsoft Platform SDK for Wind
ows Server 2003 R2\Lib;%LIB%[] 
 []


Overfull \hbox (15.48982pt too wide) in paragraph at lines 1699--1699
[]\T1/aett/bx/n/10.95 INCLUDE            C:\Program Files\Microsoft Platform SD
K for Windows Server 2003 R2 \[] 
 []


Overfull \hbox (15.48982pt too wide) in paragraph at lines 1699--1699
[]\T1/aett/bx/n/10.95 LIB                C:\Program Files\Microsoft Platform SD
K for Windows Server 2003 R2 \[] 
 []

[224]
Overfull \hbox (15.48982pt too wide) in paragraph at lines 1699--1699
[]                   \T1/aett/bx/n/10.95 C:\Program Files\Microsoft Platform SD
K for Windows Server 2003 R2 \[] 
 []


Overfull \hbox (26.96538pt too wide) in paragraph at lines 1699--1699
[]                   \T1/aett/bx/n/10.95 C:\Program Files\Microsoft Platform SD
K for Windows Server 2003 R2\  \[] 
 []


Overfull \hbox (21.2276pt too wide) in paragraph at lines 1699--1699
[]                   \T1/aett/bx/n/10.95 C:\Program Files\svn\bin;C:\Program Fi
les\Microsoft Visual Studio 8 \[] 
 []

[225] [226]
Underfull \hbox (badness 3547) in paragraph at lines 1798--1801
\T1/phv/m/n/10.95 Download [][][]http://www.riverbankcomputing.com/Downloads/Py
Qt4/GPL/PyQt-win-gpl-4.3.1.zip[][][][] and
 []

[227] [228]) [229]
\openout2 = `coding.aux'.

 (./coding.tex
Underfull \hbox (badness 10000) in paragraph at lines 16--22

 []

[230


] [231] [232] [233] [234] [235] [236]
Overfull \hbox (23.41713pt too wide) in paragraph at lines 285--289
\T1/phv/m/n/10.95 More Ef-fec-tive C++ [][][]$\T1/aett/bx/n/10.95 http : / / ww
w . awprofessional . com / bookstore / product . asp ? isbn = 020163371X&rl = 1
$[][][][] 
 []


Underfull \hbox (badness 10000) in paragraph at lines 290--292
[]\T1/phv/m/n/10.95 You should also re-ally read this ar-ti-cle from Qt Quar-te
rly on de-sign-ing Qt style
 []

[237] [238] [239] [240] [241] [242] [243] [244] [245] [246]
Underfull \vbox (badness 1142) has occurred while \output is active []

 [247]
Overfull \hbox (9.75204pt too wide) in paragraph at lines 799--799
[]  \T1/aett/bx/n/10.95 std::cout << "Prefix  PATH: " << QgsApplication::prefix
Path().toLocal8Bit().data() \[] 
 []


Overfull \hbox (9.75204pt too wide) in paragraph at lines 799--799
[]  \T1/aett/bx/n/10.95 std::cout << "Plugin  PATH: " << QgsApplication::plugin
Path().toLocal8Bit().data() \[] 
 []


Overfull \hbox (15.48982pt too wide) in paragraph at lines 799--799
[]  \T1/aett/bx/n/10.95 std::cout << "PkgData PATH: " << QgsApplication::pkgDat
aPath().toLocal8Bit().data() \[] 
 []


Overfull \hbox (15.48982pt too wide) in paragraph at lines 799--799
[]  \T1/aett/bx/n/10.95 std::cout << "User DB PATH: " << QgsApplication::qgisUs
erDbFilePath().toLocal8Bit() \[] 
 []

[248] [249]
Overfull \hbox (15.48982pt too wide) in paragraph at lines 901--901
[]\T1/aett/bx/n/10.95 ADD_CUSTOM_TARGET(qgis_rasterlayertestmoc ALL DEPENDS ${q
gis_rasterlayertest_MOC_SRCS})[] 
 []

[250]
Overfull \hbox (15.48982pt too wide) in paragraph at lines 926--926
[]\T1/aett/bx/n/10.95 ADD_CUSTOM_TARGET(qgis_rasterlayertestmoc ALL DEPENDS ${q
gis_rasterlayertest_MOC_SRCS})[] 
 []

[251] [252] [253]) [254]
\openout2 = `appendices/gpl.aux'.

 (./appendices/gpl.tex
Underfull \vbox (badness 3068) has occurred while \output is active []

 [255


]
Underfull \vbox (badness 10000) has occurred while \output is active []

 [256]
Underfull \vbox (badness 10000) has occurred while \output is active []

 [257])
Underfull \vbox (badness 10000) has occurred while \output is active []

 [258]
[259]
\openout2 = `appendices/qgis_qt_gpl_exception.aux'.

 (./appendices/qgis_qt_gpl_exception.tex) [260


]
\openout2 = `literature.aux'.

 (./literature.tex
\openout5 = `btaux.aux'.

\openout5 = `user_guide1.aux'.


(./user_guide1.bbl)
\openout5 = `btaux.aux'.

\openout5 = `user_guide2.aux'.

 (./user_guide2.bbl)) [261


]
\openout2 = `index.aux'.

 (./index.tex
No file user_guide.ind.
) (./user_guide.aux (./title.aux) (./preamble.aux) (./toc.aux) (./forward.aux)
(./conventions.aux) (./introduction.aux) (./getting_started.aux)
(./features_at_a_glance.aux) (./working_with_vector.aux)
(./working_with_raster.aux) (./working_with_ogc.aux)
(./working_with_projections.aux) (./grass_integration.aux)
(./print_composer.aux) (./plugins.aux) (./core_plugins.aux)
(./plugins_coordinate_capture.aux) (./plugins_decorations.aux)
(./plugins_delimited_text.aux) (./plugins_dxf2shape_converter.aux)
(./plugins_georeferencer.aux) (./plugins_quick_print.aux) (./plugins_gps.aux)
(./plugins_graticule_creator.aux) (./plugins_interpolation.aux)
(./plugins_mapserver_export.aux) (./plugins_ogr_converter.aux)
(./external_plugins.aux) (./plugins_writing_in_cpp.aux)
(./plugins_writing_in_python.aux) (./creating_cpp_applications.aux)
(./creating_pyqgis_applications.aux) (./help_and_support.aux)
(./appendices/supported_data_formats.aux)
(./appendices/grass_toolbox_modules.aux) (./install.aux) (./coding.aux)
(./appendices/gpl.aux) (./appendices/qgis_qt_gpl_exception.aux)
(./literature.aux) (./index.aux))

LaTeX Font Warning: Some font shapes were not available, defaults substituted.

 ) 
Here is how much of TeX's memory you used:
 8973 strings out of 94075
 133257 string characters out of 1165176
 272960 words of memory out of 1500000
 11559 multiletter control sequences out of 10000+50000
 49343 words of font info for 82 fonts, out of 1200000 for 2000
 645 hyphenation exceptions out of 8191
 45i,13n,49p,781b,512s stack positions out of 5000i,500n,6000p,200000b,5000s

Output written on user_guide.dvi (277 pages, 1620472 bytes).
