\BOOKMARK [1][-]{section*.1}{Title}{}
\BOOKMARK [1][-]{section*.1}{Preamble}{}
\BOOKMARK [1][-]{section*.2}{Table of Contents}{}
\BOOKMARK [1][-]{section*.3}{List of Figures}{}
\BOOKMARK [1][-]{section*.4}{List of Tables}{}
\BOOKMARK [1][-]{section*.5}{List of QGIS Tips}{}
\BOOKMARK [1][-]{section.1}{Forward}{}
\BOOKMARK [2][-]{subsection.1.1}{Features}{section.1}
\BOOKMARK [2][-]{subsection.1.2}{Conventions}{section.1}
\BOOKMARK [1][-]{section.2}{Introduction To GIS}{}
\BOOKMARK [2][-]{subsection.2.1}{Why is all this so new?}{section.2}
\BOOKMARK [3][-]{subsubsection.2.1.1}{Raster Data}{subsection.2.1}
\BOOKMARK [3][-]{subsubsection.2.1.2}{Vector Data}{subsection.2.1}
\BOOKMARK [1][-]{section.3}{Getting Started}{}
\BOOKMARK [2][-]{subsection.3.1}{Installation}{section.3}
\BOOKMARK [2][-]{subsection.3.2}{Sample Data}{section.3}
\BOOKMARK [2][-]{subsection.3.3}{Sample Session}{section.3}
\BOOKMARK [1][-]{section.4}{Features at a Glance}{}
\BOOKMARK [2][-]{subsection.4.1}{Starting and Stopping QGIS}{section.4}
\BOOKMARK [3][-]{subsubsection.4.1.1}{Command Line Options}{subsection.4.1}
\BOOKMARK [2][-]{subsection.4.2}{QGIS GUI}{section.4}
\BOOKMARK [3][-]{subsubsection.4.2.1}{Menu Bar}{subsection.4.2}
\BOOKMARK [3][-]{subsubsection.4.2.2}{Toolbars}{subsection.4.2}
\BOOKMARK [3][-]{subsubsection.4.2.3}{Map Legend}{subsection.4.2}
\BOOKMARK [3][-]{subsubsection.4.2.4}{Map View}{subsection.4.2}
\BOOKMARK [3][-]{subsubsection.4.2.5}{Map Overview}{subsection.4.2}
\BOOKMARK [3][-]{subsubsection.4.2.6}{Status Bar}{subsection.4.2}
\BOOKMARK [2][-]{subsection.4.3}{Rendering}{section.4}
\BOOKMARK [3][-]{subsubsection.4.3.1}{Scale Dependent Rendering}{subsection.4.3}
\BOOKMARK [3][-]{subsubsection.4.3.2}{Controlling Map Rendering}{subsection.4.3}
\BOOKMARK [2][-]{subsection.4.4}{Measuring}{section.4}
\BOOKMARK [3][-]{subsubsection.4.4.1}{Measure length and areas}{subsection.4.4}
\BOOKMARK [2][-]{subsection.4.5}{Projects}{section.4}
\BOOKMARK [2][-]{subsection.4.6}{Output}{section.4}
\BOOKMARK [2][-]{subsection.4.7}{GUI Options}{section.4}
\BOOKMARK [2][-]{subsection.4.8}{Spatial Bookmarks}{section.4}
\BOOKMARK [3][-]{subsubsection.4.8.1}{Creating a Bookmark}{subsection.4.8}
\BOOKMARK [3][-]{subsubsection.4.8.2}{Working with Bookmarks}{subsection.4.8}
\BOOKMARK [3][-]{subsubsection.4.8.3}{Zooming to a Bookmark}{subsection.4.8}
\BOOKMARK [3][-]{subsubsection.4.8.4}{Deleting a Bookmark}{subsection.4.8}
\BOOKMARK [1][-]{section.5}{Working with Vector Data}{}
\BOOKMARK [2][-]{subsection.5.1}{ESRI Shapefiles}{section.5}
\BOOKMARK [3][-]{subsubsection.5.1.1}{Loading a Shapefile}{subsection.5.1}
\BOOKMARK [3][-]{subsubsection.5.1.2}{Improving Performance}{subsection.5.1}
\BOOKMARK [3][-]{subsubsection.5.1.3}{Loading a MapInfo Layer}{subsection.5.1}
\BOOKMARK [3][-]{subsubsection.5.1.4}{Loading an ArcInfo Coverage}{subsection.5.1}
\BOOKMARK [2][-]{subsection.5.2}{PostGIS Layers}{section.5}
\BOOKMARK [3][-]{subsubsection.5.2.1}{Creating a stored Connection}{subsection.5.2}
\BOOKMARK [3][-]{subsubsection.5.2.2}{Loading a PostGIS Layer}{subsection.5.2}
\BOOKMARK [3][-]{subsubsection.5.2.3}{Some details about PostgreSQL layers}{subsection.5.2}
\BOOKMARK [3][-]{subsubsection.5.2.4}{Importing Data into PostgreSQL}{subsection.5.2}
\BOOKMARK [3][-]{subsubsection.5.2.5}{Improving Performance}{subsection.5.2}
\BOOKMARK [2][-]{subsection.5.3}{The Vector Properties Dialog}{section.5}
\BOOKMARK [3][-]{subsubsection.5.3.1}{General Tab}{subsection.5.3}
\BOOKMARK [3][-]{subsubsection.5.3.2}{Symbology Tab}{subsection.5.3}
\BOOKMARK [3][-]{subsubsection.5.3.3}{Metadata Tab}{subsection.5.3}
\BOOKMARK [3][-]{subsubsection.5.3.4}{Labels Tab}{subsection.5.3}
\BOOKMARK [3][-]{subsubsection.5.3.5}{Actions Tab}{subsection.5.3}
\BOOKMARK [3][-]{subsubsection.5.3.6}{Attributes Tab}{subsection.5.3}
\BOOKMARK [2][-]{subsection.5.4}{Editing}{section.5}
\BOOKMARK [3][-]{subsubsection.5.4.1}{Setting the Snapping Tolerance and Search Radius}{subsection.5.4}
\BOOKMARK [3][-]{subsubsection.5.4.2}{Topological editing}{subsection.5.4}
\BOOKMARK [3][-]{subsubsection.5.4.3}{Editing an Existing Layer}{subsection.5.4}
\BOOKMARK [3][-]{subsubsection.5.4.4}{Creating a New Layer}{subsection.5.4}
\BOOKMARK [2][-]{subsection.5.5}{Query Builder}{section.5}
\BOOKMARK [2][-]{subsection.5.6}{Select by query}{section.5}
\BOOKMARK [1][-]{section.6}{Working with Raster Data}{}
\BOOKMARK [2][-]{subsection.6.1}{What is raster data?}{section.6}
\BOOKMARK [2][-]{subsection.6.2}{Loading raster data in QGIS}{section.6}
\BOOKMARK [2][-]{subsection.6.3}{Raster Properties Dialog}{section.6}
\BOOKMARK [3][-]{subsubsection.6.3.1}{Symbology Tab}{subsection.6.3}
\BOOKMARK [3][-]{subsubsection.6.3.2}{Transparency Tab}{subsection.6.3}
\BOOKMARK [3][-]{subsubsection.6.3.3}{Colormap}{subsection.6.3}
\BOOKMARK [3][-]{subsubsection.6.3.4}{General Tab}{subsection.6.3}
\BOOKMARK [3][-]{subsubsection.6.3.5}{Metadata Tab}{subsection.6.3}
\BOOKMARK [3][-]{subsubsection.6.3.6}{Pyramids Tab}{subsection.6.3}
\BOOKMARK [3][-]{subsubsection.6.3.7}{Histogram Tab}{subsection.6.3}
\BOOKMARK [1][-]{section.7}{Working with OGC Data}{}
\BOOKMARK [2][-]{subsection.7.1}{What is OGC Data}{section.7}
\BOOKMARK [2][-]{subsection.7.2}{WMS Client}{section.7}
\BOOKMARK [3][-]{subsubsection.7.2.1}{Overview of WMS Support}{subsection.7.2}
\BOOKMARK [3][-]{subsubsection.7.2.2}{Selecting WMS Servers}{subsection.7.2}
\BOOKMARK [3][-]{subsubsection.7.2.3}{Loading WMS Layers}{subsection.7.2}
\BOOKMARK [3][-]{subsubsection.7.2.4}{Using the Identify Tool}{subsection.7.2}
\BOOKMARK [3][-]{subsubsection.7.2.5}{Viewing Properties}{subsection.7.2}
\BOOKMARK [3][-]{subsubsection.7.2.6}{WMS Client Limitations}{subsection.7.2}
\BOOKMARK [2][-]{subsection.7.3}{WFS Client}{section.7}
\BOOKMARK [3][-]{subsubsection.7.3.1}{Loading a WFS Layer}{subsection.7.3}
\BOOKMARK [1][-]{section.8}{Working with Projections}{}
\BOOKMARK [2][-]{subsection.8.1}{Overview of Projection Support}{section.8}
\BOOKMARK [2][-]{subsection.8.2}{Specifying a Projection}{section.8}
\BOOKMARK [2][-]{subsection.8.3}{Define On The Fly \(OTF\) Projection}{section.8}
\BOOKMARK [2][-]{subsection.8.4}{Custom Coordinate Reference System}{section.8}
\BOOKMARK [1][-]{section.9}{GRASS GIS Integration}{}
\BOOKMARK [2][-]{subsection.9.1}{Starting the GRASS plugin}{section.9}
\BOOKMARK [2][-]{subsection.9.2}{Loading GRASS raster and vector layers}{section.9}
\BOOKMARK [2][-]{subsection.9.3}{GRASS LOCATION and MAPSET}{section.9}
\BOOKMARK [3][-]{subsubsection.9.3.1}{Creating a new GRASS LOCATION}{subsection.9.3}
\BOOKMARK [3][-]{subsubsection.9.3.2}{Adding a new MAPSET}{subsection.9.3}
\BOOKMARK [2][-]{subsection.9.4}{Importing data into a GRASS LOCATION}{section.9}
\BOOKMARK [2][-]{subsection.9.5}{The GRASS vector data model}{section.9}
\BOOKMARK [2][-]{subsection.9.6}{Creating a new GRASS vector layer}{section.9}
\BOOKMARK [2][-]{subsection.9.7}{Digitizing and editing a GRASS vector layer}{section.9}
\BOOKMARK [2][-]{subsection.9.8}{The GRASS region tool}{section.9}
\BOOKMARK [2][-]{subsection.9.9}{The GRASS toolbox}{section.9}
\BOOKMARK [3][-]{subsubsection.9.9.1}{Working with GRASS modules}{subsection.9.9}
\BOOKMARK [3][-]{subsubsection.9.9.2}{Working with the GRASS LOCATION browser}{subsection.9.9}
\BOOKMARK [3][-]{subsubsection.9.9.3}{Customizing the GRASS Toolbox}{subsection.9.9}
\BOOKMARK [1][-]{section.10}{Print Composer}{}
\BOOKMARK [2][-]{subsection.10.1}{Using Print Composer}{section.10}
\BOOKMARK [3][-]{subsubsection.10.1.1}{Adding a current QGIS map canvas to the Print Composer}{subsection.10.1}
\BOOKMARK [3][-]{subsubsection.10.1.2}{Adding other elements to the Print Composer}{subsection.10.1}
\BOOKMARK [3][-]{subsubsection.10.1.3}{Navigation tools}{subsection.10.1}
\BOOKMARK [3][-]{subsubsection.10.1.4}{Creating Output}{subsection.10.1}
\BOOKMARK [1][-]{section.11}{QGIS Plugins}{}
\BOOKMARK [2][-]{subsection.11.1}{Managing Plugins}{section.11}
\BOOKMARK [3][-]{subsubsection.11.1.1}{Loading a QGIS Core Plugin}{subsection.11.1}
\BOOKMARK [3][-]{subsubsection.11.1.2}{Loading an external QGIS Plugin}{subsection.11.1}
\BOOKMARK [3][-]{subsubsection.11.1.3}{Using the QGIS Python Plugin Installer}{subsection.11.1}
\BOOKMARK [2][-]{subsection.11.2}{Data Providers}{section.11}
\BOOKMARK [1][-]{section.12}{Using QGIS Core Plugins}{}
\BOOKMARK [2][-]{subsection.12.1}{Coordinate Capture Plugin}{section.12}
\BOOKMARK [2][-]{subsection.12.2}{Decorations Plugins}{section.12}
\BOOKMARK [3][-]{subsubsection.12.2.1}{Copyright Label Plugin}{subsection.12.2}
\BOOKMARK [3][-]{subsubsection.12.2.2}{North Arrow Plugin}{subsection.12.2}
\BOOKMARK [3][-]{subsubsection.12.2.3}{Scale Bar Plugin}{subsection.12.2}
\BOOKMARK [2][-]{subsection.12.3}{Delimited Text Plugin}{section.12}
\BOOKMARK [2][-]{subsection.12.4}{Dxf2Shp Converter Plugin}{section.12}
\BOOKMARK [2][-]{subsection.12.5}{Georeferencer Plugin}{section.12}
\BOOKMARK [2][-]{subsection.12.6}{Quick Print Plugin}{section.12}
\BOOKMARK [2][-]{subsection.12.7}{GPS Plugin}{section.12}
\BOOKMARK [3][-]{subsubsection.12.7.1}{What is GPS?}{subsection.12.7}
\BOOKMARK [3][-]{subsubsection.12.7.2}{Loading GPS data from a file}{subsection.12.7}
\BOOKMARK [3][-]{subsubsection.12.7.3}{GPSBabel}{subsection.12.7}
\BOOKMARK [3][-]{subsubsection.12.7.4}{Importing GPS data}{subsection.12.7}
\BOOKMARK [3][-]{subsubsection.12.7.5}{Downloading GPS data from a device}{subsection.12.7}
\BOOKMARK [3][-]{subsubsection.12.7.6}{Uploading GPS data to a device}{subsection.12.7}
\BOOKMARK [3][-]{subsubsection.12.7.7}{Defining new device types}{subsection.12.7}
\BOOKMARK [2][-]{subsection.12.8}{Graticule Creator Plugin}{section.12}
\BOOKMARK [2][-]{subsection.12.9}{Interpolation Plugin}{section.12}
\BOOKMARK [2][-]{subsection.12.10}{MapServer Export Plugin}{section.12}
\BOOKMARK [3][-]{subsubsection.12.10.1}{Creating the Project File}{subsection.12.10}
\BOOKMARK [3][-]{subsubsection.12.10.2}{Creating the Map File}{subsection.12.10}
\BOOKMARK [3][-]{subsubsection.12.10.3}{Testing the Map File}{subsection.12.10}
\BOOKMARK [2][-]{subsection.12.11}{OGR Converter Plugin}{section.12}
\BOOKMARK [1][-]{section.13}{Using external QGIS Python Plugins}{}
\BOOKMARK [1][-]{section.14}{Writing a QGIS Plugin in C++}{}
\BOOKMARK [2][-]{subsection.14.1}{Why C++ and what about licensing}{section.14}
\BOOKMARK [2][-]{subsection.14.2}{Programming a QGIS C++ Plugin in four steps}{section.14}
\BOOKMARK [2][-]{subsection.14.3}{Further information}{section.14}
\BOOKMARK [1][-]{section.15}{Writing a QGIS Plugin in Python}{}
\BOOKMARK [2][-]{subsection.15.1}{Why Python and what about licensing}{section.15}
\BOOKMARK [2][-]{subsection.15.2}{What needs to be installed to get started}{section.15}
\BOOKMARK [2][-]{subsection.15.3}{Programming a simple PyQGIS Plugin in four steps}{section.15}
\BOOKMARK [2][-]{subsection.15.4}{Committing the plugin to repository}{section.15}
\BOOKMARK [2][-]{subsection.15.5}{Further information}{section.15}
\BOOKMARK [1][-]{section.16}{Creating C++ Applications}{}
\BOOKMARK [2][-]{subsection.16.1}{Creating a simple mapping widget}{section.16}
\BOOKMARK [2][-]{subsection.16.2}{Working with QgsMapCanvas}{section.16}
\BOOKMARK [1][-]{section.17}{Creating PyQGIS Applications}{}
\BOOKMARK [2][-]{subsection.17.1}{Designing the GUI}{section.17}
\BOOKMARK [2][-]{subsection.17.2}{Creating the MainWindow}{section.17}
\BOOKMARK [2][-]{subsection.17.3}{Finishing Up}{section.17}
\BOOKMARK [2][-]{subsection.17.4}{Running the Application}{section.17}
\BOOKMARK [1][-]{section.18}{Help and Support}{}
\BOOKMARK [2][-]{subsection.18.1}{Mailinglists}{section.18}
\BOOKMARK [2][-]{subsection.18.2}{IRC}{section.18}
\BOOKMARK [2][-]{subsection.18.3}{BugTracker}{section.18}
\BOOKMARK [2][-]{subsection.18.4}{Blog}{section.18}
\BOOKMARK [2][-]{subsection.18.5}{Wiki}{section.18}
\BOOKMARK [1][-]{appendix.A}{Supported Data Formats}{}
\BOOKMARK [2][-]{subsection.A.1}{Supported OGR Formats}{appendix.A}
\BOOKMARK [2][-]{subsection.A.2}{GDAL Raster Formats}{appendix.A}
\BOOKMARK [1][-]{appendix.B}{GRASS Toolbox modules}{}
\BOOKMARK [2][-]{subsection.B.1}{GRASS Toolbox data import and export modules}{appendix.B}
\BOOKMARK [2][-]{subsection.B.2}{GRASS Toolbox data type conversion modules}{appendix.B}
\BOOKMARK [2][-]{subsection.B.3}{GRASS Toolbox region and projection configuration modules}{appendix.B}
\BOOKMARK [2][-]{subsection.B.4}{GRASS Toolbox raster data modules}{appendix.B}
\BOOKMARK [2][-]{subsection.B.5}{GRASS Toolbox vector data modules}{appendix.B}
\BOOKMARK [2][-]{subsection.B.6}{GRASS Toolbox imagery data modules}{appendix.B}
\BOOKMARK [2][-]{subsection.B.7}{GRASS Toolbox database modules}{appendix.B}
\BOOKMARK [2][-]{subsection.B.8}{GRASS Toolbox 3D modules}{appendix.B}
\BOOKMARK [2][-]{subsection.B.9}{GRASS Toolbox help modules}{appendix.B}
\BOOKMARK [1][-]{appendix.C}{Installation Guide}{}
\BOOKMARK [2][-]{subsection.C.1}{General Build Notes}{appendix.C}
\BOOKMARK [2][-]{subsection.C.2}{An overview of the dependencies required for building}{appendix.C}
\BOOKMARK [1][-]{appendix.D}{Building under windows using msys}{}
\BOOKMARK [2][-]{subsection.D.1}{MSYS:}{appendix.D}
\BOOKMARK [2][-]{subsection.D.2}{Qt4.3}{appendix.D}
\BOOKMARK [2][-]{subsection.D.3}{Flex and Bison}{appendix.D}
\BOOKMARK [2][-]{subsection.D.4}{Python stuff: \(optional\)}{appendix.D}
\BOOKMARK [3][-]{subsubsection.D.4.1}{Download and install Python - use Windows installer}{subsection.D.4}
\BOOKMARK [3][-]{subsubsection.D.4.2}{Download SIP and PyQt4 sources}{subsection.D.4}
\BOOKMARK [3][-]{subsubsection.D.4.3}{Compile SIP}{subsection.D.4}
\BOOKMARK [3][-]{subsubsection.D.4.4}{Compile PyQt}{subsection.D.4}
\BOOKMARK [3][-]{subsubsection.D.4.5}{Final python notes}{subsection.D.4}
\BOOKMARK [2][-]{subsection.D.5}{Subversion:}{appendix.D}
\BOOKMARK [2][-]{subsection.D.6}{CMake:}{appendix.D}
\BOOKMARK [2][-]{subsection.D.7}{QGIS:}{appendix.D}
\BOOKMARK [2][-]{subsection.D.8}{Compiling:}{appendix.D}
\BOOKMARK [2][-]{subsection.D.9}{Configuration}{appendix.D}
\BOOKMARK [2][-]{subsection.D.10}{Compilation and installation}{appendix.D}
\BOOKMARK [2][-]{subsection.D.11}{Run qgis.exe from the directory where it's installed \(CMAKE\137INSTALL\137PREFIX\)}{appendix.D}
\BOOKMARK [2][-]{subsection.D.12}{Create the installation package: \(optional\)}{appendix.D}
\BOOKMARK [1][-]{appendix.E}{Building on Mac OSX using frameworks and cmake \(QGIS > 0.8\)}{}
\BOOKMARK [2][-]{subsection.E.1}{Install XCODE}{appendix.E}
\BOOKMARK [2][-]{subsection.E.2}{Install Qt4 from .dmg}{appendix.E}
\BOOKMARK [2][-]{subsection.E.3}{Install development frameworks for QGIS dependencies}{appendix.E}
\BOOKMARK [3][-]{subsubsection.E.3.1}{Additional Dependencies : GSL}{subsection.E.3}
\BOOKMARK [3][-]{subsubsection.E.3.2}{Additional Dependencies : Expat}{subsection.E.3}
\BOOKMARK [3][-]{subsubsection.E.3.3}{Additional Dependencies : SIP}{subsection.E.3}
\BOOKMARK [3][-]{subsubsection.E.3.4}{Additional Dependencies : PyQt}{subsection.E.3}
\BOOKMARK [3][-]{subsubsection.E.3.5}{Additional Dependencies : Bison}{subsection.E.3}
\BOOKMARK [2][-]{subsection.E.4}{Install CMAKE for OSX}{appendix.E}
\BOOKMARK [2][-]{subsection.E.5}{Install subversion for OSX}{appendix.E}
\BOOKMARK [2][-]{subsection.E.6}{Check out QGIS from SVN}{appendix.E}
\BOOKMARK [2][-]{subsection.E.7}{Configure the build}{appendix.E}
\BOOKMARK [2][-]{subsection.E.8}{Building}{appendix.E}
\BOOKMARK [1][-]{appendix.F}{Building on GNU/Linux}{}
\BOOKMARK [2][-]{subsection.F.1}{Building QGIS with Qt4.x}{appendix.F}
\BOOKMARK [2][-]{subsection.F.2}{Prepare apt}{appendix.F}
\BOOKMARK [2][-]{subsection.F.3}{Install Qt4}{appendix.F}
\BOOKMARK [2][-]{subsection.F.4}{Install additional software dependencies required by QGIS}{appendix.F}
\BOOKMARK [2][-]{subsection.F.5}{GRASS Specific Steps}{appendix.F}
\BOOKMARK [2][-]{subsection.F.6}{Setup ccache \(Optional\)}{appendix.F}
\BOOKMARK [2][-]{subsection.F.7}{Prepare your development environment}{appendix.F}
\BOOKMARK [2][-]{subsection.F.8}{Check out the QGIS Source Code}{appendix.F}
\BOOKMARK [2][-]{subsection.F.9}{Starting the compile}{appendix.F}
\BOOKMARK [2][-]{subsection.F.10}{Building Debian packages}{appendix.F}
\BOOKMARK [2][-]{subsection.F.11}{Running QGIS}{appendix.F}
\BOOKMARK [1][-]{appendix.G}{Creation of MSYS environment for compilation of Quantum GIS}{}
\BOOKMARK [2][-]{subsection.G.1}{Initial setup}{appendix.G}
\BOOKMARK [3][-]{subsubsection.G.1.1}{MSYS}{subsection.G.1}
\BOOKMARK [3][-]{subsubsection.G.1.2}{MinGW}{subsection.G.1}
\BOOKMARK [3][-]{subsubsection.G.1.3}{Flex and Bison}{subsection.G.1}
\BOOKMARK [2][-]{subsection.G.2}{Installing dependencies}{appendix.G}
\BOOKMARK [3][-]{subsubsection.G.2.1}{Getting ready}{subsection.G.2}
\BOOKMARK [3][-]{subsubsection.G.2.2}{GDAL level one}{subsection.G.2}
\BOOKMARK [3][-]{subsubsection.G.2.3}{GRASS}{subsection.G.2}
\BOOKMARK [3][-]{subsubsection.G.2.4}{GDAL level two}{subsection.G.2}
\BOOKMARK [3][-]{subsubsection.G.2.5}{GEOS}{subsection.G.2}
\BOOKMARK [3][-]{subsubsection.G.2.6}{SQLITE}{subsection.G.2}
\BOOKMARK [3][-]{subsubsection.G.2.7}{GSL}{subsection.G.2}
\BOOKMARK [3][-]{subsubsection.G.2.8}{EXPAT}{subsection.G.2}
\BOOKMARK [3][-]{subsubsection.G.2.9}{POSTGRES}{subsection.G.2}
\BOOKMARK [2][-]{subsection.G.3}{Cleanup}{appendix.G}
\BOOKMARK [1][-]{appendix.H}{Building with MS Visual Studio}{}
\BOOKMARK [2][-]{subsection.H.1}{Setup Visual Studio}{appendix.H}
\BOOKMARK [3][-]{subsubsection.H.1.1}{Express Edition}{subsection.H.1}
\BOOKMARK [3][-]{subsubsection.H.1.2}{All Editions}{subsection.H.1}
\BOOKMARK [2][-]{subsection.H.2}{Download/Install Dependencies}{appendix.H}
\BOOKMARK [3][-]{subsubsection.H.2.1}{Flex and Bison}{subsection.H.2}
\BOOKMARK [3][-]{subsubsection.H.2.2}{To include PostgreSQL support in Qt}{subsection.H.2}
\BOOKMARK [3][-]{subsubsection.H.2.3}{Qt}{subsection.H.2}
\BOOKMARK [3][-]{subsubsection.H.2.4}{Proj.4}{subsection.H.2}
\BOOKMARK [3][-]{subsubsection.H.2.5}{GSL}{subsection.H.2}
\BOOKMARK [3][-]{subsubsection.H.2.6}{GEOS}{subsection.H.2}
\BOOKMARK [3][-]{subsubsection.H.2.7}{GDAL}{subsection.H.2}
\BOOKMARK [3][-]{subsubsection.H.2.8}{PostGIS}{subsection.H.2}
\BOOKMARK [3][-]{subsubsection.H.2.9}{Expat}{subsection.H.2}
\BOOKMARK [3][-]{subsubsection.H.2.10}{CMake}{subsection.H.2}
\BOOKMARK [2][-]{subsection.H.3}{Building QGIS with CMAKE}{appendix.H}
\BOOKMARK [1][-]{appendix.I}{Building under Windows using MSVC Express}{}
\BOOKMARK [2][-]{subsection.I.1}{System preparation}{appendix.I}
\BOOKMARK [2][-]{subsection.I.2}{Install the libraries archive}{appendix.I}
\BOOKMARK [2][-]{subsection.I.3}{Install Visual Studio Express 2005}{appendix.I}
\BOOKMARK [2][-]{subsection.I.4}{Install Microsoft Platform SDK2}{appendix.I}
\BOOKMARK [2][-]{subsection.I.5}{Edit your vsvars}{appendix.I}
\BOOKMARK [2][-]{subsection.I.6}{Environment Variables}{appendix.I}
\BOOKMARK [2][-]{subsection.I.7}{Building Qt4.3.2}{appendix.I}
\BOOKMARK [3][-]{subsubsection.I.7.1}{Compile Qt}{subsection.I.7}
\BOOKMARK [3][-]{subsubsection.I.7.2}{Configure Visual C++ to use Qt}{subsection.I.7}
\BOOKMARK [2][-]{subsection.I.8}{Install Python}{appendix.I}
\BOOKMARK [2][-]{subsection.I.9}{Install SIP}{appendix.I}
\BOOKMARK [2][-]{subsection.I.10}{Install PyQt4}{appendix.I}
\BOOKMARK [2][-]{subsection.I.11}{Install CMake}{appendix.I}
\BOOKMARK [2][-]{subsection.I.12}{Install Subversion}{appendix.I}
\BOOKMARK [2][-]{subsection.I.13}{Initial SVN Check out}{appendix.I}
\BOOKMARK [2][-]{subsection.I.14}{Create Makefiles using cmakesetup.exe}{appendix.I}
\BOOKMARK [2][-]{subsection.I.15}{Running and packaging}{appendix.I}
\BOOKMARK [1][-]{appendix.J}{QGIS Coding Standards}{}
\BOOKMARK [2][-]{subsection.J.1}{Classes}{appendix.J}
\BOOKMARK [3][-]{subsubsection.J.1.1}{Names}{subsection.J.1}
\BOOKMARK [3][-]{subsubsection.J.1.2}{Members}{subsection.J.1}
\BOOKMARK [3][-]{subsubsection.J.1.3}{Accessor Functions}{subsection.J.1}
\BOOKMARK [3][-]{subsubsection.J.1.4}{Functions}{subsection.J.1}
\BOOKMARK [2][-]{subsection.J.2}{Qt Designer}{appendix.J}
\BOOKMARK [3][-]{subsubsection.J.2.1}{Generated Classes}{subsection.J.2}
\BOOKMARK [3][-]{subsubsection.J.2.2}{Dialogs}{subsection.J.2}
\BOOKMARK [2][-]{subsection.J.3}{C++ Files}{appendix.J}
\BOOKMARK [3][-]{subsubsection.J.3.1}{Names}{subsection.J.3}
\BOOKMARK [3][-]{subsubsection.J.3.2}{Standard Header and License}{subsection.J.3}
\BOOKMARK [3][-]{subsubsection.J.3.3}{CVS Keyword}{subsection.J.3}
\BOOKMARK [2][-]{subsection.J.4}{Variable Names}{appendix.J}
\BOOKMARK [2][-]{subsection.J.5}{Enumerated Types}{appendix.J}
\BOOKMARK [2][-]{subsection.J.6}{Global Constants}{appendix.J}
\BOOKMARK [2][-]{subsection.J.7}{Editing}{appendix.J}
\BOOKMARK [3][-]{subsubsection.J.7.1}{Tabs}{subsection.J.7}
\BOOKMARK [3][-]{subsubsection.J.7.2}{Indentation}{subsection.J.7}
\BOOKMARK [3][-]{subsubsection.J.7.3}{Braces}{subsection.J.7}
\BOOKMARK [2][-]{subsection.J.8}{API Compatibility}{appendix.J}
\BOOKMARK [2][-]{subsection.J.9}{Coding Style}{appendix.J}
\BOOKMARK [3][-]{subsubsection.J.9.1}{Where-ever Possible Generalize Code}{subsection.J.9}
\BOOKMARK [3][-]{subsubsection.J.9.2}{Prefer Having Constants First in Predicates}{subsection.J.9}
\BOOKMARK [3][-]{subsubsection.J.9.3}{Whitespace Can Be Your Friend}{subsection.J.9}
\BOOKMARK [3][-]{subsubsection.J.9.4}{Add Trailing Identifying Comments}{subsection.J.9}
\BOOKMARK [3][-]{subsubsection.J.9.5}{Use Braces Even for Single Line Statements}{subsection.J.9}
\BOOKMARK [3][-]{subsubsection.J.9.6}{Book recommendations}{subsection.J.9}
\BOOKMARK [1][-]{appendix.K}{SVN Access}{}
\BOOKMARK [2][-]{subsection.K.1}{Accessing the Repository}{appendix.K}
\BOOKMARK [2][-]{subsection.K.2}{Anonymous Access}{appendix.K}
\BOOKMARK [2][-]{subsection.K.3}{QGIS documentation sources}{appendix.K}
\BOOKMARK [2][-]{subsection.K.4}{Documentation}{appendix.K}
\BOOKMARK [2][-]{subsection.K.5}{Development in branches}{appendix.K}
\BOOKMARK [3][-]{subsubsection.K.5.1}{Purpose}{subsection.K.5}
\BOOKMARK [3][-]{subsubsection.K.5.2}{Procedure}{subsection.K.5}
\BOOKMARK [3][-]{subsubsection.K.5.3}{Creating a branch}{subsection.K.5}
\BOOKMARK [3][-]{subsubsection.K.5.4}{Merge regularly from trunk to branch}{subsection.K.5}
\BOOKMARK [2][-]{subsection.K.6}{Submitting Patches}{appendix.K}
\BOOKMARK [3][-]{subsubsection.K.6.1}{Patch file naming}{subsection.K.6}
\BOOKMARK [3][-]{subsubsection.K.6.2}{Create your patch in the top level QGIS source dir}{subsection.K.6}
\BOOKMARK [3][-]{subsubsection.K.6.3}{Including non version controlled files in your patch}{subsection.K.6}
\BOOKMARK [3][-]{subsubsection.K.6.4}{Getting your patch noticed}{subsection.K.6}
\BOOKMARK [3][-]{subsubsection.K.6.5}{Due Diligence}{subsection.K.6}
\BOOKMARK [2][-]{subsection.K.7}{Obtaining SVN Write Access}{appendix.K}
\BOOKMARK [3][-]{subsubsection.K.7.1}{Procedure once you have access}{subsection.K.7}
\BOOKMARK [1][-]{appendix.L}{Unit Testing}{}
\BOOKMARK [2][-]{subsection.L.1}{The QGIS testing framework - an overview}{appendix.L}
\BOOKMARK [2][-]{subsection.L.2}{Creating a unit test}{appendix.L}
\BOOKMARK [2][-]{subsection.L.3}{Adding your unit test to CMakeLists.txt}{appendix.L}
\BOOKMARK [2][-]{subsection.L.4}{Building your unit test}{appendix.L}
\BOOKMARK [2][-]{subsection.L.5}{Run your tests}{appendix.L}
\BOOKMARK [1][-]{appendix.M}{HIG \(Human Interface Guidelines\)}{}
\BOOKMARK [1][-]{appendix.N}{GNU General Public License}{}
\BOOKMARK [2][-]{subsection.N.1}{Quantum GIS Qt exception for GPL}{appendix.N}
\BOOKMARK [1][-]{subsection.N.1}{Cited literature}{}
